#
# A fatal error has been detected by the Java Runtime Environment:
#
#  EXCEPTION_ACCESS_VIOLATION (0xc0000005) at pc=0x00007ffd4a71fa2a, pid=12732, tid=13240
#
# JRE version: OpenJDK Runtime Environment Temurin-17.0.4.1+1 (17.0.4.1+1) (build 17.0.4.1+1)
# Java VM: OpenJDK 64-Bit Server VM Temurin-17.0.4.1+1 (17.0.4.1+1, mixed mode, tiered, compressed oops, compressed class ptrs, g1 gc, windows-amd64)
# Problematic frame:
# V  [jvm.dll+0x79fa2a]
#
# No core dump will be written. Minidumps are not enabled by default on client versions of Windows
#
# If you would like to submit a bug report, please visit:
#   https://github.com/adoptium/adoptium-support/issues
#

---------------  S U M M A R Y ------------

Command Line: -XX:+ShowCodeDetailsInExceptionMessages -agentlib:jdwp=transport=dt_socket,suspend=y,address=localhost:61308 -ea -javaagent:D:\Eclipse\eclipse\configuration\org.eclipse.osgi\421\0\.cp\lib\javaagent-shaded.jar -Dfile.encoding=UTF-8 org.eclipse.jdt.internal.junit.runner.RemoteTestRunner -version 3 -port 61307 -testLoaderClass org.eclipse.jdt.internal.junit5.runner.JUnit5TestLoader -loaderpluginname org.eclipse.jdt.junit5.runtime -classNames telran.util.tests.LinkedListTest

Host: AMD Ryzen 5 5500U with Radeon Graphics         , 12 cores, 13G,  Windows 10 , 64 bit Build 19041 (10.0.19041.2364)
Time: Tue Jan  3 16:41:13 2023  Windows 10 , 64 bit Build 19041 (10.0.19041.2364) elapsed time: 239.005071 seconds (0d 0h 3m 59s)

---------------  T H R E A D  ---------------

Current thread (0x00000162507a5080):  JavaThread "JDWP Transport Listener: dt_socket" daemon [_thread_in_vm, id=13240, stack(0x0000001caf300000,0x0000001caf400000)]

Stack: [0x0000001caf300000,0x0000001caf400000],  sp=0x0000001caf3ff920,  free space=1022k
Native frames: (J=compiled Java code, j=interpreted, Vv=VM code, C=native code)
V  [jvm.dll+0x79fa2a]
V  [jvm.dll+0x50965c]
V  [jvm.dll+0x4d0cc4]
C  [jdwp.dll+0x22f7b]


siginfo: EXCEPTION_ACCESS_VIOLATION (0xc0000005), reading address 0x000000000089000a


Register to memory mapping:

RIP=0x00007ffd4a71fa2a jvm.dll
RAX=0x0000000000000088 is an unknown value
RBX=0x0000016250494ca9 points into unknown readable memory: 74 24 4e 6f 64 65 3b
RCX=0x0000000000890006 is an unknown value
RDX=0x00000162506cd5c0 points into unknown readable memory: 0x2f6e61726c65744c | 4c 74 65 6c 72 61 6e 2f
RSP=0x0000001caf3ff920 is pointing into the stack for thread: 0x00000162507a5080
RBP=0x00000162506dd630 points into unknown readable memory: 0x0000001700000002 | 02 00 00 00 17 00 00 00
RSI=0x0 is NULL
RDI=0xffffffffffffffff is an unknown value
R8 =0x000000000000000c is an unknown value
R9 =0x0000000000000013 is an unknown value
R10=0x0 is NULL
R11=0x0000001caf3ff940 is pointing into the stack for thread: 0x00000162507a5080
R12=0x0000001caf3ffa78 is pointing into the stack for thread: 0x00000162507a5080
R13=0x0 is NULL
R14=0x0000000800196ae0 is a pointer to class: 
telran.util.LinkedList {0x0000000800196ae8}
 - instance size:     3
 - klass size:        114
 - access:            public synchronized 
 - state:             fully_initialized
 - name:              'telran/util/LinkedList'
 - super:             'java/lang/Object'
 - sub:               
 - arrays:            NULL
 - methods:           Array<T>(0x000001625189d910)
 - method ordering:   Array<T>(0x000001625189ea80)
 - default_methods:   Array<T>(0x000001625188bee0)
 - default vtable indices:   Array<T>(0x000001625188bf00)
 - local interfaces:  Array<T>(0x000001625188ad00)
 - trans. interfaces: Array<T>(0x000001625188be68)
 - constants:         constant pool [144] {0x000001625189f608} for 'telran/util/LinkedList' cache=0x000001625189fb08
 - class loader data:  loader data: 0x0000016250625960 for instance a 'jdk/internal/loader/ClassLoaders$AppClassLoader'{0x000000072e800000}
 - source file:       'LinkedList.java'
 - source debug extension:       SMAP
LinkedList.java
Java
*S jdt
*F
1 LinkedList.java
2 file:/D:/Tel_Ran/oop-introduction/bin/
*L
*E

 - class annotations:       Array<T>(0x0000000000000000)
 - class type annotations:  Array<T>(0x0000000000000000)
 - field annotations:       Array<T>(0x0000000000000000)
 - field type annotations:  Array<T>(0x0000000000000000)
 - previous version:  constant pool [142] {0x000001625188a810} for 'telran/util/LinkedList' (extra) cache=0x000001625188bff8
 - generic signature: '
[error occurred during error reporting (printing register info), id 0xc0000005, EXCEPTION_ACCESS_VIOLATION (0xc0000005) at pc=0x00007ffd4a720636]

Registers:
RAX=0x0000000000000088, RBX=0x0000016250494ca9, RCX=0x0000000000890006, RDX=0x00000162506cd5c0
RSP=0x0000001caf3ff920, RBP=0x00000162506dd630, RSI=0x0000000000000000, RDI=0xffffffffffffffff
R8 =0x000000000000000c, R9 =0x0000000000000013, R10=0x0000000000000000, R11=0x0000001caf3ff940
R12=0x0000001caf3ffa78, R13=0x0000000000000000, R14=0x0000000800196ae0, R15=0x0000001caf3ffac8
RIP=0x00007ffd4a71fa2a, EFLAGS=0x0000000000010202

Top of Stack: (sp=0x0000001caf3ff920)
0x0000001caf3ff920:   0000000000000016 0000000800196ae0
0x0000001caf3ff930:   00000162507a5080 0000000000000000
0x0000001caf3ff940:   ffffffffffffffff 00007ffd4a48965c
0x0000001caf3ff950:   0000016250494ca9 0000016250494c90
0x0000001caf3ff960:   00000162506dd630 00000162506b61e0
0x0000001caf3ff970:   0000016250494c60 00000000000003d8
0x0000001caf3ff980:   0000016250494c70 0000016250495048
0x0000001caf3ff990:   0000000000000002 0000001caf3ffa78
0x0000001caf3ff9a0:   0000000000000000 0000000000000000
0x0000001caf3ff9b0:   000000072f0d8438 00007ffd4a450cc4
0x0000001caf3ff9c0:   00000162507a5080 0000001caf3ffac8
0x0000001caf3ff9d0:   0000016231dd02d0 0000001caf3ffac8
0x0000001caf3ff9e0:   00000162507a5080 0000000000000000
0x0000001caf3ff9f0:   0000016200000000 0000000000000000
0x0000001caf3ffa00:   000000000000000d 00007ffd79302f7b
0x0000001caf3ffa10:   0000001caf3ffac0 00007ffd79311600 

Instructions: (pc=0x00007ffd4a71fa2a)
0x00007ffd4a71f92a:   48 83 c4 20 5f e9 bc 69 90 ff cc cc cc cc cc cc
0x00007ffd4a71f93a:   cc cc cc cc cc cc 48 89 5c 24 08 57 48 83 ec 20
0x00007ffd4a71f94a:   83 fa 02 8d 42 06 b9 08 00 00 00 49 8b d8 0f 4e
0x00007ffd4a71f95a:   c1 48 63 c8 48 83 c1 07 83 e1 f8 48 63 f9 49 8b
0x00007ffd4a71f96a:   48 18 48 8b c7 48 f7 d0 48 3b c1 73 16 4c 8d 05
0x00007ffd4a71f97a:   ba 58 17 00 48 8b d7 48 8b cb e8 c7 cc 90 ff 48
0x00007ffd4a71f98a:   8b 4b 18 48 8d 04 39 48 3b 43 20 76 18 45 33 c0
0x00007ffd4a71f99a:   48 8b d7 48 8b cb 48 8b 5c 24 30 48 83 c4 20 5f
0x00007ffd4a71f9aa:   e9 21 c9 90 ff 48 89 43 18 48 8b c1 48 8b 5c 24
0x00007ffd4a71f9ba:   30 48 83 c4 20 5f c3 cc cc cc cc cc cc cc cc cc
0x00007ffd4a71f9ca:   cc cc cc cc cc cc 4c 8b d2 4c 8b d9 45 85 c0 7e
0x00007ffd4a71f9da:   3c 44 0f b7 49 04 41 8d 40 ff 41 3b c1 44 0f 4c
0x00007ffd4a71f9ea:   c8 4d 63 c1 45 85 c9 7e 1f 48 8b c2 4c 2b da 49
0x00007ffd4a71f9fa:   8b d0 0f 1f 40 00 41 0f b6 4c 03 06 88 08 48 8d
0x00007ffd4a71fa0a:   40 01 48 83 ea 01 75 ee 43 c6 04 10 00 49 8b c2
0x00007ffd4a71fa1a:   c3 cc cc cc cc cc 48 89 5c 24 08 57 48 83 ec 20
0x00007ffd4a71fa2a:   0f b7 59 04 48 8b f9 33 d2 48 8d 4b 01 e8 f4 d9
0x00007ffd4a71fa3a:   f2 ff 0f b7 57 04 4c 8b c0 3b da 0f 42 d3 44 8b
0x00007ffd4a71fa4a:   ca 85 d2 74 39 48 2b f8 0f 1f 40 00 66 66 0f 1f
0x00007ffd4a71fa5a:   84 00 00 00 00 00 0f b6 4c 07 06 88 08 48 ff c0
0x00007ffd4a71fa6a:   48 8b c8 49 2b c8 49 3b c9 7c eb 42 c6 04 02 00
0x00007ffd4a71fa7a:   49 8b c0 48 8b 5c 24 30 48 83 c4 20 5f c3 48 8b
0x00007ffd4a71fa8a:   5c 24 30 c6 04 02 00 48 83 c4 20 5f c3 cc cc cc
0x00007ffd4a71fa9a:   cc cc cc cc cc cc 4c 8b d1 45 85 c0 7e 6c 44 0f
0x00007ffd4a71faaa:   b7 49 04 41 8d 40 ff 41 3b c1 44 0f 4c c8 4d 63
0x00007ffd4a71faba:   d9 45 85 c9 7e 22 48 8b ca 4c 2b d2 4d 8b c3 0f
0x00007ffd4a71faca:   1f 80 00 00 00 00 41 0f b6 44 0a 06 88 01 48 8d
0x00007ffd4a71fada:   49 01 49 83 e8 01 75 ee 41 c6 04 13 00 48 c7 c0
0x00007ffd4a71faea:   ff ff ff ff 66 90 48 ff c0 80 3c 02 00 75 f7 48
0x00007ffd4a71fafa:   63 c8 85 c0 48 8b c2 7e 14 80 38 2f 75 03 c6 00
0x00007ffd4a71fb0a:   2e 48 ff c0 48 83 e9 01 75 ef 48 8b c2 c3 cc cc
0x00007ffd4a71fb1a:   cc cc cc cc cc cc 48 83 ec 28 e8 f7 fe ff ff 4c 


Stack slot to memory mapping:
stack at sp + 0 slots: 0x0000000000000016 is an unknown value
stack at sp + 1 slots: 0x0000000800196ae0 is a pointer to class: 
telran.util.LinkedList {0x0000000800196ae8}
 - instance size:     3
 - klass size:        114
 - access:            public synchronized 
 - state:             fully_initialized
 - name:              'telran/util/LinkedList'
 - super:             'java/lang/Object'
 - sub:               
 - arrays:            NULL
 - methods:           Array<T>(0x000001625189d910)
 - method ordering:   Array<T>(0x000001625189ea80)
 - default_methods:   Array<T>(0x000001625188bee0)
 - default vtable indices:   Array<T>(0x000001625188bf00)
 - local interfaces:  Array<T>(0x000001625188ad00)
 - trans. interfaces: Array<T>(0x000001625188be68)
 - constants:         constant pool [144] {0x000001625189f608} for 'telran/util/LinkedList' cache=0x000001625189fb08
 - class loader data:  loader data: 0x0000016250625960 for instance a 'jdk/internal/loader/ClassLoaders$AppClassLoader'{0x000000072e800000}
 - source file:       'LinkedList.java'
 - source debug extension:       SMAP
LinkedList.java
Java
*S jdt
*F
1 LinkedList.java
2 file:/D:/Tel_Ran/oop-introduction/bin/
*L
*E

 - class annotations:       Array<T>(0x0000000000000000)
 - class type annotations:  Array<T>(0x0000000000000000)
 - field annotations:       Array<T>(0x0000000000000000)
 - field type annotations:  Array<T>(0x0000000000000000)
 - previous version:  constant pool [142] {0x000001625188a810} for 'telran/util/LinkedList' (extra) cache=0x000001625188bff8
 - generic signature: '
[error occurred during error reporting (inspecting top of stack), id 0xc0000005, EXCEPTION_ACCESS_VIOLATION (0xc0000005) at pc=0x00007ffd4a720636]


---------------  P R O C E S S  ---------------

Threads class SMR info:
_java_thread_list=0x0000016251302f70, length=16, elements={
0x0000016231de1de0, 0x000001624fa60aa0, 0x0000016250437aa0, 0x000001625044e9c0,
0x000001625044f280, 0x000001625044fb40, 0x0000016250451430, 0x0000016250483820,
0x0000016250485390, 0x0000016250494730, 0x000001625055fc20, 0x00000162507a5080,
0x000001625076d340, 0x000001625076de20, 0x0000016250c8d7a0, 0x0000016250fd8580
}

Java Threads: ( => current thread )
  0x0000016231de1de0 JavaThread "main" [_thread_blocked, id=11936, stack(0x0000001cae100000,0x0000001cae200000)]
  0x000001624fa60aa0 JavaThread "Reference Handler" daemon [_thread_blocked, id=9940, stack(0x0000001cae800000,0x0000001cae900000)]
  0x0000016250437aa0 JavaThread "Finalizer" daemon [_thread_blocked, id=11988, stack(0x0000001cae900000,0x0000001caea00000)]
  0x000001625044e9c0 JavaThread "Signal Dispatcher" daemon [_thread_blocked, id=3560, stack(0x0000001caea00000,0x0000001caeb00000)]
  0x000001625044f280 JavaThread "Attach Listener" daemon [_thread_blocked, id=9952, stack(0x0000001caeb00000,0x0000001caec00000)]
  0x000001625044fb40 JavaThread "Service Thread" daemon [_thread_blocked, id=11776, stack(0x0000001caec00000,0x0000001caed00000)]
  0x0000016250451430 JavaThread "Monitor Deflation Thread" daemon [_thread_blocked, id=11904, stack(0x0000001caed00000,0x0000001caee00000)]
  0x0000016250483820 JavaThread "C2 CompilerThread0" daemon [_thread_blocked, id=7124, stack(0x0000001caee00000,0x0000001caef00000)]
  0x0000016250485390 JavaThread "C1 CompilerThread0" daemon [_thread_blocked, id=9816, stack(0x0000001caef00000,0x0000001caf000000)]
  0x0000016250494730 JavaThread "Sweeper thread" daemon [_thread_blocked, id=11148, stack(0x0000001caf000000,0x0000001caf100000)]
  0x000001625055fc20 JavaThread "Common-Cleaner" daemon [_thread_blocked, id=11592, stack(0x0000001caf100000,0x0000001caf200000)]
=>0x00000162507a5080 JavaThread "JDWP Transport Listener: dt_socket" daemon [_thread_in_vm, id=13240, stack(0x0000001caf300000,0x0000001caf400000)]
  0x000001625076d340 JavaThread "JDWP Event Helper Thread" daemon [_thread_blocked, id=5772, stack(0x0000001caf400000,0x0000001caf500000)]
  0x000001625076de20 JavaThread "JDWP Command Reader" daemon [_thread_in_native, id=13692, stack(0x0000001caf500000,0x0000001caf600000)]
  0x0000016250c8d7a0 JavaThread "Notification Thread" daemon [_thread_blocked, id=6284, stack(0x0000001caf200000,0x0000001caf300000)]
  0x0000016250fd8580 JavaThread "ReaderThread" [_thread_in_native, id=13500, stack(0x0000001caf700000,0x0000001caf800000)]

Other Threads:
  0x000001624fa4d190 VMThread "VM Thread" [stack: 0x0000001cae700000,0x0000001cae800000] [id=16052]
  0x0000016231e61d00 WatcherThread [stack: 0x0000001caf600000,0x0000001caf700000] [id=4620]
  0x0000016231e46920 GCTaskThread "GC Thread#0" [stack: 0x0000001cae200000,0x0000001cae300000] [id=9644]
  0x000001625123b6f0 GCTaskThread "GC Thread#1" [stack: 0x0000001caf800000,0x0000001caf900000] [id=14728]
  0x000001625123b9a0 GCTaskThread "GC Thread#2" [stack: 0x0000001caf900000,0x0000001cafa00000] [id=2068]
  0x000001625123bc50 GCTaskThread "GC Thread#3" [stack: 0x0000001cafa00000,0x0000001cafb00000] [id=7676]
  0x00000162512a8d90 GCTaskThread "GC Thread#4" [stack: 0x0000001cafb00000,0x0000001cafc00000] [id=5348]
  0x00000162512d4cf0 GCTaskThread "GC Thread#5" [stack: 0x0000001cafc00000,0x0000001cafd00000] [id=3792]
  0x00000162512d4fa0 GCTaskThread "GC Thread#6" [stack: 0x0000001cafd00000,0x0000001cafe00000] [id=4888]
  0x00000162512d5660 GCTaskThread "GC Thread#7" [stack: 0x0000001cafe00000,0x0000001caff00000] [id=8384]
  0x0000016231e55e40 ConcurrentGCThread "G1 Main Marker" [stack: 0x0000001cae300000,0x0000001cae400000] [id=5992]
  0x0000016231e56ff0 ConcurrentGCThread "G1 Conc#0" [stack: 0x0000001cae400000,0x0000001cae500000] [id=10436]
  0x0000016231eb5a70 ConcurrentGCThread "G1 Refine#0" [stack: 0x0000001cae500000,0x0000001cae600000] [id=12900]
  0x000001624f8d24b0 ConcurrentGCThread "G1 Service" [stack: 0x0000001cae600000,0x0000001cae700000] [id=2252]

Threads with active compile tasks:

VM state: not at safepoint (normal execution)

VM Mutex/Monitor currently owned by a thread: None

Heap address: 0x0000000722200000, size: 3550 MB, Compressed Oops mode: Zero based, Oop shift amount: 3

CDS archive(s) not mapped
Compressed class space mapped at: 0x0000000800000000-0x0000000840000000, reserved size: 1073741824
Narrow klass base: 0x0000000800000000, Narrow klass shift: 0, Narrow klass range: 0x40000000

GC Precious Log:
 CPUs: 12 total, 12 available
 Memory: 14197M
 Large Page Support: Disabled
 NUMA Support: Disabled
 Compressed Oops: Enabled (Zero based)
 Heap Region Size: 2M
 Heap Min Capacity: 8M
 Heap Initial Capacity: 222M
 Heap Max Capacity: 3550M
 Pre-touch: Disabled
 Parallel Workers: 10
 Concurrent Workers: 3
 Concurrent Refinement Workers: 10
 Periodic GC: Disabled

Heap:
 garbage-first heap   total 227328K, used 18816K [0x0000000722200000, 0x0000000800000000)
  region size 2048K, 11 young (22528K), 2 survivors (4096K)
 Metaspace       used 14874K, committed 15040K, reserved 1064960K
  class space    used 1535K, committed 1600K, reserved 1048576K

Heap Regions: E=young(eden), S=young(survivor), O=old, HS=humongous(starts), HC=humongous(continues), CS=collection set, F=free, OA=open archive, CA=closed archive, TAMS=top-at-mark-start (previous, next)
|   0|0x0000000722200000, 0x0000000722200000, 0x0000000722400000|  0%| F|  |TAMS 0x0000000722200000, 0x0000000722200000| Untracked 
|   1|0x0000000722400000, 0x0000000722400000, 0x0000000722600000|  0%| F|  |TAMS 0x0000000722400000, 0x0000000722400000| Untracked 
|   2|0x0000000722600000, 0x0000000722600000, 0x0000000722800000|  0%| F|  |TAMS 0x0000000722600000, 0x0000000722600000| Untracked 
|   3|0x0000000722800000, 0x0000000722800000, 0x0000000722a00000|  0%| F|  |TAMS 0x0000000722800000, 0x0000000722800000| Untracked 
|   4|0x0000000722a00000, 0x0000000722a00000, 0x0000000722c00000|  0%| F|  |TAMS 0x0000000722a00000, 0x0000000722a00000| Untracked 
|   5|0x0000000722c00000, 0x0000000722c00000, 0x0000000722e00000|  0%| F|  |TAMS 0x0000000722c00000, 0x0000000722c00000| Untracked 
|   6|0x0000000722e00000, 0x0000000722e00000, 0x0000000723000000|  0%| F|  |TAMS 0x0000000722e00000, 0x0000000722e00000| Untracked 
|   7|0x0000000723000000, 0x0000000723000000, 0x0000000723200000|  0%| F|  |TAMS 0x0000000723000000, 0x0000000723000000| Untracked 
|   8|0x0000000723200000, 0x0000000723200000, 0x0000000723400000|  0%| F|  |TAMS 0x0000000723200000, 0x0000000723200000| Untracked 
|   9|0x0000000723400000, 0x0000000723400000, 0x0000000723600000|  0%| F|  |TAMS 0x0000000723400000, 0x0000000723400000| Untracked 
|  10|0x0000000723600000, 0x0000000723600000, 0x0000000723800000|  0%| F|  |TAMS 0x0000000723600000, 0x0000000723600000| Untracked 
|  11|0x0000000723800000, 0x0000000723800000, 0x0000000723a00000|  0%| F|  |TAMS 0x0000000723800000, 0x0000000723800000| Untracked 
|  12|0x0000000723a00000, 0x0000000723a00000, 0x0000000723c00000|  0%| F|  |TAMS 0x0000000723a00000, 0x0000000723a00000| Untracked 
|  13|0x0000000723c00000, 0x0000000723c00000, 0x0000000723e00000|  0%| F|  |TAMS 0x0000000723c00000, 0x0000000723c00000| Untracked 
|  14|0x0000000723e00000, 0x0000000723e00000, 0x0000000724000000|  0%| F|  |TAMS 0x0000000723e00000, 0x0000000723e00000| Untracked 
|  15|0x0000000724000000, 0x0000000724000000, 0x0000000724200000|  0%| F|  |TAMS 0x0000000724000000, 0x0000000724000000| Untracked 
|  16|0x0000000724200000, 0x0000000724200000, 0x0000000724400000|  0%| F|  |TAMS 0x0000000724200000, 0x0000000724200000| Untracked 
|  17|0x0000000724400000, 0x0000000724400000, 0x0000000724600000|  0%| F|  |TAMS 0x0000000724400000, 0x0000000724400000| Untracked 
|  18|0x0000000724600000, 0x0000000724600000, 0x0000000724800000|  0%| F|  |TAMS 0x0000000724600000, 0x0000000724600000| Untracked 
|  19|0x0000000724800000, 0x0000000724800000, 0x0000000724a00000|  0%| F|  |TAMS 0x0000000724800000, 0x0000000724800000| Untracked 
|  20|0x0000000724a00000, 0x0000000724a00000, 0x0000000724c00000|  0%| F|  |TAMS 0x0000000724a00000, 0x0000000724a00000| Untracked 
|  21|0x0000000724c00000, 0x0000000724c00000, 0x0000000724e00000|  0%| F|  |TAMS 0x0000000724c00000, 0x0000000724c00000| Untracked 
|  22|0x0000000724e00000, 0x0000000724e00000, 0x0000000725000000|  0%| F|  |TAMS 0x0000000724e00000, 0x0000000724e00000| Untracked 
|  23|0x0000000725000000, 0x0000000725000000, 0x0000000725200000|  0%| F|  |TAMS 0x0000000725000000, 0x0000000725000000| Untracked 
|  24|0x0000000725200000, 0x0000000725200000, 0x0000000725400000|  0%| F|  |TAMS 0x0000000725200000, 0x0000000725200000| Untracked 
|  25|0x0000000725400000, 0x0000000725400000, 0x0000000725600000|  0%| F|  |TAMS 0x0000000725400000, 0x0000000725400000| Untracked 
|  26|0x0000000725600000, 0x0000000725600000, 0x0000000725800000|  0%| F|  |TAMS 0x0000000725600000, 0x0000000725600000| Untracked 
|  27|0x0000000725800000, 0x0000000725800000, 0x0000000725a00000|  0%| F|  |TAMS 0x0000000725800000, 0x0000000725800000| Untracked 
|  28|0x0000000725a00000, 0x0000000725a00000, 0x0000000725c00000|  0%| F|  |TAMS 0x0000000725a00000, 0x0000000725a00000| Untracked 
|  29|0x0000000725c00000, 0x0000000725c00000, 0x0000000725e00000|  0%| F|  |TAMS 0x0000000725c00000, 0x0000000725c00000| Untracked 
|  30|0x0000000725e00000, 0x0000000725e00000, 0x0000000726000000|  0%| F|  |TAMS 0x0000000725e00000, 0x0000000725e00000| Untracked 
|  31|0x0000000726000000, 0x0000000726000000, 0x0000000726200000|  0%| F|  |TAMS 0x0000000726000000, 0x0000000726000000| Untracked 
|  32|0x0000000726200000, 0x0000000726200000, 0x0000000726400000|  0%| F|  |TAMS 0x0000000726200000, 0x0000000726200000| Untracked 
|  33|0x0000000726400000, 0x0000000726400000, 0x0000000726600000|  0%| F|  |TAMS 0x0000000726400000, 0x0000000726400000| Untracked 
|  34|0x0000000726600000, 0x0000000726600000, 0x0000000726800000|  0%| F|  |TAMS 0x0000000726600000, 0x0000000726600000| Untracked 
|  35|0x0000000726800000, 0x0000000726800000, 0x0000000726a00000|  0%| F|  |TAMS 0x0000000726800000, 0x0000000726800000| Untracked 
|  36|0x0000000726a00000, 0x0000000726a00000, 0x0000000726c00000|  0%| F|  |TAMS 0x0000000726a00000, 0x0000000726a00000| Untracked 
|  37|0x0000000726c00000, 0x0000000726c00000, 0x0000000726e00000|  0%| F|  |TAMS 0x0000000726c00000, 0x0000000726c00000| Untracked 
|  38|0x0000000726e00000, 0x0000000726e00000, 0x0000000727000000|  0%| F|  |TAMS 0x0000000726e00000, 0x0000000726e00000| Untracked 
|  39|0x0000000727000000, 0x0000000727000000, 0x0000000727200000|  0%| F|  |TAMS 0x0000000727000000, 0x0000000727000000| Untracked 
|  40|0x0000000727200000, 0x0000000727200000, 0x0000000727400000|  0%| F|  |TAMS 0x0000000727200000, 0x0000000727200000| Untracked 
|  41|0x0000000727400000, 0x0000000727400000, 0x0000000727600000|  0%| F|  |TAMS 0x0000000727400000, 0x0000000727400000| Untracked 
|  42|0x0000000727600000, 0x0000000727600000, 0x0000000727800000|  0%| F|  |TAMS 0x0000000727600000, 0x0000000727600000| Untracked 
|  43|0x0000000727800000, 0x0000000727800000, 0x0000000727a00000|  0%| F|  |TAMS 0x0000000727800000, 0x0000000727800000| Untracked 
|  44|0x0000000727a00000, 0x0000000727a00000, 0x0000000727c00000|  0%| F|  |TAMS 0x0000000727a00000, 0x0000000727a00000| Untracked 
|  45|0x0000000727c00000, 0x0000000727c00000, 0x0000000727e00000|  0%| F|  |TAMS 0x0000000727c00000, 0x0000000727c00000| Untracked 
|  46|0x0000000727e00000, 0x0000000727e00000, 0x0000000728000000|  0%| F|  |TAMS 0x0000000727e00000, 0x0000000727e00000| Untracked 
|  47|0x0000000728000000, 0x0000000728000000, 0x0000000728200000|  0%| F|  |TAMS 0x0000000728000000, 0x0000000728000000| Untracked 
|  48|0x0000000728200000, 0x0000000728200000, 0x0000000728400000|  0%| F|  |TAMS 0x0000000728200000, 0x0000000728200000| Untracked 
|  49|0x0000000728400000, 0x0000000728400000, 0x0000000728600000|  0%| F|  |TAMS 0x0000000728400000, 0x0000000728400000| Untracked 
|  50|0x0000000728600000, 0x0000000728600000, 0x0000000728800000|  0%| F|  |TAMS 0x0000000728600000, 0x0000000728600000| Untracked 
|  51|0x0000000728800000, 0x0000000728800000, 0x0000000728a00000|  0%| F|  |TAMS 0x0000000728800000, 0x0000000728800000| Untracked 
|  52|0x0000000728a00000, 0x0000000728a00000, 0x0000000728c00000|  0%| F|  |TAMS 0x0000000728a00000, 0x0000000728a00000| Untracked 
|  53|0x0000000728c00000, 0x0000000728c00000, 0x0000000728e00000|  0%| F|  |TAMS 0x0000000728c00000, 0x0000000728c00000| Untracked 
|  54|0x0000000728e00000, 0x0000000728e00000, 0x0000000729000000|  0%| F|  |TAMS 0x0000000728e00000, 0x0000000728e00000| Untracked 
|  55|0x0000000729000000, 0x0000000729000000, 0x0000000729200000|  0%| F|  |TAMS 0x0000000729000000, 0x0000000729000000| Untracked 
|  56|0x0000000729200000, 0x0000000729200000, 0x0000000729400000|  0%| F|  |TAMS 0x0000000729200000, 0x0000000729200000| Untracked 
|  57|0x0000000729400000, 0x0000000729400000, 0x0000000729600000|  0%| F|  |TAMS 0x0000000729400000, 0x0000000729400000| Untracked 
|  58|0x0000000729600000, 0x0000000729600000, 0x0000000729800000|  0%| F|  |TAMS 0x0000000729600000, 0x0000000729600000| Untracked 
|  59|0x0000000729800000, 0x0000000729800000, 0x0000000729a00000|  0%| F|  |TAMS 0x0000000729800000, 0x0000000729800000| Untracked 
|  60|0x0000000729a00000, 0x0000000729a00000, 0x0000000729c00000|  0%| F|  |TAMS 0x0000000729a00000, 0x0000000729a00000| Untracked 
|  61|0x0000000729c00000, 0x0000000729c00000, 0x0000000729e00000|  0%| F|  |TAMS 0x0000000729c00000, 0x0000000729c00000| Untracked 
|  62|0x0000000729e00000, 0x0000000729e00000, 0x000000072a000000|  0%| F|  |TAMS 0x0000000729e00000, 0x0000000729e00000| Untracked 
|  63|0x000000072a000000, 0x000000072a000000, 0x000000072a200000|  0%| F|  |TAMS 0x000000072a000000, 0x000000072a000000| Untracked 
|  64|0x000000072a200000, 0x000000072a200000, 0x000000072a400000|  0%| F|  |TAMS 0x000000072a200000, 0x000000072a200000| Untracked 
|  65|0x000000072a400000, 0x000000072a400000, 0x000000072a600000|  0%| F|  |TAMS 0x000000072a400000, 0x000000072a400000| Untracked 
|  66|0x000000072a600000, 0x000000072a600000, 0x000000072a800000|  0%| F|  |TAMS 0x000000072a600000, 0x000000072a600000| Untracked 
|  67|0x000000072a800000, 0x000000072a800000, 0x000000072aa00000|  0%| F|  |TAMS 0x000000072a800000, 0x000000072a800000| Untracked 
|  68|0x000000072aa00000, 0x000000072aa00000, 0x000000072ac00000|  0%| F|  |TAMS 0x000000072aa00000, 0x000000072aa00000| Untracked 
|  69|0x000000072ac00000, 0x000000072ac00000, 0x000000072ae00000|  0%| F|  |TAMS 0x000000072ac00000, 0x000000072ac00000| Untracked 
|  70|0x000000072ae00000, 0x000000072ae00000, 0x000000072b000000|  0%| F|  |TAMS 0x000000072ae00000, 0x000000072ae00000| Untracked 
|  71|0x000000072b000000, 0x000000072b000000, 0x000000072b200000|  0%| F|  |TAMS 0x000000072b000000, 0x000000072b000000| Untracked 
|  72|0x000000072b200000, 0x000000072b200000, 0x000000072b400000|  0%| F|  |TAMS 0x000000072b200000, 0x000000072b200000| Untracked 
|  73|0x000000072b400000, 0x000000072b400000, 0x000000072b600000|  0%| F|  |TAMS 0x000000072b400000, 0x000000072b400000| Untracked 
|  74|0x000000072b600000, 0x000000072b600000, 0x000000072b800000|  0%| F|  |TAMS 0x000000072b600000, 0x000000072b600000| Untracked 
|  75|0x000000072b800000, 0x000000072b800000, 0x000000072ba00000|  0%| F|  |TAMS 0x000000072b800000, 0x000000072b800000| Untracked 
|  76|0x000000072ba00000, 0x000000072ba00000, 0x000000072bc00000|  0%| F|  |TAMS 0x000000072ba00000, 0x000000072ba00000| Untracked 
|  77|0x000000072bc00000, 0x000000072bc00000, 0x000000072be00000|  0%| F|  |TAMS 0x000000072bc00000, 0x000000072bc00000| Untracked 
|  78|0x000000072be00000, 0x000000072be00000, 0x000000072c000000|  0%| F|  |TAMS 0x000000072be00000, 0x000000072be00000| Untracked 
|  79|0x000000072c000000, 0x000000072c000000, 0x000000072c200000|  0%| F|  |TAMS 0x000000072c000000, 0x000000072c000000| Untracked 
|  80|0x000000072c200000, 0x000000072c200000, 0x000000072c400000|  0%| F|  |TAMS 0x000000072c200000, 0x000000072c200000| Untracked 
|  81|0x000000072c400000, 0x000000072c400000, 0x000000072c600000|  0%| F|  |TAMS 0x000000072c400000, 0x000000072c400000| Untracked 
|  82|0x000000072c600000, 0x000000072c600000, 0x000000072c800000|  0%| F|  |TAMS 0x000000072c600000, 0x000000072c600000| Untracked 
|  83|0x000000072c800000, 0x000000072c800000, 0x000000072ca00000|  0%| F|  |TAMS 0x000000072c800000, 0x000000072c800000| Untracked 
|  84|0x000000072ca00000, 0x000000072ca00000, 0x000000072cc00000|  0%| F|  |TAMS 0x000000072ca00000, 0x000000072ca00000| Untracked 
|  85|0x000000072cc00000, 0x000000072cc00000, 0x000000072ce00000|  0%| F|  |TAMS 0x000000072cc00000, 0x000000072cc00000| Untracked 
|  86|0x000000072ce00000, 0x000000072ce00000, 0x000000072d000000|  0%| F|  |TAMS 0x000000072ce00000, 0x000000072ce00000| Untracked 
|  87|0x000000072d000000, 0x000000072d000000, 0x000000072d200000|  0%| F|  |TAMS 0x000000072d000000, 0x000000072d000000| Untracked 
|  88|0x000000072d200000, 0x000000072d200000, 0x000000072d400000|  0%| F|  |TAMS 0x000000072d200000, 0x000000072d200000| Untracked 
|  89|0x000000072d400000, 0x000000072d400000, 0x000000072d600000|  0%| F|  |TAMS 0x000000072d400000, 0x000000072d400000| Untracked 
|  90|0x000000072d600000, 0x000000072d600000, 0x000000072d800000|  0%| F|  |TAMS 0x000000072d600000, 0x000000072d600000| Untracked 
|  91|0x000000072d800000, 0x000000072d800000, 0x000000072da00000|  0%| F|  |TAMS 0x000000072d800000, 0x000000072d800000| Untracked 
|  92|0x000000072da00000, 0x000000072da00000, 0x000000072dc00000|  0%| F|  |TAMS 0x000000072da00000, 0x000000072da00000| Untracked 
|  93|0x000000072dc00000, 0x000000072dc00000, 0x000000072de00000|  0%| F|  |TAMS 0x000000072dc00000, 0x000000072dc00000| Untracked 
|  94|0x000000072de00000, 0x000000072de00000, 0x000000072e000000|  0%| F|  |TAMS 0x000000072de00000, 0x000000072de00000| Untracked 
|  95|0x000000072e000000, 0x000000072e000000, 0x000000072e200000|  0%| F|  |TAMS 0x000000072e000000, 0x000000072e000000| Untracked 
|  96|0x000000072e200000, 0x000000072e200000, 0x000000072e400000|  0%| F|  |TAMS 0x000000072e200000, 0x000000072e200000| Untracked 
|  97|0x000000072e400000, 0x000000072e400000, 0x000000072e600000|  0%| F|  |TAMS 0x000000072e400000, 0x000000072e400000| Untracked 
|  98|0x000000072e600000, 0x000000072e660000, 0x000000072e800000| 18%| S|CS|TAMS 0x000000072e600000, 0x000000072e600000| Complete 
|  99|0x000000072e800000, 0x000000072ea00000, 0x000000072ea00000|100%| S|CS|TAMS 0x000000072e800000, 0x000000072e800000| Complete 
| 100|0x000000072ea00000, 0x000000072ea00000, 0x000000072ec00000|  0%| F|  |TAMS 0x000000072ea00000, 0x000000072ea00000| Untracked 
| 101|0x000000072ec00000, 0x000000072ec00000, 0x000000072ee00000|  0%| F|  |TAMS 0x000000072ec00000, 0x000000072ec00000| Untracked 
| 102|0x000000072ee00000, 0x000000072ee62f88, 0x000000072f000000| 19%| E|  |TAMS 0x000000072ee00000, 0x000000072ee00000| Complete 
| 103|0x000000072f000000, 0x000000072f200000, 0x000000072f200000|100%| E|CS|TAMS 0x000000072f000000, 0x000000072f000000| Complete 
| 104|0x000000072f200000, 0x000000072f400000, 0x000000072f400000|100%| E|CS|TAMS 0x000000072f200000, 0x000000072f200000| Complete 
| 105|0x000000072f400000, 0x000000072f600000, 0x000000072f600000|100%| E|CS|TAMS 0x000000072f400000, 0x000000072f400000| Complete 
| 106|0x000000072f600000, 0x000000072f800000, 0x000000072f800000|100%| E|CS|TAMS 0x000000072f600000, 0x000000072f600000| Complete 
| 107|0x000000072f800000, 0x000000072fa00000, 0x000000072fa00000|100%| E|CS|TAMS 0x000000072f800000, 0x000000072f800000| Complete 
| 108|0x000000072fa00000, 0x000000072fc00000, 0x000000072fc00000|100%| E|CS|TAMS 0x000000072fa00000, 0x000000072fa00000| Complete 
| 109|0x000000072fc00000, 0x000000072fe00000, 0x000000072fe00000|100%| E|CS|TAMS 0x000000072fc00000, 0x000000072fc00000| Complete 
| 110|0x000000072fe00000, 0x0000000730000000, 0x0000000730000000|100%| E|CS|TAMS 0x000000072fe00000, 0x000000072fe00000| Complete 

Card table byte_map: [0x00000162450f0000,0x00000162457e0000] _byte_map_base: 0x00000162417df000

Marking Bits (Prev, Next): (CMBitMap*) 0x0000016231e46f30, (CMBitMap*) 0x0000016231e46f70
 Prev Bits: [0x0000016245ed0000, 0x0000016249648000)
 Next Bits: [0x0000016249650000, 0x000001624cdc8000)

Polling page: 0x00000162315c0000

Metaspace:

Usage:
  Non-class:     13.03 MB used.
      Class:      1.50 MB used.
       Both:     14.53 MB used.

Virtual space:
  Non-class space:       16.00 MB reserved,      13.12 MB ( 82%) committed,  2 nodes.
      Class space:        1.00 GB reserved,       1.56 MB ( <1%) committed,  1 nodes.
             Both:        1.02 GB reserved,      14.69 MB (  1%) committed. 

Chunk freelists:
   Non-Class:  2.38 MB
       Class:  2.39 MB
        Both:  4.77 MB

MaxMetaspaceSize: unlimited
CompressedClassSpaceSize: 1.00 GB
Initial GC threshold: 21.00 MB
Current GC threshold: 21.00 MB
CDS: off
MetaspaceReclaimPolicy: balanced
 - commit_granule_bytes: 65536.
 - commit_granule_words: 8192.
 - virtual_space_node_default_size: 1048576.
 - enlarge_chunks_in_place: 1.
 - new_chunks_are_fully_committed: 0.
 - uncommit_free_chunks: 1.
 - use_allocation_guard: 0.
 - handle_deallocations: 1.


Internal statistics:

num_allocs_failed_limit: 0.
num_arena_births: 94.
num_arena_deaths: 0.
num_vsnodes_births: 3.
num_vsnodes_deaths: 0.
num_space_committed: 235.
num_space_uncommitted: 0.
num_chunks_returned_to_freelist: 0.
num_chunks_taken_from_freelist: 321.
num_chunk_merges: 0.
num_chunk_splits: 155.
num_chunks_enlarged: 90.
num_purges: 0.
num_inconsistent_stats: 0.

CodeHeap 'non-profiled nmethods': size=120000Kb used=456Kb max_used=456Kb free=119543Kb
 bounds [0x000001623cf80000, 0x000001623d1f0000, 0x00000162444b0000]
CodeHeap 'profiled nmethods': size=120000Kb used=3052Kb max_used=3052Kb free=116948Kb
 bounds [0x0000016235a50000, 0x0000016235d50000, 0x000001623cf80000]
CodeHeap 'non-nmethods': size=5760Kb used=1226Kb max_used=1254Kb free=4533Kb
 bounds [0x00000162354b0000, 0x0000016235720000, 0x0000016235a50000]
 total_blobs=1944 nmethods=1500 adapters=356
 compilation: enabled
              stopped_count=0, restarted_count=0
 full_count=0

Compilation events (20 events):
Event: 68.174 Thread 0x0000016250485390 1491       3       java.lang.AbstractStringBuilder::appendChars (207 bytes)
Event: 68.176 Thread 0x0000016250485390 nmethod 1491 0x0000016235d44510 code [0x0000016235d447c0, 0x0000016235d457a8]
Event: 68.176 Thread 0x0000016250485390 1494       3       java.util.ArrayList$ArrayListSpliterator::forEachRemaining (127 bytes)
Event: 68.176 Thread 0x0000016250485390 nmethod 1494 0x0000016235d45d90 code [0x0000016235d45fa0, 0x0000016235d46588]
Event: 68.176 Thread 0x0000016250485390 1495       3       java.util.stream.ReduceOps$ReduceOp::<init> (10 bytes)
Event: 68.176 Thread 0x0000016250485390 nmethod 1495 0x0000016235d46810 code [0x0000016235d469a0, 0x0000016235d46b58]
Event: 68.176 Thread 0x0000016250485390 1496       3       java.util.stream.ReduceOps$ReduceOp::evaluateSequential (18 bytes)
Event: 68.177 Thread 0x0000016250485390 nmethod 1496 0x0000016235d46c10 code [0x0000016235d46de0, 0x0000016235d47268]
Event: 68.177 Thread 0x0000016250485390 1497       3       java.util.stream.ReduceOps$Box::<init> (5 bytes)
Event: 68.177 Thread 0x0000016250485390 nmethod 1497 0x0000016235d47390 code [0x0000016235d47520, 0x0000016235d47678]
Event: 68.177 Thread 0x0000016250485390 1498       3       java.util.stream.ReferencePipeline::collect (124 bytes)
Event: 68.178 Thread 0x0000016250485390 nmethod 1498 0x0000016235d47710 code [0x0000016235d479a0, 0x0000016235d48688]
Event: 68.178 Thread 0x0000016250485390 1493   !   3       jdk.proxy2.$Proxy7::annotationType (29 bytes)
Event: 68.178 Thread 0x0000016250485390 nmethod 1493 0x0000016235d48b10 code [0x0000016235d48ce0, 0x0000016235d49118]
Event: 68.178 Thread 0x0000016250485390 1501       3       java.util.stream.Collectors$$Lambda$83/0x00000008000ead10::accept (14 bytes)
Event: 68.179 Thread 0x0000016250485390 nmethod 1501 0x0000016235d49390 code [0x0000016235d49560, 0x0000016235d49b48]
Event: 68.179 Thread 0x0000016250485390 1499       3       java.lang.invoke.Invokers$Holder::linkToTargetMethod (10 bytes)
Event: 68.179 Thread 0x0000016250485390 nmethod 1499 0x0000016235d49d90 code [0x0000016235d49f40, 0x0000016235d4a398]
Event: 68.179 Thread 0x0000016250485390 1500       3       java.lang.invoke.DirectMethodHandle$Holder::newInvokeSpecial (24 bytes)
Event: 68.179 Thread 0x0000016250485390 nmethod 1500 0x0000016235d4a490 code [0x0000016235d4a680, 0x0000016235d4ae48]

GC Heap History (2 events):
Event: 0.954 GC heap before
{Heap before GC invocations=0 (full 0):
 garbage-first heap   total 227328K, used 22528K [0x0000000722200000, 0x0000000800000000)
  region size 2048K, 11 young (22528K), 0 survivors (0K)
 Metaspace       used 12706K, committed 12864K, reserved 1064960K
  class space    used 1210K, committed 1280K, reserved 1048576K
}
Event: 0.958 GC heap after
{Heap after GC invocations=1 (full 0):
 garbage-first heap   total 227328K, used 2432K [0x0000000722200000, 0x0000000800000000)
  region size 2048K, 2 young (4096K), 2 survivors (4096K)
 Metaspace       used 12706K, committed 12864K, reserved 1064960K
  class space    used 1210K, committed 1280K, reserved 1048576K
}

Deoptimization events (20 events):
Event: 1.296 Thread 0x0000016231de1de0 Uncommon trap: trap_request=0xffffff45 fr.pc=0x000001623cfa8c5c relative=0x000000000000089c
Event: 1.296 Thread 0x0000016231de1de0 Uncommon trap: reason=unstable_if action=reinterpret pc=0x000001623cfa8c5c method=org.eclipse.jdt.launching.internal.org.objectweb.asm.ClassReader.readUtf(II[C)Ljava/lang/String; @ 41 c2
Event: 1.296 Thread 0x0000016231de1de0 DEOPT PACKING pc=0x000001623cfa8c5c sp=0x0000001cae1f9c60
Event: 1.296 Thread 0x0000016231de1de0 DEOPT UNPACKING pc=0x00000162355023a3 sp=0x0000001cae1f9c48 mode 2
Event: 1.296 Thread 0x0000016231de1de0 Uncommon trap: trap_request=0xffffff45 fr.pc=0x000001623cfe4838 relative=0x0000000000000598
Event: 1.296 Thread 0x0000016231de1de0 Uncommon trap: reason=unstable_if action=reinterpret pc=0x000001623cfe4838 method=java.lang.String.hashCode()I @ 20 c2
Event: 1.296 Thread 0x0000016231de1de0 DEOPT PACKING pc=0x000001623cfe4838 sp=0x0000001cae1f9d10
Event: 1.296 Thread 0x0000016231de1de0 DEOPT UNPACKING pc=0x00000162355023a3 sp=0x0000001cae1f9bf0 mode 2
Event: 1.297 Thread 0x0000016231de1de0 Uncommon trap: trap_request=0xffffff45 fr.pc=0x000001623cf8949c relative=0x000000000000019c
Event: 1.297 Thread 0x0000016231de1de0 Uncommon trap: reason=unstable_if action=reinterpret pc=0x000001623cf8949c method=java.lang.String.isLatin1()Z @ 10 c2
Event: 1.297 Thread 0x0000016231de1de0 DEOPT PACKING pc=0x000001623cf8949c sp=0x0000001cae1f9c60
Event: 1.297 Thread 0x0000016231de1de0 DEOPT UNPACKING pc=0x00000162355023a3 sp=0x0000001cae1f9b90 mode 2
Event: 1.297 Thread 0x0000016231de1de0 Uncommon trap: trap_request=0xffffff45 fr.pc=0x000001623cf8afe0 relative=0x0000000000000060
Event: 1.297 Thread 0x0000016231de1de0 Uncommon trap: reason=unstable_if action=reinterpret pc=0x000001623cf8afe0 method=java.lang.String.isLatin1()Z @ 10 c2
Event: 1.297 Thread 0x0000016231de1de0 DEOPT PACKING pc=0x000001623cf8afe0 sp=0x0000001cae1f9be0
Event: 1.297 Thread 0x0000016231de1de0 DEOPT UNPACKING pc=0x00000162355023a3 sp=0x0000001cae1f9b80 mode 2
Event: 1.298 Thread 0x0000016231de1de0 Uncommon trap: trap_request=0xffffff45 fr.pc=0x000001623cf93f48 relative=0x0000000000000048
Event: 1.298 Thread 0x0000016231de1de0 Uncommon trap: reason=unstable_if action=reinterpret pc=0x000001623cf93f48 method=java.lang.CharacterData.of(I)Ljava/lang/CharacterData; @ 4 c2
Event: 1.298 Thread 0x0000016231de1de0 DEOPT PACKING pc=0x000001623cf93f48 sp=0x0000001cae1fb640
Event: 1.298 Thread 0x0000016231de1de0 DEOPT UNPACKING pc=0x00000162355023a3 sp=0x0000001cae1fb5e0 mode 2

Classes unloaded (0 events):
No events

Classes redefined (2 events):
Event: 238.914 Thread 0x000001624fa4d190 redefined class name=telran.util.LinkedList, count=1
Event: 238.914 Thread 0x000001624fa4d190 redefined class name=telran.util.LinkedList$Node, count=1

Internal exceptions (20 events):
Event: 1.006 Thread 0x0000016231de1de0 Exception <a 'java/lang/NoSuchMethodError'{0x000000072fc3b850}: 'void java.lang.invoke.DirectMethodHandle$Holder.invokeSpecial(java.lang.Object, java.lang.Object, java.lang.Object, java.lang.Object, java.lang.Object)'> (0x000000072fc3b850) 
thrown [s\src\hotspot\share\interpreter\linkResolver.cpp, line 759]
Event: 1.113 Thread 0x0000016231de1de0 Exception <a 'java/lang/NoSuchMethodError'{0x000000072f90d6a0}: 'java.lang.Object java.lang.invoke.DirectMethodHandle$Holder.newInvokeSpecial(java.lang.Object, java.lang.Object, int)'> (0x000000072f90d6a0) 
thrown [s\src\hotspot\share\interpreter\linkResolver.cpp, line 759]
Event: 1.127 Thread 0x0000016231de1de0 Exception <a 'java/lang/NoSuchMethodError'{0x000000072f990420}: 'void java.lang.invoke.DirectMethodHandle$Holder.invokeInterface(java.lang.Object, java.lang.Object, java.lang.Object, java.lang.Object)'> (0x000000072f990420) 
thrown [s\src\hotspot\share\interpreter\linkResolver.cpp, line 759]
Event: 1.128 Thread 0x0000016231de1de0 Exception <a 'java/lang/IncompatibleClassChangeError'{0x000000072f993d48}: Found class java.lang.Object, but interface was expected> (0x000000072f993d48) 
thrown [s\src\hotspot\share\interpreter\linkResolver.cpp, line 826]
Event: 1.134 Thread 0x0000016231de1de0 Exception <a 'java/lang/NoSuchMethodError'{0x000000072f9e3f40}: 'void java.lang.invoke.DirectMethodHandle$Holder.invokeStatic(java.lang.Object, java.lang.Object, java.lang.Object, java.lang.Object)'> (0x000000072f9e3f40) 
thrown [s\src\hotspot\share\interpreter\linkResolver.cpp, line 759]
Event: 1.148 Thread 0x0000016231de1de0 Exception <a 'java/lang/NoSuchMethodError'{0x000000072f6b15f0}: 'int java.lang.invoke.DirectMethodHandle$Holder.invokeStatic(java.lang.Object, java.lang.Object, java.lang.Object, java.lang.Object)'> (0x000000072f6b15f0) 
thrown [s\src\hotspot\share\interpreter\linkResolver.cpp, line 759]
Event: 1.149 Thread 0x0000016231de1de0 Exception <a 'java/lang/NoSuchMethodError'{0x000000072f6b4f70}: 'java.lang.Object java.lang.invoke.Invokers$Holder.invokeExact_MT(java.lang.Object, java.lang.Object, java.lang.Object, java.lang.Object, java.lang.Object, java.lang.Object)'> (0x000000072f6b4f70) 
thrown [s\src\hotspot\share\interpreter\linkResolver.cpp, line 759]
Event: 1.152 Thread 0x0000016231de1de0 Exception <a 'java/lang/NoSuchMethodError'{0x000000072f6c5858}: 'int java.lang.invoke.DirectMethodHandle$Holder.invokeStatic(java.lang.Object, java.lang.Object, java.lang.Object, java.lang.Object, java.lang.Object)'> (0x000000072f6c5858) 
thrown [s\src\hotspot\share\interpreter\linkResolver.cpp, line 759]
Event: 1.169 Thread 0x0000016231de1de0 Exception <a 'java/lang/NoSuchMethodError'{0x000000072f7530c8}: 'void java.lang.invoke.DirectMethodHandle$Holder.invokeStaticInit(java.lang.Object)'> (0x000000072f7530c8) 
thrown [s\src\hotspot\share\interpreter\linkResolver.cpp, line 759]
Event: 1.216 Thread 0x0000016231de1de0 Exception <a 'java/lang/NoSuchMethodError'{0x000000072f5f07a8}: 'int java.lang.invoke.DirectMethodHandle$Holder.invokeStaticInit(java.lang.Object, java.lang.Object)'> (0x000000072f5f07a8) 
thrown [s\src\hotspot\share\interpreter\linkResolver.cpp, line 759]
Event: 1.263 Thread 0x0000016231de1de0 Exception <a 'java/lang/NoSuchMethodError'{0x000000072f361580}: 'java.lang.Object java.lang.invoke.DirectMethodHandle$Holder.newInvokeSpecial(java.lang.Object, java.lang.Object, java.lang.Object, java.lang.Object, java.lang.Object, java.lang.Object, java.lang.Object)'> (0x000000072f361580) 
thrown [s\src\hotspot\share\interpreter\linkResolver.cpp, line 759]
Event: 1.264 Thread 0x0000016231de1de0 Exception <a 'java/lang/NoSuchMethodError'{0x000000072f366138}: 'java.lang.Object java.lang.invoke.Invokers$Holder.linkToTargetMethod(java.lang.Object, java.lang.Object, java.lang.Object, java.lang.Object, java.lang.Object, java.lang.Object, java.lang.Object)'> (0x000000072f366138) 
thrown [s\src\hotspot\share\interpreter\linkResolver.cpp, line 759]
Event: 1.266 Thread 0x0000016231de1de0 Exception <a 'java/lang/NoSuchMethodError'{0x000000072f37be20}: 'java.lang.Object java.lang.invoke.DirectMethodHandle$Holder.invokeInterface(java.lang.Object, java.lang.Object, java.lang.Object, java.lang.Object, java.lang.Object)'> (0x000000072f37be20) 
thrown [s\src\hotspot\share\interpreter\linkResolver.cpp, line 759]
Event: 1.266 Thread 0x0000016231de1de0 Exception <a 'java/lang/IncompatibleClassChangeError'{0x000000072f37fc18}: Found class java.lang.Object, but interface was expected> (0x000000072f37fc18) 
thrown [s\src\hotspot\share\interpreter\linkResolver.cpp, line 826]
Event: 1.279 Thread 0x0000016231de1de0 Exception <a 'java/lang/NoSuchMethodError'{0x000000072f007178}: 'int java.lang.invoke.DirectMethodHandle$Holder.invokeInterface(java.lang.Object, java.lang.Object)'> (0x000000072f007178) 
thrown [s\src\hotspot\share\interpreter\linkResolver.cpp, line 759]
Event: 1.287 Thread 0x0000016231de1de0 Exception <a 'java/lang/IncompatibleClassChangeError'{0x000000072f02f080}: Found class java.lang.Object, but interface was expected> (0x000000072f02f080) 
thrown [s\src\hotspot\share\interpreter\linkResolver.cpp, line 826]
Event: 42.198 Thread 0x0000016231de1de0 Exception <a 'java/lang/NullPointerException'{0x000000072f0db720}> (0x000000072f0db720) 
thrown [s\src\hotspot\share\interpreter\linkResolver.cpp, line 1350]
Event: 49.765 Thread 0x0000016231de1de0 Exception <a 'java/lang/reflect/InvocationTargetException'{0x000000072f0dc438}> (0x000000072f0dc438) 
thrown [s\src\hotspot\share\runtime\reflection.cpp, line 1121]
Event: 63.789 Thread 0x0000016231de1de0 Exception <a 'java/lang/NullPointerException'{0x000000072f1b35d8}> (0x000000072f1b35d8) 
thrown [s\src\hotspot\share\interpreter\linkResolver.cpp, line 1350]
Event: 68.169 Thread 0x0000016231de1de0 Exception <a 'java/lang/reflect/InvocationTargetException'{0x000000072f1b3e00}> (0x000000072f1b3e00) 
thrown [s\src\hotspot\share\runtime\reflection.cpp, line 1121]

VM Operations (20 events):
Event: 68.436 Executing VM operation: get/set locals
Event: 68.436 Executing VM operation: get/set locals done
Event: 68.436 Executing VM operation: get/set locals
Event: 68.436 Executing VM operation: get/set locals done
Event: 68.437 Executing VM operation: get/set locals
Event: 68.437 Executing VM operation: get/set locals done
Event: 68.438 Executing VM operation: get/set locals
Event: 68.438 Executing VM operation: get/set locals done
Event: 68.439 Executing VM operation: get/set locals
Event: 68.439 Executing VM operation: get/set locals done
Event: 68.440 Executing VM operation: get/set locals
Event: 68.440 Executing VM operation: get/set locals done
Event: 68.470 Executing VM operation: get/set locals
Event: 68.470 Executing VM operation: get/set locals done
Event: 68.471 Executing VM operation: get/set locals
Event: 68.471 Executing VM operation: get/set locals done
Event: 238.912 Executing VM operation: RedefineClasses
Event: 238.919 Executing VM operation: RedefineClasses done
Event: 238.931 Executing VM operation: ChangeBreakpoints
Event: 238.932 Executing VM operation: ChangeBreakpoints done

Events (20 events):
Event: 1.288 loading class java/util/AbstractList$ListItr done
Event: 1.297 loading class java/time/format/DateTimeParseException
Event: 1.297 loading class java/time/DateTimeException
Event: 1.297 loading class java/time/DateTimeException done
Event: 1.297 loading class java/time/format/DateTimeParseException done
Event: 1.298 loading class java/lang/CharacterData00
Event: 1.298 loading class java/lang/CharacterData00 done
Event: 1.301 loading class java/util/concurrent/atomic/AtomicReference
Event: 1.301 loading class java/util/concurrent/atomic/AtomicReference done
Event: 6.315 Thread 0x00000162504867d0 Thread exited: 0x00000162504867d0
Event: 42.198 loading class java/lang/reflect/InvocationTargetException
Event: 49.765 loading class java/lang/reflect/InvocationTargetException done
Event: 49.782 loading class java/util/stream/SortedOps$RefSortingSink
Event: 49.782 loading class java/util/stream/SortedOps$RefSortingSink done
Event: 49.793 loading class java/lang/Throwable$WrappedPrintWriter
Event: 49.793 loading class java/lang/Throwable$PrintStreamOrWriter
Event: 49.793 loading class java/lang/Throwable$PrintStreamOrWriter done
Event: 49.793 loading class java/lang/Throwable$WrappedPrintWriter done
Event: 49.796 loading class java/lang/StackTraceElement$HashedModules
Event: 49.797 loading class java/lang/StackTraceElement$HashedModules done


Dynamic libraries:
0x00007ff6952b0000 - 0x00007ff6952be000 	C:\Users\Kirill\.p2\pool\plugins\org.eclipse.justj.openjdk.hotspot.jre.full.win32.x86_64_17.0.4.v20221004-1257\jre\bin\javaw.exe
0x00007ffd80930000 - 0x00007ffd80b28000 	C:\Windows\SYSTEM32\ntdll.dll
0x00007ffd7fd90000 - 0x00007ffd7fe4f000 	C:\Windows\System32\KERNEL32.DLL
0x00007ffd7e3b0000 - 0x00007ffd7e682000 	C:\Windows\System32\KERNELBASE.dll
0x00007ffd7e840000 - 0x00007ffd7e940000 	C:\Windows\System32\ucrtbase.dll
0x00007ffd7b050000 - 0x00007ffd7b068000 	C:\Users\Kirill\.p2\pool\plugins\org.eclipse.justj.openjdk.hotspot.jre.full.win32.x86_64_17.0.4.v20221004-1257\jre\bin\jli.dll
0x00007ffd7b030000 - 0x00007ffd7b049000 	C:\Users\Kirill\.p2\pool\plugins\org.eclipse.justj.openjdk.hotspot.jre.full.win32.x86_64_17.0.4.v20221004-1257\jre\bin\VCRUNTIME140.dll
0x00007ffd7f9c0000 - 0x00007ffd7fb61000 	C:\Windows\System32\USER32.dll
0x00007ffd7e940000 - 0x00007ffd7e962000 	C:\Windows\System32\win32u.dll
0x00007ffd7eae0000 - 0x00007ffd7eb0b000 	C:\Windows\System32\GDI32.dll
0x00007ffd695c0000 - 0x00007ffd6985a000 	C:\Windows\WinSxS\amd64_microsoft.windows.common-controls_6595b64144ccf1df_6.0.19041.1110_none_60b5254171f9507e\COMCTL32.dll
0x00007ffd7e730000 - 0x00007ffd7e83f000 	C:\Windows\System32\gdi32full.dll
0x00007ffd7f800000 - 0x00007ffd7f89e000 	C:\Windows\System32\msvcrt.dll
0x00007ffd7e260000 - 0x00007ffd7e2fd000 	C:\Windows\System32\msvcp_win.dll
0x00007ffd808b0000 - 0x00007ffd808e2000 	C:\Windows\System32\IMM32.DLL
0x00007ffd7b120000 - 0x00007ffd7b12c000 	C:\Users\Kirill\.p2\pool\plugins\org.eclipse.justj.openjdk.hotspot.jre.full.win32.x86_64_17.0.4.v20221004-1257\jre\bin\vcruntime140_1.dll
0x00007ffd6dfc0000 - 0x00007ffd6e051000 	C:\Users\Kirill\.p2\pool\plugins\org.eclipse.justj.openjdk.hotspot.jre.full.win32.x86_64_17.0.4.v20221004-1257\jre\bin\msvcp140.dll
0x00007ffd49f80000 - 0x00007ffd4abc6000 	C:\Users\Kirill\.p2\pool\plugins\org.eclipse.justj.openjdk.hotspot.jre.full.win32.x86_64_17.0.4.v20221004-1257\jre\bin\server\jvm.dll
0x00007ffd7f3a0000 - 0x00007ffd7f44e000 	C:\Windows\System32\ADVAPI32.dll
0x00007ffd7ea40000 - 0x00007ffd7eadc000 	C:\Windows\System32\sechost.dll
0x00007ffd7fbe0000 - 0x00007ffd7fd05000 	C:\Windows\System32\RPCRT4.dll
0x00007ffd807f0000 - 0x00007ffd807f8000 	C:\Windows\System32\PSAPI.DLL
0x00007ffd73cc0000 - 0x00007ffd73ce7000 	C:\Windows\SYSTEM32\WINMM.dll
0x00007ffd73cf0000 - 0x00007ffd73cfa000 	C:\Windows\SYSTEM32\VERSION.dll
0x00007ffd710d0000 - 0x00007ffd710d9000 	C:\Windows\SYSTEM32\WSOCK32.dll
0x00007ffd80780000 - 0x00007ffd807eb000 	C:\Windows\System32\WS2_32.dll
0x00007ffd7bea0000 - 0x00007ffd7beb2000 	C:\Windows\SYSTEM32\kernel.appcore.dll
0x00007ffd70980000 - 0x00007ffd7098a000 	C:\Users\Kirill\.p2\pool\plugins\org.eclipse.justj.openjdk.hotspot.jre.full.win32.x86_64_17.0.4.v20221004-1257\jre\bin\jimage.dll
0x00007ffd73f50000 - 0x00007ffd74134000 	C:\Windows\SYSTEM32\DBGHELP.DLL
0x00007ffd6a820000 - 0x00007ffd6a855000 	C:\Windows\SYSTEM32\dbgcore.DLL
0x00007ffd7e020000 - 0x00007ffd7e0a2000 	C:\Windows\System32\bcryptPrimitives.dll
0x00007ffd792e0000 - 0x00007ffd7931b000 	C:\Users\Kirill\.p2\pool\plugins\org.eclipse.justj.openjdk.hotspot.jre.full.win32.x86_64_17.0.4.v20221004-1257\jre\bin\jdwp.dll
0x00007ffd7b020000 - 0x00007ffd7b02e000 	C:\Users\Kirill\.p2\pool\plugins\org.eclipse.justj.openjdk.hotspot.jre.full.win32.x86_64_17.0.4.v20221004-1257\jre\bin\instrument.dll
0x00007ffd688f0000 - 0x00007ffd68915000 	C:\Users\Kirill\.p2\pool\plugins\org.eclipse.justj.openjdk.hotspot.jre.full.win32.x86_64_17.0.4.v20221004-1257\jre\bin\java.dll
0x00007ffd6f560000 - 0x00007ffd6f578000 	C:\Users\Kirill\.p2\pool\plugins\org.eclipse.justj.openjdk.hotspot.jre.full.win32.x86_64_17.0.4.v20221004-1257\jre\bin\zip.dll
0x00007ffd80030000 - 0x00007ffd80774000 	C:\Windows\System32\SHELL32.dll
0x00007ffd7c0a0000 - 0x00007ffd7c832000 	C:\Windows\SYSTEM32\windows.storage.dll
0x00007ffd7eb10000 - 0x00007ffd7ee65000 	C:\Windows\System32\combase.dll
0x00007ffd7d8c0000 - 0x00007ffd7d8f0000 	C:\Windows\SYSTEM32\Wldp.dll
0x00007ffd80800000 - 0x00007ffd808ad000 	C:\Windows\System32\SHCORE.dll
0x00007ffd7fb70000 - 0x00007ffd7fbc5000 	C:\Windows\System32\shlwapi.dll
0x00007ffd7df60000 - 0x00007ffd7df7f000 	C:\Windows\SYSTEM32\profapi.dll
0x00007ffd7b010000 - 0x00007ffd7b01c000 	C:\Users\Kirill\.p2\pool\plugins\org.eclipse.justj.openjdk.hotspot.jre.full.win32.x86_64_17.0.4.v20221004-1257\jre\bin\dt_socket.dll
0x00007ffd7d3b0000 - 0x00007ffd7d3eb000 	C:\Windows\SYSTEM32\IPHLPAPI.DLL
0x00007ffd7d6a0000 - 0x00007ffd7d70a000 	C:\Windows\system32\mswsock.dll
0x00007ffd7d3f0000 - 0x00007ffd7d4ba000 	C:\Windows\SYSTEM32\DNSAPI.dll
0x00007ffd7fbd0000 - 0x00007ffd7fbd8000 	C:\Windows\System32\NSI.dll
0x00007ffd70c10000 - 0x00007ffd70c1a000 	C:\Windows\System32\rasadhlp.dll
0x00007ffd76460000 - 0x00007ffd764e0000 	C:\Windows\System32\fwpuclnt.dll
0x00007ffd7e690000 - 0x00007ffd7e6b7000 	C:\Windows\System32\bcrypt.dll
0x00007ffd6efe0000 - 0x00007ffd6eff9000 	C:\Users\Kirill\.p2\pool\plugins\org.eclipse.justj.openjdk.hotspot.jre.full.win32.x86_64_17.0.4.v20221004-1257\jre\bin\net.dll
0x00007ffd76740000 - 0x00007ffd7684c000 	C:\Windows\SYSTEM32\WINHTTP.dll
0x00007ffd69b70000 - 0x00007ffd69b85000 	C:\Users\Kirill\.p2\pool\plugins\org.eclipse.justj.openjdk.hotspot.jre.full.win32.x86_64_17.0.4.v20221004-1257\jre\bin\nio.dll
0x00007ffd70710000 - 0x00007ffd70720000 	C:\Users\Kirill\.p2\pool\plugins\org.eclipse.justj.openjdk.hotspot.jre.full.win32.x86_64_17.0.4.v20221004-1257\jre\bin\verify.dll
0x00007ffd77580000 - 0x00007ffd77597000 	C:\Windows\SYSTEM32\dhcpcsvc6.DLL
0x00007ffd77560000 - 0x00007ffd7757d000 	C:\Windows\SYSTEM32\dhcpcsvc.DLL

dbghelp: loaded successfully - version: 4.0.5 - missing functions: none
symbol engine: initialized successfully - sym options: 0x614 - pdb path: .;C:\Users\Kirill\.p2\pool\plugins\org.eclipse.justj.openjdk.hotspot.jre.full.win32.x86_64_17.0.4.v20221004-1257\jre\bin;C:\Windows\SYSTEM32;C:\Windows\WinSxS\amd64_microsoft.windows.common-controls_6595b64144ccf1df_6.0.19041.1110_none_60b5254171f9507e;C:\Users\Kirill\.p2\pool\plugins\org.eclipse.justj.openjdk.hotspot.jre.full.win32.x86_64_17.0.4.v20221004-1257\jre\bin\server

VM Arguments:
jvm_args: -XX:+ShowCodeDetailsInExceptionMessages -agentlib:jdwp=transport=dt_socket,suspend=y,address=localhost:61308 -ea -javaagent:D:\Eclipse\eclipse\configuration\org.eclipse.osgi\421\0\.cp\lib\javaagent-shaded.jar -Dfile.encoding=UTF-8 
java_command: org.eclipse.jdt.internal.junit.runner.RemoteTestRunner -version 3 -port 61307 -testLoaderClass org.eclipse.jdt.internal.junit5.runner.JUnit5TestLoader -loaderpluginname org.eclipse.jdt.junit5.runtime -classNames telran.util.tests.LinkedListTest
java_class_path (initial): D:\Tel_Ran\oop-introduction\bin;C:\Users\Kirill\.p2\pool\plugins\junit-jupiter-api_5.9.0.jar;C:\Users\Kirill\.p2\pool\plugins\junit-jupiter-engine_5.9.0.jar;C:\Users\Kirill\.p2\pool\plugins\junit-jupiter-migrationsupport_5.9.0.jar;C:\Users\Kirill\.p2\pool\plugins\junit-jupiter-params_5.9.0.jar;C:\Users\Kirill\.p2\pool\plugins\junit-platform-commons_1.9.0.jar;C:\Users\Kirill\.p2\pool\plugins\junit-platform-engine_1.9.0.jar;C:\Users\Kirill\.p2\pool\plugins\junit-platform-launcher_1.9.0.jar;C:\Users\Kirill\.p2\pool\plugins\junit-platform-runner_1.9.0.jar;C:\Users\Kirill\.p2\pool\plugins\junit-platform-suite-api_1.9.0.jar;C:\Users\Kirill\.p2\pool\plugins\junit-platform-suite-engine_1.9.0.jar;C:\Users\Kirill\.p2\pool\plugins\junit-platform-suite-commons_1.9.0.jar;C:\Users\Kirill\.p2\pool\plugins\junit-vintage-engine_5.9.0.jar;C:\Users\Kirill\.p2\pool\plugins\org.opentest4j_1.2.0.jar;C:\Users\Kirill\.p2\pool\plugins\org.apiguardian.api_1.1.2.jar;C:\Users\Kirill\.p2\pool\plugins\org.junit_4.13.2.v20211018-1956.jar;C:\Users\Kirill\.p2\pool\plugins\org.hamcrest.core_1.3.0.v20180420-1519.jar;D:\Eclipse\eclipse\configuration\org.eclipse.osgi\420\0\.cp;D:\Eclipse\eclipse\configuration\org.eclipse.osgi\418\0\.cp
Launcher Type: SUN_STANDARD

[Global flags]
     intx CICompilerCount                          = 4                                         {product} {ergonomic}
     uint ConcGCThreads                            = 3                                         {product} {ergonomic}
     uint G1ConcRefinementThreads                  = 10                                        {product} {ergonomic}
   size_t G1HeapRegionSize                         = 2097152                                   {product} {ergonomic}
    uintx GCDrainStackTargetSize                   = 64                                        {product} {ergonomic}
   size_t InitialHeapSize                          = 232783872                                 {product} {ergonomic}
   size_t MarkStackSize                            = 4194304                                   {product} {ergonomic}
   size_t MaxHeapSize                              = 3722444800                                {product} {ergonomic}
   size_t MaxNewSize                               = 2233466880                                {product} {ergonomic}
   size_t MinHeapDeltaBytes                        = 2097152                                   {product} {ergonomic}
   size_t MinHeapSize                              = 8388608                                   {product} {ergonomic}
    uintx NonNMethodCodeHeapSize                   = 5839372                                {pd product} {ergonomic}
    uintx NonProfiledCodeHeapSize                  = 122909434                              {pd product} {ergonomic}
    uintx ProfiledCodeHeapSize                     = 122909434                              {pd product} {ergonomic}
    uintx ReservedCodeCacheSize                    = 251658240                              {pd product} {ergonomic}
     bool SegmentedCodeCache                       = true                                      {product} {ergonomic}
     bool ShowCodeDetailsInExceptionMessages       = true                                   {manageable} {command line}
   size_t SoftMaxHeapSize                          = 3722444800                             {manageable} {ergonomic}
     bool UseCompressedClassPointers               = true                           {product lp64_product} {ergonomic}
     bool UseCompressedOops                        = true                           {product lp64_product} {ergonomic}
     bool UseG1GC                                  = true                                      {product} {ergonomic}
     bool UseLargePagesIndividualAllocation        = false                                  {pd product} {ergonomic}

Logging:
Log output configuration:
 #0: stdout all=warning uptime,level,tags
 #1: stderr all=off uptime,level,tags

Environment Variables:
PATH=C:\Users\Kirill\.p2\pool\plugins\org.eclipse.justj.openjdk.hotspot.jre.full.win32.x86_64_17.0.4.v20221004-1257\jre\bin;C:/Users/Kirill/.p2/pool/plugins/org.eclipse.justj.openjdk.hotspot.jre.full.win32.x86_64_17.0.4.v20221004-1257/jre/bin/server;C:/Users/Kirill/.p2/pool/plugins/org.eclipse.justj.openjdk.hotspot.jre.full.win32.x86_64_17.0.4.v20221004-1257/jre/bin;C:\Program Files\Common Files\Oracle\Java\javapath;C:\Windows\system32;C:\Windows;C:\Windows\System32\Wbem;C:\Windows\System32\WindowsPowerShell\v1.0\;C:\Windows\System32\OpenSSH\;C:\Program Files\nodejs\;C:\Program Files\Git\cmd;C:\Users\Kirill\AppData\Local\Microsoft\WindowsApps;;C:\Users\Kirill\AppData\Local\Programs\Microsoft VS Code\bin;C:\Users\Kirill\AppData\Roaming\npm;C:\Users\Kirill\Desktop;
USERNAME=Kirill
OS=Windows_NT
PROCESSOR_IDENTIFIER=AMD64 Family 23 Model 104 Stepping 1, AuthenticAMD
TMP=C:\Users\Kirill\AppData\Local\Temp
TEMP=C:\Users\Kirill\AppData\Local\Temp



---------------  S Y S T E M  ---------------

OS:
 Windows 10 , 64 bit Build 19041 (10.0.19041.2364)
OS uptime: 13 days 18:16 hours
Hyper-V role detected

CPU: total 12 (initial active 12) (12 cores per cpu, 2 threads per core) family 23 model 104 stepping 1 microcode 0x0, cx8, cmov, fxsr, ht, mmx, 3dnowpref, sse, sse2, sse3, ssse3, sse4a, sse4.1, sse4.2, popcnt, lzcnt, tsc, tscinvbit, avx, avx2, aes, clmul, bmi1, bmi2, adx, sha, fma, vzeroupper, clflush, clflushopt, hv

Memory: 4k page, system-wide physical 14197M (9035M free)
TotalPageFile size 16373M (AvailPageFile size 8871M)
current process WorkingSet (physical memory assigned to process): 78M, peak: 83M
current process commit charge ("private bytes"): 322M, peak: 327M

vm_info: OpenJDK 64-Bit Server VM (17.0.4.1+1) for windows-amd64 JRE (17.0.4.1+1), built on Aug 17 2022 07:42:43 by "temurin" with MS VC++ 16.7 (VS2019)

END.
