#
# A fatal error has been detected by the Java Runtime Environment:
#
#  EXCEPTION_ACCESS_VIOLATION (0xc0000005) at pc=0x00007ffd4839fa2a, pid=3852, tid=13832
#
# JRE version: OpenJDK Runtime Environment Temurin-17.0.4.1+1 (17.0.4.1+1) (build 17.0.4.1+1)
# Java VM: OpenJDK 64-Bit Server VM Temurin-17.0.4.1+1 (17.0.4.1+1, mixed mode, tiered, compressed oops, compressed class ptrs, g1 gc, windows-amd64)
# Problematic frame:
# V  [jvm.dll+0x79fa2a]
#
# No core dump will be written. Minidumps are not enabled by default on client versions of Windows
#
# If you would like to submit a bug report, please visit:
#   https://github.com/adoptium/adoptium-support/issues
#

---------------  S U M M A R Y ------------

Command Line: -XX:+ShowCodeDetailsInExceptionMessages -agentlib:jdwp=transport=dt_socket,suspend=y,address=localhost:59703 -ea -javaagent:D:\Eclipse\eclipse\configuration\org.eclipse.osgi\421\0\.cp\lib\javaagent-shaded.jar -Dfile.encoding=UTF-8 org.eclipse.jdt.internal.junit.runner.RemoteTestRunner -version 3 -port 59702 -testLoaderClass org.eclipse.jdt.internal.junit5.runner.JUnit5TestLoader -loaderpluginname org.eclipse.jdt.junit5.runtime -classNames telran.util.tests.HashSetTest

Host: AMD Ryzen 5 5500U with Radeon Graphics         , 12 cores, 13G,  Windows 10 , 64 bit Build 19041 (10.0.19041.2364)
Time: Thu Jan 12 13:21:01 2023  Windows 10 , 64 bit Build 19041 (10.0.19041.2364) elapsed time: 111.290486 seconds (0d 0h 1m 51s)

---------------  T H R E A D  ---------------

Current thread (0x00000205952efe20):  JavaThread "JDWP Transport Listener: dt_socket" daemon [_thread_in_vm, id=13832, stack(0x00000050aca00000,0x00000050acb00000)]

Stack: [0x00000050aca00000,0x00000050acb00000],  sp=0x00000050acaff5c0,  free space=1021k
Native frames: (J=compiled Java code, j=interpreted, Vv=VM code, C=native code)
V  [jvm.dll+0x79fa2a]
V  [jvm.dll+0x50965c]
V  [jvm.dll+0x4d0cc4]
C  [jdwp.dll+0x22f7b]


siginfo: EXCEPTION_ACCESS_VIOLATION (0xc0000005), reading address 0x0000000000330009


Register to memory mapping:

RIP=0x00007ffd4839fa2a jvm.dll
RAX=0x0000000000000043 is an unknown value
RBX=0x0000020595230486 points into unknown readable memory: 00 00
RCX=0x0000000000330005 is an unknown value
RDX=0x0000020595fd7660 points into unknown readable memory: 0x2f6e61726c65744c | 4c 74 65 6c 72 61 6e 2f
RSP=0x00000050acaff5c0 is pointing into the stack for thread: 0x00000205952efe20
RBP=0x00000205952e9220 points into unknown readable memory: 0x0043005000000002 | 02 00 00 00 50 00 43 00
RSI=0x0 is NULL
RDI=0xffffffffffffffff is an unknown value
R8 =0x00000000000001c9 is an unknown value
R9 =0x0000000000000040 is an unknown value
R10=0x00000000000001c0 is an unknown value
R11=0x00000050acaff5e0 is pointing into the stack for thread: 0x00000205952efe20
R12=0x00000050acaff718 is pointing into the stack for thread: 0x00000205952efe20
R13=0x0 is NULL
R14=0x000000080019cbd8 is a pointer to class: 
telran.util.HashSet$HashSetIterator {0x000000080019cbe0}
 - instance size:     5
 - klass size:        75
 - access:            synchronized 
 - state:             fully_initialized
 - name:              'telran/util/HashSet$HashSetIterator'
 - super:             'java/lang/Object'
 - sub:               
 - arrays:            NULL
 - methods:           Array<T>(0x00000205968c9620)
 - method ordering:   Array<T>(0x00000205968c9968)
 - default_methods:   Array<T>(0x00000205968bbd18)
 - default vtable indices:   Array<T>(0x00000205968bbd28)
 - local interfaces:  Array<T>(0x00000205968bb8a8)
 - trans. interfaces: Array<T>(0x00000205968bb8a8)
 - constants:         constant pool [95] {0x00000205968ca000} for 'telran/util/HashSet$HashSetIterator' cache=0x00000205968ca380
 - class loader data:  loader data: 0x00000205ffa5ac30 for instance a 'jdk/internal/loader/ClassLoaders$AppClassLoader'{0x000000072e800000}
 - source file:       'HashSet.java'
 - source debug extension:       SMAP
HashSet.java
Java
*S jdt
*F
1 HashSet.java
2 file:/D:/Tel_Ran/oop-introduction/bin/
*L
*E

 - class annotations:       Array<T>(0x0000000000000000)
 - class type annotations:  Array<T>(0x0000000000000000)
 - field annotations:       Array<T>(0x0000000000000000)
 - field type annotations:  Array<T>(0x0000000000000000)
 - generic signature: '
[error occurred during error reporting (printing register info), id 0xc0000005, EXCEPTION_ACCESS_VIOLATION (0xc0000005) at pc=0x00007ffd483a0636]

Registers:
RAX=0x0000000000000043, RBX=0x0000020595230486, RCX=0x0000000000330005, RDX=0x0000020595fd7660
RSP=0x00000050acaff5c0, RBP=0x00000205952e9220, RSI=0x0000000000000000, RDI=0xffffffffffffffff
R8 =0x00000000000001c9, R9 =0x0000000000000040, R10=0x00000000000001c0, R11=0x00000050acaff5e0
R12=0x00000050acaff718, R13=0x0000000000000000, R14=0x000000080019cbd8, R15=0x00000050acaff768
RIP=0x00007ffd4839fa2a, EFLAGS=0x0000000000010206

Top of Stack: (sp=0x00000050acaff5c0)
0x00000050acaff5c0:   0000000000000023 000000080019cbd8
0x00000050acaff5d0:   00000205952efe20 0000000000000000
0x00000050acaff5e0:   ffffffffffffffff 00007ffd4810965c
0x00000050acaff5f0:   0000020595230486 0000020595230460
0x00000050acaff600:   00000205952e9220 0000020595fd72d0
0x00000050acaff610:   0000020595230420 00000000000003d8
0x00000050acaff620:   0000020595230430 0000020595230808
0x00000050acaff630:   0000000000000002 00000050acaff718
0x00000050acaff640:   0000000000000000 0000000000000000
0x00000050acaff650:   000000072ee791e0 00007ffd480d0cc4
0x00000050acaff660:   00000205952efe20 00000050acaff768
0x00000050acaff670:   00000205f6614660 00000050acaff768
0x00000050acaff680:   00000205952efe20 0000000000000000
0x00000050acaff690:   0000020500000000 0000000000000000
0x00000050acaff6a0:   000000000000000d 00007ffd77b02f7b
0x00000050acaff6b0:   00000050acaff760 00007ffd77b11600 

Instructions: (pc=0x00007ffd4839fa2a)
0x00007ffd4839f92a:   48 83 c4 20 5f e9 bc 69 90 ff cc cc cc cc cc cc
0x00007ffd4839f93a:   cc cc cc cc cc cc 48 89 5c 24 08 57 48 83 ec 20
0x00007ffd4839f94a:   83 fa 02 8d 42 06 b9 08 00 00 00 49 8b d8 0f 4e
0x00007ffd4839f95a:   c1 48 63 c8 48 83 c1 07 83 e1 f8 48 63 f9 49 8b
0x00007ffd4839f96a:   48 18 48 8b c7 48 f7 d0 48 3b c1 73 16 4c 8d 05
0x00007ffd4839f97a:   ba 58 17 00 48 8b d7 48 8b cb e8 c7 cc 90 ff 48
0x00007ffd4839f98a:   8b 4b 18 48 8d 04 39 48 3b 43 20 76 18 45 33 c0
0x00007ffd4839f99a:   48 8b d7 48 8b cb 48 8b 5c 24 30 48 83 c4 20 5f
0x00007ffd4839f9aa:   e9 21 c9 90 ff 48 89 43 18 48 8b c1 48 8b 5c 24
0x00007ffd4839f9ba:   30 48 83 c4 20 5f c3 cc cc cc cc cc cc cc cc cc
0x00007ffd4839f9ca:   cc cc cc cc cc cc 4c 8b d2 4c 8b d9 45 85 c0 7e
0x00007ffd4839f9da:   3c 44 0f b7 49 04 41 8d 40 ff 41 3b c1 44 0f 4c
0x00007ffd4839f9ea:   c8 4d 63 c1 45 85 c9 7e 1f 48 8b c2 4c 2b da 49
0x00007ffd4839f9fa:   8b d0 0f 1f 40 00 41 0f b6 4c 03 06 88 08 48 8d
0x00007ffd4839fa0a:   40 01 48 83 ea 01 75 ee 43 c6 04 10 00 49 8b c2
0x00007ffd4839fa1a:   c3 cc cc cc cc cc 48 89 5c 24 08 57 48 83 ec 20
0x00007ffd4839fa2a:   0f b7 59 04 48 8b f9 33 d2 48 8d 4b 01 e8 f4 d9
0x00007ffd4839fa3a:   f2 ff 0f b7 57 04 4c 8b c0 3b da 0f 42 d3 44 8b
0x00007ffd4839fa4a:   ca 85 d2 74 39 48 2b f8 0f 1f 40 00 66 66 0f 1f
0x00007ffd4839fa5a:   84 00 00 00 00 00 0f b6 4c 07 06 88 08 48 ff c0
0x00007ffd4839fa6a:   48 8b c8 49 2b c8 49 3b c9 7c eb 42 c6 04 02 00
0x00007ffd4839fa7a:   49 8b c0 48 8b 5c 24 30 48 83 c4 20 5f c3 48 8b
0x00007ffd4839fa8a:   5c 24 30 c6 04 02 00 48 83 c4 20 5f c3 cc cc cc
0x00007ffd4839fa9a:   cc cc cc cc cc cc 4c 8b d1 45 85 c0 7e 6c 44 0f
0x00007ffd4839faaa:   b7 49 04 41 8d 40 ff 41 3b c1 44 0f 4c c8 4d 63
0x00007ffd4839faba:   d9 45 85 c9 7e 22 48 8b ca 4c 2b d2 4d 8b c3 0f
0x00007ffd4839faca:   1f 80 00 00 00 00 41 0f b6 44 0a 06 88 01 48 8d
0x00007ffd4839fada:   49 01 49 83 e8 01 75 ee 41 c6 04 13 00 48 c7 c0
0x00007ffd4839faea:   ff ff ff ff 66 90 48 ff c0 80 3c 02 00 75 f7 48
0x00007ffd4839fafa:   63 c8 85 c0 48 8b c2 7e 14 80 38 2f 75 03 c6 00
0x00007ffd4839fb0a:   2e 48 ff c0 48 83 e9 01 75 ef 48 8b c2 c3 cc cc
0x00007ffd4839fb1a:   cc cc cc cc cc cc 48 83 ec 28 e8 f7 fe ff ff 4c 


Stack slot to memory mapping:
stack at sp + 0 slots: 0x0000000000000023 is an unknown value
stack at sp + 1 slots: 0x000000080019cbd8 is a pointer to class: 
telran.util.HashSet$HashSetIterator {0x000000080019cbe0}
 - instance size:     5
 - klass size:        75
 - access:            synchronized 
 - state:             fully_initialized
 - name:              'telran/util/HashSet$HashSetIterator'
 - super:             'java/lang/Object'
 - sub:               
 - arrays:            NULL
 - methods:           Array<T>(0x00000205968c9620)
 - method ordering:   Array<T>(0x00000205968c9968)
 - default_methods:   Array<T>(0x00000205968bbd18)
 - default vtable indices:   Array<T>(0x00000205968bbd28)
 - local interfaces:  Array<T>(0x00000205968bb8a8)
 - trans. interfaces: Array<T>(0x00000205968bb8a8)
 - constants:         constant pool [95] {0x00000205968ca000} for 'telran/util/HashSet$HashSetIterator' cache=0x00000205968ca380
 - class loader data:  loader data: 0x00000205ffa5ac30 for instance a 'jdk/internal/loader/ClassLoaders$AppClassLoader'{0x000000072e800000}
 - source file:       'HashSet.java'
 - source debug extension:       SMAP
HashSet.java
Java
*S jdt
*F
1 HashSet.java
2 file:/D:/Tel_Ran/oop-introduction/bin/
*L
*E

 - class annotations:       Array<T>(0x0000000000000000)
 - class type annotations:  Array<T>(0x0000000000000000)
 - field annotations:       Array<T>(0x0000000000000000)
 - field type annotations:  Array<T>(0x0000000000000000)
 - generic signature: '
[error occurred during error reporting (inspecting top of stack), id 0xc0000005, EXCEPTION_ACCESS_VIOLATION (0xc0000005) at pc=0x00007ffd483a0636]


---------------  P R O C E S S  ---------------

Threads class SMR info:
_java_thread_list=0x00000205958e79d0, length=16, elements={
0x00000205f6628070, 0x0000020595035030, 0x0000020595035bb0, 0x00000205ffb4a800,
0x00000205ffb4c0d0, 0x00000205ffb4c990, 0x00000205ffb4d660, 0x00000205950767e0,
0x00000205950770e0, 0x00000205950821c0, 0x00000205951f3c60, 0x00000205952efe20,
0x00000205952f1da0, 0x00000205952f2690, 0x0000020595a53110, 0x0000020595ec2340
}

Java Threads: ( => current thread )
  0x00000205f6628070 JavaThread "main" [_thread_blocked, id=18188, stack(0x00000050ab800000,0x00000050ab900000)]
  0x0000020595035030 JavaThread "Reference Handler" daemon [_thread_blocked, id=18044, stack(0x00000050abf00000,0x00000050ac000000)]
  0x0000020595035bb0 JavaThread "Finalizer" daemon [_thread_blocked, id=7992, stack(0x00000050ac000000,0x00000050ac100000)]
  0x00000205ffb4a800 JavaThread "Signal Dispatcher" daemon [_thread_blocked, id=16204, stack(0x00000050ac100000,0x00000050ac200000)]
  0x00000205ffb4c0d0 JavaThread "Attach Listener" daemon [_thread_blocked, id=4472, stack(0x00000050ac200000,0x00000050ac300000)]
  0x00000205ffb4c990 JavaThread "Service Thread" daemon [_thread_blocked, id=10892, stack(0x00000050ac300000,0x00000050ac400000)]
  0x00000205ffb4d660 JavaThread "Monitor Deflation Thread" daemon [_thread_blocked, id=8888, stack(0x00000050ac400000,0x00000050ac500000)]
  0x00000205950767e0 JavaThread "C2 CompilerThread0" daemon [_thread_blocked, id=3180, stack(0x00000050ac500000,0x00000050ac600000)]
  0x00000205950770e0 JavaThread "C1 CompilerThread0" daemon [_thread_blocked, id=17296, stack(0x00000050ac600000,0x00000050ac700000)]
  0x00000205950821c0 JavaThread "Sweeper thread" daemon [_thread_blocked, id=4828, stack(0x00000050ac700000,0x00000050ac800000)]
  0x00000205951f3c60 JavaThread "Common-Cleaner" daemon [_thread_blocked, id=15280, stack(0x00000050ac800000,0x00000050ac900000)]
=>0x00000205952efe20 JavaThread "JDWP Transport Listener: dt_socket" daemon [_thread_in_vm, id=13832, stack(0x00000050aca00000,0x00000050acb00000)]
  0x00000205952f1da0 JavaThread "JDWP Event Helper Thread" daemon [_thread_blocked, id=10528, stack(0x00000050acb00000,0x00000050acc00000)]
  0x00000205952f2690 JavaThread "JDWP Command Reader" daemon [_thread_in_native, id=15852, stack(0x00000050acc00000,0x00000050acd00000)]
  0x0000020595a53110 JavaThread "Notification Thread" daemon [_thread_blocked, id=13512, stack(0x00000050acd00000,0x00000050ace00000)]
  0x0000020595ec2340 JavaThread "ReaderThread" [_thread_in_native, id=9060, stack(0x00000050acf00000,0x00000050ad000000)]

Other Threads:
  0x00000205ffb340b0 VMThread "VM Thread" [stack: 0x00000050abe00000,0x00000050abf00000] [id=12396]
  0x00000205f66ad5d0 WatcherThread [stack: 0x00000050ace00000,0x00000050acf00000] [id=9772]
  0x00000205f6689be0 GCTaskThread "GC Thread#0" [stack: 0x00000050ab900000,0x00000050aba00000] [id=15788]
  0x00000205960109f0 GCTaskThread "GC Thread#1" [stack: 0x00000050ac900000,0x00000050aca00000] [id=17012]
  0x0000020596010ca0 GCTaskThread "GC Thread#2" [stack: 0x00000050ad000000,0x00000050ad100000] [id=8916]
  0x0000020596010f50 GCTaskThread "GC Thread#3" [stack: 0x00000050ad100000,0x00000050ad200000] [id=5992]
  0x0000020596011200 GCTaskThread "GC Thread#4" [stack: 0x00000050ad200000,0x00000050ad300000] [id=6616]
  0x000002059602b770 GCTaskThread "GC Thread#5" [stack: 0x00000050ad300000,0x00000050ad400000] [id=8436]
  0x000002059602d240 GCTaskThread "GC Thread#6" [stack: 0x00000050ad400000,0x00000050ad500000] [id=17340]
  0x000002059602dd00 GCTaskThread "GC Thread#7" [stack: 0x00000050ad500000,0x00000050ad600000] [id=16404]
  0x00000205f441d710 ConcurrentGCThread "G1 Main Marker" [stack: 0x00000050aba00000,0x00000050abb00000] [id=3792]
  0x00000205f441e030 ConcurrentGCThread "G1 Conc#0" [stack: 0x00000050abb00000,0x00000050abc00000] [id=8060]
  0x00000205ff9b34d0 ConcurrentGCThread "G1 Refine#0" [stack: 0x00000050abc00000,0x00000050abd00000] [id=17896]
  0x00000205f66f3830 ConcurrentGCThread "G1 Service" [stack: 0x00000050abd00000,0x00000050abe00000] [id=14580]

Threads with active compile tasks:

VM state: not at safepoint (normal execution)

VM Mutex/Monitor currently owned by a thread: None

Heap address: 0x0000000722200000, size: 3550 MB, Compressed Oops mode: Zero based, Oop shift amount: 3

CDS archive(s) not mapped
Compressed class space mapped at: 0x0000000800000000-0x0000000840000000, reserved size: 1073741824
Narrow klass base: 0x0000000800000000, Narrow klass shift: 0, Narrow klass range: 0x40000000

GC Precious Log:
 CPUs: 12 total, 12 available
 Memory: 14197M
 Large Page Support: Disabled
 NUMA Support: Disabled
 Compressed Oops: Enabled (Zero based)
 Heap Region Size: 2M
 Heap Min Capacity: 8M
 Heap Initial Capacity: 222M
 Heap Max Capacity: 3550M
 Pre-touch: Disabled
 Parallel Workers: 10
 Concurrent Workers: 3
 Concurrent Refinement Workers: 10
 Periodic GC: Disabled

Heap:
 garbage-first heap   total 227328K, used 18752K [0x0000000722200000, 0x0000000800000000)
  region size 2048K, 11 young (22528K), 2 survivors (4096K)
 Metaspace       used 15083K, committed 15232K, reserved 1064960K
  class space    used 1551K, committed 1600K, reserved 1048576K

Heap Regions: E=young(eden), S=young(survivor), O=old, HS=humongous(starts), HC=humongous(continues), CS=collection set, F=free, OA=open archive, CA=closed archive, TAMS=top-at-mark-start (previous, next)
|   0|0x0000000722200000, 0x0000000722200000, 0x0000000722400000|  0%| F|  |TAMS 0x0000000722200000, 0x0000000722200000| Untracked 
|   1|0x0000000722400000, 0x0000000722400000, 0x0000000722600000|  0%| F|  |TAMS 0x0000000722400000, 0x0000000722400000| Untracked 
|   2|0x0000000722600000, 0x0000000722600000, 0x0000000722800000|  0%| F|  |TAMS 0x0000000722600000, 0x0000000722600000| Untracked 
|   3|0x0000000722800000, 0x0000000722800000, 0x0000000722a00000|  0%| F|  |TAMS 0x0000000722800000, 0x0000000722800000| Untracked 
|   4|0x0000000722a00000, 0x0000000722a00000, 0x0000000722c00000|  0%| F|  |TAMS 0x0000000722a00000, 0x0000000722a00000| Untracked 
|   5|0x0000000722c00000, 0x0000000722c00000, 0x0000000722e00000|  0%| F|  |TAMS 0x0000000722c00000, 0x0000000722c00000| Untracked 
|   6|0x0000000722e00000, 0x0000000722e00000, 0x0000000723000000|  0%| F|  |TAMS 0x0000000722e00000, 0x0000000722e00000| Untracked 
|   7|0x0000000723000000, 0x0000000723000000, 0x0000000723200000|  0%| F|  |TAMS 0x0000000723000000, 0x0000000723000000| Untracked 
|   8|0x0000000723200000, 0x0000000723200000, 0x0000000723400000|  0%| F|  |TAMS 0x0000000723200000, 0x0000000723200000| Untracked 
|   9|0x0000000723400000, 0x0000000723400000, 0x0000000723600000|  0%| F|  |TAMS 0x0000000723400000, 0x0000000723400000| Untracked 
|  10|0x0000000723600000, 0x0000000723600000, 0x0000000723800000|  0%| F|  |TAMS 0x0000000723600000, 0x0000000723600000| Untracked 
|  11|0x0000000723800000, 0x0000000723800000, 0x0000000723a00000|  0%| F|  |TAMS 0x0000000723800000, 0x0000000723800000| Untracked 
|  12|0x0000000723a00000, 0x0000000723a00000, 0x0000000723c00000|  0%| F|  |TAMS 0x0000000723a00000, 0x0000000723a00000| Untracked 
|  13|0x0000000723c00000, 0x0000000723c00000, 0x0000000723e00000|  0%| F|  |TAMS 0x0000000723c00000, 0x0000000723c00000| Untracked 
|  14|0x0000000723e00000, 0x0000000723e00000, 0x0000000724000000|  0%| F|  |TAMS 0x0000000723e00000, 0x0000000723e00000| Untracked 
|  15|0x0000000724000000, 0x0000000724000000, 0x0000000724200000|  0%| F|  |TAMS 0x0000000724000000, 0x0000000724000000| Untracked 
|  16|0x0000000724200000, 0x0000000724200000, 0x0000000724400000|  0%| F|  |TAMS 0x0000000724200000, 0x0000000724200000| Untracked 
|  17|0x0000000724400000, 0x0000000724400000, 0x0000000724600000|  0%| F|  |TAMS 0x0000000724400000, 0x0000000724400000| Untracked 
|  18|0x0000000724600000, 0x0000000724600000, 0x0000000724800000|  0%| F|  |TAMS 0x0000000724600000, 0x0000000724600000| Untracked 
|  19|0x0000000724800000, 0x0000000724800000, 0x0000000724a00000|  0%| F|  |TAMS 0x0000000724800000, 0x0000000724800000| Untracked 
|  20|0x0000000724a00000, 0x0000000724a00000, 0x0000000724c00000|  0%| F|  |TAMS 0x0000000724a00000, 0x0000000724a00000| Untracked 
|  21|0x0000000724c00000, 0x0000000724c00000, 0x0000000724e00000|  0%| F|  |TAMS 0x0000000724c00000, 0x0000000724c00000| Untracked 
|  22|0x0000000724e00000, 0x0000000724e00000, 0x0000000725000000|  0%| F|  |TAMS 0x0000000724e00000, 0x0000000724e00000| Untracked 
|  23|0x0000000725000000, 0x0000000725000000, 0x0000000725200000|  0%| F|  |TAMS 0x0000000725000000, 0x0000000725000000| Untracked 
|  24|0x0000000725200000, 0x0000000725200000, 0x0000000725400000|  0%| F|  |TAMS 0x0000000725200000, 0x0000000725200000| Untracked 
|  25|0x0000000725400000, 0x0000000725400000, 0x0000000725600000|  0%| F|  |TAMS 0x0000000725400000, 0x0000000725400000| Untracked 
|  26|0x0000000725600000, 0x0000000725600000, 0x0000000725800000|  0%| F|  |TAMS 0x0000000725600000, 0x0000000725600000| Untracked 
|  27|0x0000000725800000, 0x0000000725800000, 0x0000000725a00000|  0%| F|  |TAMS 0x0000000725800000, 0x0000000725800000| Untracked 
|  28|0x0000000725a00000, 0x0000000725a00000, 0x0000000725c00000|  0%| F|  |TAMS 0x0000000725a00000, 0x0000000725a00000| Untracked 
|  29|0x0000000725c00000, 0x0000000725c00000, 0x0000000725e00000|  0%| F|  |TAMS 0x0000000725c00000, 0x0000000725c00000| Untracked 
|  30|0x0000000725e00000, 0x0000000725e00000, 0x0000000726000000|  0%| F|  |TAMS 0x0000000725e00000, 0x0000000725e00000| Untracked 
|  31|0x0000000726000000, 0x0000000726000000, 0x0000000726200000|  0%| F|  |TAMS 0x0000000726000000, 0x0000000726000000| Untracked 
|  32|0x0000000726200000, 0x0000000726200000, 0x0000000726400000|  0%| F|  |TAMS 0x0000000726200000, 0x0000000726200000| Untracked 
|  33|0x0000000726400000, 0x0000000726400000, 0x0000000726600000|  0%| F|  |TAMS 0x0000000726400000, 0x0000000726400000| Untracked 
|  34|0x0000000726600000, 0x0000000726600000, 0x0000000726800000|  0%| F|  |TAMS 0x0000000726600000, 0x0000000726600000| Untracked 
|  35|0x0000000726800000, 0x0000000726800000, 0x0000000726a00000|  0%| F|  |TAMS 0x0000000726800000, 0x0000000726800000| Untracked 
|  36|0x0000000726a00000, 0x0000000726a00000, 0x0000000726c00000|  0%| F|  |TAMS 0x0000000726a00000, 0x0000000726a00000| Untracked 
|  37|0x0000000726c00000, 0x0000000726c00000, 0x0000000726e00000|  0%| F|  |TAMS 0x0000000726c00000, 0x0000000726c00000| Untracked 
|  38|0x0000000726e00000, 0x0000000726e00000, 0x0000000727000000|  0%| F|  |TAMS 0x0000000726e00000, 0x0000000726e00000| Untracked 
|  39|0x0000000727000000, 0x0000000727000000, 0x0000000727200000|  0%| F|  |TAMS 0x0000000727000000, 0x0000000727000000| Untracked 
|  40|0x0000000727200000, 0x0000000727200000, 0x0000000727400000|  0%| F|  |TAMS 0x0000000727200000, 0x0000000727200000| Untracked 
|  41|0x0000000727400000, 0x0000000727400000, 0x0000000727600000|  0%| F|  |TAMS 0x0000000727400000, 0x0000000727400000| Untracked 
|  42|0x0000000727600000, 0x0000000727600000, 0x0000000727800000|  0%| F|  |TAMS 0x0000000727600000, 0x0000000727600000| Untracked 
|  43|0x0000000727800000, 0x0000000727800000, 0x0000000727a00000|  0%| F|  |TAMS 0x0000000727800000, 0x0000000727800000| Untracked 
|  44|0x0000000727a00000, 0x0000000727a00000, 0x0000000727c00000|  0%| F|  |TAMS 0x0000000727a00000, 0x0000000727a00000| Untracked 
|  45|0x0000000727c00000, 0x0000000727c00000, 0x0000000727e00000|  0%| F|  |TAMS 0x0000000727c00000, 0x0000000727c00000| Untracked 
|  46|0x0000000727e00000, 0x0000000727e00000, 0x0000000728000000|  0%| F|  |TAMS 0x0000000727e00000, 0x0000000727e00000| Untracked 
|  47|0x0000000728000000, 0x0000000728000000, 0x0000000728200000|  0%| F|  |TAMS 0x0000000728000000, 0x0000000728000000| Untracked 
|  48|0x0000000728200000, 0x0000000728200000, 0x0000000728400000|  0%| F|  |TAMS 0x0000000728200000, 0x0000000728200000| Untracked 
|  49|0x0000000728400000, 0x0000000728400000, 0x0000000728600000|  0%| F|  |TAMS 0x0000000728400000, 0x0000000728400000| Untracked 
|  50|0x0000000728600000, 0x0000000728600000, 0x0000000728800000|  0%| F|  |TAMS 0x0000000728600000, 0x0000000728600000| Untracked 
|  51|0x0000000728800000, 0x0000000728800000, 0x0000000728a00000|  0%| F|  |TAMS 0x0000000728800000, 0x0000000728800000| Untracked 
|  52|0x0000000728a00000, 0x0000000728a00000, 0x0000000728c00000|  0%| F|  |TAMS 0x0000000728a00000, 0x0000000728a00000| Untracked 
|  53|0x0000000728c00000, 0x0000000728c00000, 0x0000000728e00000|  0%| F|  |TAMS 0x0000000728c00000, 0x0000000728c00000| Untracked 
|  54|0x0000000728e00000, 0x0000000728e00000, 0x0000000729000000|  0%| F|  |TAMS 0x0000000728e00000, 0x0000000728e00000| Untracked 
|  55|0x0000000729000000, 0x0000000729000000, 0x0000000729200000|  0%| F|  |TAMS 0x0000000729000000, 0x0000000729000000| Untracked 
|  56|0x0000000729200000, 0x0000000729200000, 0x0000000729400000|  0%| F|  |TAMS 0x0000000729200000, 0x0000000729200000| Untracked 
|  57|0x0000000729400000, 0x0000000729400000, 0x0000000729600000|  0%| F|  |TAMS 0x0000000729400000, 0x0000000729400000| Untracked 
|  58|0x0000000729600000, 0x0000000729600000, 0x0000000729800000|  0%| F|  |TAMS 0x0000000729600000, 0x0000000729600000| Untracked 
|  59|0x0000000729800000, 0x0000000729800000, 0x0000000729a00000|  0%| F|  |TAMS 0x0000000729800000, 0x0000000729800000| Untracked 
|  60|0x0000000729a00000, 0x0000000729a00000, 0x0000000729c00000|  0%| F|  |TAMS 0x0000000729a00000, 0x0000000729a00000| Untracked 
|  61|0x0000000729c00000, 0x0000000729c00000, 0x0000000729e00000|  0%| F|  |TAMS 0x0000000729c00000, 0x0000000729c00000| Untracked 
|  62|0x0000000729e00000, 0x0000000729e00000, 0x000000072a000000|  0%| F|  |TAMS 0x0000000729e00000, 0x0000000729e00000| Untracked 
|  63|0x000000072a000000, 0x000000072a000000, 0x000000072a200000|  0%| F|  |TAMS 0x000000072a000000, 0x000000072a000000| Untracked 
|  64|0x000000072a200000, 0x000000072a200000, 0x000000072a400000|  0%| F|  |TAMS 0x000000072a200000, 0x000000072a200000| Untracked 
|  65|0x000000072a400000, 0x000000072a400000, 0x000000072a600000|  0%| F|  |TAMS 0x000000072a400000, 0x000000072a400000| Untracked 
|  66|0x000000072a600000, 0x000000072a600000, 0x000000072a800000|  0%| F|  |TAMS 0x000000072a600000, 0x000000072a600000| Untracked 
|  67|0x000000072a800000, 0x000000072a800000, 0x000000072aa00000|  0%| F|  |TAMS 0x000000072a800000, 0x000000072a800000| Untracked 
|  68|0x000000072aa00000, 0x000000072aa00000, 0x000000072ac00000|  0%| F|  |TAMS 0x000000072aa00000, 0x000000072aa00000| Untracked 
|  69|0x000000072ac00000, 0x000000072ac00000, 0x000000072ae00000|  0%| F|  |TAMS 0x000000072ac00000, 0x000000072ac00000| Untracked 
|  70|0x000000072ae00000, 0x000000072ae00000, 0x000000072b000000|  0%| F|  |TAMS 0x000000072ae00000, 0x000000072ae00000| Untracked 
|  71|0x000000072b000000, 0x000000072b000000, 0x000000072b200000|  0%| F|  |TAMS 0x000000072b000000, 0x000000072b000000| Untracked 
|  72|0x000000072b200000, 0x000000072b200000, 0x000000072b400000|  0%| F|  |TAMS 0x000000072b200000, 0x000000072b200000| Untracked 
|  73|0x000000072b400000, 0x000000072b400000, 0x000000072b600000|  0%| F|  |TAMS 0x000000072b400000, 0x000000072b400000| Untracked 
|  74|0x000000072b600000, 0x000000072b600000, 0x000000072b800000|  0%| F|  |TAMS 0x000000072b600000, 0x000000072b600000| Untracked 
|  75|0x000000072b800000, 0x000000072b800000, 0x000000072ba00000|  0%| F|  |TAMS 0x000000072b800000, 0x000000072b800000| Untracked 
|  76|0x000000072ba00000, 0x000000072ba00000, 0x000000072bc00000|  0%| F|  |TAMS 0x000000072ba00000, 0x000000072ba00000| Untracked 
|  77|0x000000072bc00000, 0x000000072bc00000, 0x000000072be00000|  0%| F|  |TAMS 0x000000072bc00000, 0x000000072bc00000| Untracked 
|  78|0x000000072be00000, 0x000000072be00000, 0x000000072c000000|  0%| F|  |TAMS 0x000000072be00000, 0x000000072be00000| Untracked 
|  79|0x000000072c000000, 0x000000072c000000, 0x000000072c200000|  0%| F|  |TAMS 0x000000072c000000, 0x000000072c000000| Untracked 
|  80|0x000000072c200000, 0x000000072c200000, 0x000000072c400000|  0%| F|  |TAMS 0x000000072c200000, 0x000000072c200000| Untracked 
|  81|0x000000072c400000, 0x000000072c400000, 0x000000072c600000|  0%| F|  |TAMS 0x000000072c400000, 0x000000072c400000| Untracked 
|  82|0x000000072c600000, 0x000000072c600000, 0x000000072c800000|  0%| F|  |TAMS 0x000000072c600000, 0x000000072c600000| Untracked 
|  83|0x000000072c800000, 0x000000072c800000, 0x000000072ca00000|  0%| F|  |TAMS 0x000000072c800000, 0x000000072c800000| Untracked 
|  84|0x000000072ca00000, 0x000000072ca00000, 0x000000072cc00000|  0%| F|  |TAMS 0x000000072ca00000, 0x000000072ca00000| Untracked 
|  85|0x000000072cc00000, 0x000000072cc00000, 0x000000072ce00000|  0%| F|  |TAMS 0x000000072cc00000, 0x000000072cc00000| Untracked 
|  86|0x000000072ce00000, 0x000000072ce00000, 0x000000072d000000|  0%| F|  |TAMS 0x000000072ce00000, 0x000000072ce00000| Untracked 
|  87|0x000000072d000000, 0x000000072d000000, 0x000000072d200000|  0%| F|  |TAMS 0x000000072d000000, 0x000000072d000000| Untracked 
|  88|0x000000072d200000, 0x000000072d200000, 0x000000072d400000|  0%| F|  |TAMS 0x000000072d200000, 0x000000072d200000| Untracked 
|  89|0x000000072d400000, 0x000000072d400000, 0x000000072d600000|  0%| F|  |TAMS 0x000000072d400000, 0x000000072d400000| Untracked 
|  90|0x000000072d600000, 0x000000072d600000, 0x000000072d800000|  0%| F|  |TAMS 0x000000072d600000, 0x000000072d600000| Untracked 
|  91|0x000000072d800000, 0x000000072d800000, 0x000000072da00000|  0%| F|  |TAMS 0x000000072d800000, 0x000000072d800000| Untracked 
|  92|0x000000072da00000, 0x000000072da00000, 0x000000072dc00000|  0%| F|  |TAMS 0x000000072da00000, 0x000000072da00000| Untracked 
|  93|0x000000072dc00000, 0x000000072dc00000, 0x000000072de00000|  0%| F|  |TAMS 0x000000072dc00000, 0x000000072dc00000| Untracked 
|  94|0x000000072de00000, 0x000000072de00000, 0x000000072e000000|  0%| F|  |TAMS 0x000000072de00000, 0x000000072de00000| Untracked 
|  95|0x000000072e000000, 0x000000072e000000, 0x000000072e200000|  0%| F|  |TAMS 0x000000072e000000, 0x000000072e000000| Untracked 
|  96|0x000000072e200000, 0x000000072e200000, 0x000000072e400000|  0%| F|  |TAMS 0x000000072e200000, 0x000000072e200000| Untracked 
|  97|0x000000072e400000, 0x000000072e400000, 0x000000072e600000|  0%| F|  |TAMS 0x000000072e400000, 0x000000072e400000| Untracked 
|  98|0x000000072e600000, 0x000000072e650000, 0x000000072e800000| 15%| S|CS|TAMS 0x000000072e600000, 0x000000072e600000| Complete 
|  99|0x000000072e800000, 0x000000072ea00000, 0x000000072ea00000|100%| S|CS|TAMS 0x000000072e800000, 0x000000072e800000| Complete 
| 100|0x000000072ea00000, 0x000000072ea00000, 0x000000072ec00000|  0%| F|  |TAMS 0x000000072ea00000, 0x000000072ea00000| Untracked 
| 101|0x000000072ec00000, 0x000000072ec00000, 0x000000072ee00000|  0%| F|  |TAMS 0x000000072ec00000, 0x000000072ec00000| Untracked 
| 102|0x000000072ee00000, 0x000000072efd67b0, 0x000000072f000000| 91%| E|  |TAMS 0x000000072ee00000, 0x000000072ee00000| Complete 
| 103|0x000000072f000000, 0x000000072f200000, 0x000000072f200000|100%| E|CS|TAMS 0x000000072f000000, 0x000000072f000000| Complete 
| 104|0x000000072f200000, 0x000000072f400000, 0x000000072f400000|100%| E|CS|TAMS 0x000000072f200000, 0x000000072f200000| Complete 
| 105|0x000000072f400000, 0x000000072f600000, 0x000000072f600000|100%| E|CS|TAMS 0x000000072f400000, 0x000000072f400000| Complete 
| 106|0x000000072f600000, 0x000000072f800000, 0x000000072f800000|100%| E|CS|TAMS 0x000000072f600000, 0x000000072f600000| Complete 
| 107|0x000000072f800000, 0x000000072fa00000, 0x000000072fa00000|100%| E|CS|TAMS 0x000000072f800000, 0x000000072f800000| Complete 
| 108|0x000000072fa00000, 0x000000072fc00000, 0x000000072fc00000|100%| E|CS|TAMS 0x000000072fa00000, 0x000000072fa00000| Complete 
| 109|0x000000072fc00000, 0x000000072fe00000, 0x000000072fe00000|100%| E|CS|TAMS 0x000000072fc00000, 0x000000072fc00000| Complete 
| 110|0x000000072fe00000, 0x0000000730000000, 0x0000000730000000|100%| E|CS|TAMS 0x000000072fe00000, 0x000000072fe00000| Complete 

Card table byte_map: [0x00000205fa930000,0x00000205fb020000] _byte_map_base: 0x00000205f701f000

Marking Bits (Prev, Next): (CMBitMap*) 0x00000205f668a100, (CMBitMap*) 0x00000205f668a140
 Prev Bits: [0x00000205fb710000, 0x00000205fee88000)
 Next Bits: [0x000002058f000000, 0x0000020592778000)

Polling page: 0x00000205f45b0000

Metaspace:

Usage:
  Non-class:     13.21 MB used.
      Class:      1.52 MB used.
       Both:     14.73 MB used.

Virtual space:
  Non-class space:       16.00 MB reserved,      13.31 MB ( 83%) committed,  2 nodes.
      Class space:        1.00 GB reserved,       1.56 MB ( <1%) committed,  1 nodes.
             Both:        1.02 GB reserved,      14.88 MB (  1%) committed. 

Chunk freelists:
   Non-Class:  2.20 MB
       Class:  2.38 MB
        Both:  4.58 MB

MaxMetaspaceSize: unlimited
CompressedClassSpaceSize: 1.00 GB
Initial GC threshold: 21.00 MB
Current GC threshold: 21.00 MB
CDS: off
MetaspaceReclaimPolicy: balanced
 - commit_granule_bytes: 65536.
 - commit_granule_words: 8192.
 - virtual_space_node_default_size: 1048576.
 - enlarge_chunks_in_place: 1.
 - new_chunks_are_fully_committed: 0.
 - uncommit_free_chunks: 1.
 - use_allocation_guard: 0.
 - handle_deallocations: 1.


Internal statistics:

num_allocs_failed_limit: 0.
num_arena_births: 94.
num_arena_deaths: 0.
num_vsnodes_births: 3.
num_vsnodes_deaths: 0.
num_space_committed: 238.
num_space_uncommitted: 0.
num_chunks_returned_to_freelist: 0.
num_chunks_taken_from_freelist: 331.
num_chunk_merges: 0.
num_chunk_splits: 164.
num_chunks_enlarged: 98.
num_purges: 0.
num_inconsistent_stats: 0.

CodeHeap 'non-profiled nmethods': size=120000Kb used=455Kb max_used=455Kb free=119544Kb
 bounds [0x0000020587ad0000, 0x0000020587d40000, 0x000002058f000000]
CodeHeap 'profiled nmethods': size=120000Kb used=3141Kb max_used=3141Kb free=116859Kb
 bounds [0x00000205805a0000, 0x00000205808c0000, 0x0000020587ad0000]
CodeHeap 'non-nmethods': size=5760Kb used=1229Kb max_used=1249Kb free=4530Kb
 bounds [0x0000020580000000, 0x0000020580270000, 0x00000205805a0000]
 total_blobs=1978 nmethods=1526 adapters=364
 compilation: enabled
              stopped_count=0, restarted_count=0
 full_count=0

Compilation events (20 events):
Event: 1.515 Thread 0x00000205950767e0 nmethod 1486 0x0000020587b40f10 code [0x0000020587b41080, 0x0000020587b41118]
Event: 1.515 Thread 0x00000205950767e0 1503       4       java.lang.StringBuilder::<init> (7 bytes)
Event: 1.515 Thread 0x00000205950770e0 nmethod 1518 0x00000205808ad890 code [0x00000205808ada40, 0x00000205808adcc8]
Event: 1.515 Thread 0x00000205950770e0 1523       3       java.util.stream.Collectors$$Lambda$83/0x00000008000ead10::accept (14 bytes)
Event: 1.516 Thread 0x00000205950770e0 nmethod 1523 0x00000205808ade90 code [0x00000205808ae060, 0x00000205808ae648]
Event: 1.516 Thread 0x00000205950770e0 1522       3       java.util.ArrayList::toArray (12 bytes)
Event: 1.516 Thread 0x00000205950770e0 nmethod 1522 0x00000205808ae890 code [0x00000205808aea40, 0x00000205808aec28]
Event: 1.516 Thread 0x00000205950770e0 1521       3       java.util.stream.MatchOps::makeRef (29 bytes)
Event: 1.517 Thread 0x00000205950770e0 nmethod 1521 0x00000205808aed10 code [0x00000205808aef80, 0x00000205808afb48]
Event: 1.517 Thread 0x00000205950770e0 1525       3       java.util.Collections$EmptySet::toArray (11 bytes)
Event: 1.517 Thread 0x00000205950770e0 nmethod 1525 0x00000205808aff90 code [0x00000205808b0140, 0x00000205808b0458]
Event: 1.517 Thread 0x00000205950770e0 1524       3       java.lang.Class::isAnnotationPresent (6 bytes)
Event: 1.517 Thread 0x00000205950767e0 nmethod 1503 0x0000020587b41210 code [0x0000020587b413a0, 0x0000020587b41558]
Event: 1.517 Thread 0x00000205950767e0 1475       4       java.util.stream.AbstractPipeline::isParallel (8 bytes)
Event: 1.518 Thread 0x00000205950770e0 nmethod 1524 0x00000205808b0590 code [0x00000205808b0780, 0x00000205808b0d48]
Event: 1.518 Thread 0x00000205950770e0 1520       3       java.util.stream.MatchOps$1MatchSink::accept (44 bytes)
Event: 1.518 Thread 0x00000205950767e0 nmethod 1475 0x0000020587b41610 code [0x0000020587b41780, 0x0000020587b41818]
Event: 1.518 Thread 0x00000205950770e0 nmethod 1520 0x00000205808b0f10 code [0x00000205808b10c0, 0x00000205808b1348]
Event: 1.518 Thread 0x00000205950770e0 1526  s    1       java.lang.StringBuffer::length (5 bytes)
Event: 1.518 Thread 0x00000205950770e0 nmethod 1526 0x0000020587b41910 code [0x0000020587b41aa0, 0x0000020587b41c18]

GC Heap History (2 events):
Event: 1.053 GC heap before
{Heap before GC invocations=0 (full 0):
 garbage-first heap   total 227328K, used 22528K [0x0000000722200000, 0x0000000800000000)
  region size 2048K, 11 young (22528K), 0 survivors (0K)
 Metaspace       used 12694K, committed 12864K, reserved 1064960K
  class space    used 1210K, committed 1280K, reserved 1048576K
}
Event: 1.057 GC heap after
{Heap after GC invocations=1 (full 0):
 garbage-first heap   total 227328K, used 2368K [0x0000000722200000, 0x0000000800000000)
  region size 2048K, 2 young (4096K), 2 survivors (4096K)
 Metaspace       used 12694K, committed 12864K, reserved 1064960K
  class space    used 1210K, committed 1280K, reserved 1048576K
}

Deoptimization events (20 events):
Event: 1.408 Thread 0x00000205f6628070 Uncommon trap: trap_request=0xffffff45 fr.pc=0x0000020587af93dc relative=0x000000000000089c
Event: 1.408 Thread 0x00000205f6628070 Uncommon trap: reason=unstable_if action=reinterpret pc=0x0000020587af93dc method=org.eclipse.jdt.launching.internal.org.objectweb.asm.ClassReader.readUtf(II[C)Ljava/lang/String; @ 41 c2
Event: 1.408 Thread 0x00000205f6628070 DEOPT PACKING pc=0x0000020587af93dc sp=0x00000050ab8f9f60
Event: 1.408 Thread 0x00000205f6628070 DEOPT UNPACKING pc=0x00000205800523a3 sp=0x00000050ab8f9f48 mode 2
Event: 1.408 Thread 0x00000205f6628070 Uncommon trap: trap_request=0xffffff45 fr.pc=0x0000020587b34ab8 relative=0x0000000000000598
Event: 1.408 Thread 0x00000205f6628070 Uncommon trap: reason=unstable_if action=reinterpret pc=0x0000020587b34ab8 method=java.lang.String.hashCode()I @ 20 c2
Event: 1.408 Thread 0x00000205f6628070 DEOPT PACKING pc=0x0000020587b34ab8 sp=0x00000050ab8fa010
Event: 1.408 Thread 0x00000205f6628070 DEOPT UNPACKING pc=0x00000205800523a3 sp=0x00000050ab8f9ef0 mode 2
Event: 1.408 Thread 0x00000205f6628070 Uncommon trap: trap_request=0xffffff45 fr.pc=0x0000020587ad919c relative=0x000000000000019c
Event: 1.408 Thread 0x00000205f6628070 Uncommon trap: reason=unstable_if action=reinterpret pc=0x0000020587ad919c method=java.lang.String.isLatin1()Z @ 10 c2
Event: 1.408 Thread 0x00000205f6628070 DEOPT PACKING pc=0x0000020587ad919c sp=0x00000050ab8f9f60
Event: 1.408 Thread 0x00000205f6628070 DEOPT UNPACKING pc=0x00000205800523a3 sp=0x00000050ab8f9e90 mode 2
Event: 1.408 Thread 0x00000205f6628070 Uncommon trap: trap_request=0xffffff45 fr.pc=0x0000020587adafe0 relative=0x0000000000000060
Event: 1.409 Thread 0x00000205f6628070 Uncommon trap: reason=unstable_if action=reinterpret pc=0x0000020587adafe0 method=java.lang.String.isLatin1()Z @ 10 c2
Event: 1.409 Thread 0x00000205f6628070 DEOPT PACKING pc=0x0000020587adafe0 sp=0x00000050ab8f9ee0
Event: 1.409 Thread 0x00000205f6628070 DEOPT UNPACKING pc=0x00000205800523a3 sp=0x00000050ab8f9e80 mode 2
Event: 1.410 Thread 0x00000205f6628070 Uncommon trap: trap_request=0xffffff45 fr.pc=0x0000020587ae4248 relative=0x0000000000000048
Event: 1.410 Thread 0x00000205f6628070 Uncommon trap: reason=unstable_if action=reinterpret pc=0x0000020587ae4248 method=java.lang.CharacterData.of(I)Ljava/lang/CharacterData; @ 4 c2
Event: 1.410 Thread 0x00000205f6628070 DEOPT PACKING pc=0x0000020587ae4248 sp=0x00000050ab8fb940
Event: 1.410 Thread 0x00000205f6628070 DEOPT UNPACKING pc=0x00000205800523a3 sp=0x00000050ab8fb8e0 mode 2

Classes unloaded (0 events):
No events

Classes redefined (2 events):
Event: 111.143 Thread 0x00000205ffb340b0 redefined class name=telran.util.HashSet, count=1
Event: 111.143 Thread 0x00000205ffb340b0 redefined class name=telran.util.HashSet$HashSetIterator, count=1

Internal exceptions (20 events):
Event: 1.090 Thread 0x00000205f6628070 Exception <a 'java/lang/NoSuchMethodError'{0x000000072ffb3518}: 'java.lang.Object java.lang.invoke.DirectMethodHandle$Holder.invokeStatic(java.lang.Object, java.lang.Object, int)'> (0x000000072ffb3518) 
thrown [s\src\hotspot\share\interpreter\linkResolver.cpp, line 759]
Event: 1.103 Thread 0x00000205f6628070 Exception <a 'java/lang/NoSuchMethodError'{0x000000072fc26ca8}: 'void java.lang.invoke.DirectMethodHandle$Holder.invokeSpecial(java.lang.Object, java.lang.Object, java.lang.Object, java.lang.Object, java.lang.Object)'> (0x000000072fc26ca8) 
thrown [s\src\hotspot\share\interpreter\linkResolver.cpp, line 759]
Event: 1.206 Thread 0x00000205f6628070 Exception <a 'java/lang/NoSuchMethodError'{0x000000072f8eed78}: 'java.lang.Object java.lang.invoke.DirectMethodHandle$Holder.newInvokeSpecial(java.lang.Object, java.lang.Object, int)'> (0x000000072f8eed78) 
thrown [s\src\hotspot\share\interpreter\linkResolver.cpp, line 759]
Event: 1.224 Thread 0x00000205f6628070 Exception <a 'java/lang/NoSuchMethodError'{0x000000072f966ef8}: 'void java.lang.invoke.DirectMethodHandle$Holder.invokeInterface(java.lang.Object, java.lang.Object, java.lang.Object, java.lang.Object)'> (0x000000072f966ef8) 
thrown [s\src\hotspot\share\interpreter\linkResolver.cpp, line 759]
Event: 1.224 Thread 0x00000205f6628070 Exception <a 'java/lang/IncompatibleClassChangeError'{0x000000072f96a820}: Found class java.lang.Object, but interface was expected> (0x000000072f96a820) 
thrown [s\src\hotspot\share\interpreter\linkResolver.cpp, line 826]
Event: 1.232 Thread 0x00000205f6628070 Exception <a 'java/lang/NoSuchMethodError'{0x000000072f9bad40}: 'void java.lang.invoke.DirectMethodHandle$Holder.invokeStatic(java.lang.Object, java.lang.Object, java.lang.Object, java.lang.Object)'> (0x000000072f9bad40) 
thrown [s\src\hotspot\share\interpreter\linkResolver.cpp, line 759]
Event: 1.249 Thread 0x00000205f6628070 Exception <a 'java/lang/NoSuchMethodError'{0x000000072f6883e0}: 'int java.lang.invoke.DirectMethodHandle$Holder.invokeStatic(java.lang.Object, java.lang.Object, java.lang.Object, java.lang.Object)'> (0x000000072f6883e0) 
thrown [s\src\hotspot\share\interpreter\linkResolver.cpp, line 759]
Event: 1.250 Thread 0x00000205f6628070 Exception <a 'java/lang/NoSuchMethodError'{0x000000072f68bd60}: 'java.lang.Object java.lang.invoke.Invokers$Holder.invokeExact_MT(java.lang.Object, java.lang.Object, java.lang.Object, java.lang.Object, java.lang.Object, java.lang.Object)'> (0x000000072f68bd60) 
thrown [s\src\hotspot\share\interpreter\linkResolver.cpp, line 759]
Event: 1.254 Thread 0x00000205f6628070 Exception <a 'java/lang/NoSuchMethodError'{0x000000072f69c3f8}: 'int java.lang.invoke.DirectMethodHandle$Holder.invokeStatic(java.lang.Object, java.lang.Object, java.lang.Object, java.lang.Object, java.lang.Object)'> (0x000000072f69c3f8) 
thrown [s\src\hotspot\share\interpreter\linkResolver.cpp, line 759]
Event: 1.271 Thread 0x00000205f6628070 Exception <a 'java/lang/NoSuchMethodError'{0x000000072f727b40}: 'void java.lang.invoke.DirectMethodHandle$Holder.invokeStaticInit(java.lang.Object)'> (0x000000072f727b40) 
thrown [s\src\hotspot\share\interpreter\linkResolver.cpp, line 759]
Event: 1.327 Thread 0x00000205f6628070 Exception <a 'java/lang/NoSuchMethodError'{0x000000072f5c5af8}: 'int java.lang.invoke.DirectMethodHandle$Holder.invokeStaticInit(java.lang.Object, java.lang.Object)'> (0x000000072f5c5af8) 
thrown [s\src\hotspot\share\interpreter\linkResolver.cpp, line 759]
Event: 1.375 Thread 0x00000205f6628070 Exception <a 'java/lang/NoSuchMethodError'{0x000000072f32b2d0}: 'java.lang.Object java.lang.invoke.DirectMethodHandle$Holder.newInvokeSpecial(java.lang.Object, java.lang.Object, java.lang.Object, java.lang.Object, java.lang.Object, java.lang.Object, java.lang.Object)'> (0x000000072f32b2d0) 
thrown [s\src\hotspot\share\interpreter\linkResolver.cpp, line 759]
Event: 1.376 Thread 0x00000205f6628070 Exception <a 'java/lang/NoSuchMethodError'{0x000000072f32fe88}: 'java.lang.Object java.lang.invoke.Invokers$Holder.linkToTargetMethod(java.lang.Object, java.lang.Object, java.lang.Object, java.lang.Object, java.lang.Object, java.lang.Object, java.lang.Object)'> (0x000000072f32fe88) 
thrown [s\src\hotspot\share\interpreter\linkResolver.cpp, line 759]
Event: 1.378 Thread 0x00000205f6628070 Exception <a 'java/lang/NoSuchMethodError'{0x000000072f345918}: 'java.lang.Object java.lang.invoke.DirectMethodHandle$Holder.invokeInterface(java.lang.Object, java.lang.Object, java.lang.Object, java.lang.Object, java.lang.Object)'> (0x000000072f345918) 
thrown [s\src\hotspot\share\interpreter\linkResolver.cpp, line 759]
Event: 1.379 Thread 0x00000205f6628070 Exception <a 'java/lang/IncompatibleClassChangeError'{0x000000072f349710}: Found class java.lang.Object, but interface was expected> (0x000000072f349710) 
thrown [s\src\hotspot\share\interpreter\linkResolver.cpp, line 826]
Event: 1.391 Thread 0x00000205f6628070 Exception <a 'java/lang/NoSuchMethodError'{0x000000072f3d0de0}: 'int java.lang.invoke.DirectMethodHandle$Holder.invokeInterface(java.lang.Object, java.lang.Object)'> (0x000000072f3d0de0) 
thrown [s\src\hotspot\share\interpreter\linkResolver.cpp, line 759]
Event: 1.399 Thread 0x00000205f6628070 Exception <a 'java/lang/IncompatibleClassChangeError'{0x000000072f3f8ce0}: Found class java.lang.Object, but interface was expected> (0x000000072f3f8ce0) 
thrown [s\src\hotspot\share\interpreter\linkResolver.cpp, line 826]
Event: 1.444 Thread 0x00000205f6628070 Exception <a 'java/lang/reflect/InvocationTargetException'{0x000000072f19d758}> (0x000000072f19d758) 
thrown [s\src\hotspot\share\runtime\reflection.cpp, line 1121]
Event: 1.494 Thread 0x00000205f6628070 Exception <a 'java/lang/reflect/InvocationTargetException'{0x000000072eee3000}> (0x000000072eee3000) 
thrown [s\src\hotspot\share\runtime\reflection.cpp, line 1121]
Event: 1.504 Thread 0x00000205f6628070 Exception <a 'java/lang/reflect/InvocationTargetException'{0x000000072ef11b58}> (0x000000072ef11b58) 
thrown [s\src\hotspot\share\runtime\reflection.cpp, line 1121]

VM Operations (20 events):
Event: 45.144 Executing VM operation: get/set locals
Event: 45.144 Executing VM operation: get/set locals done
Event: 46.316 Executing VM operation: get/set locals
Event: 46.316 Executing VM operation: get/set locals done
Event: 49.273 Executing VM operation: get/set locals
Event: 49.273 Executing VM operation: get/set locals done
Event: 100.926 Executing VM operation: get/set locals
Event: 100.927 Executing VM operation: get/set locals done
Event: 111.125 Executing VM operation: ChangeSingleStep
Event: 111.125 Executing VM operation: ChangeSingleStep done
Event: 111.125 Executing VM operation: ChangeSingleStep
Event: 111.125 Executing VM operation: ChangeSingleStep done
Event: 111.138 Executing VM operation: RedefineClasses
Event: 111.151 Executing VM operation: RedefineClasses done
Event: 111.154 Executing VM operation: ChangeSingleStep
Event: 111.154 Executing VM operation: ChangeSingleStep done
Event: 111.155 Executing VM operation: get/set locals
Event: 111.155 Executing VM operation: get/set locals done
Event: 111.156 Executing VM operation: ChangeSingleStep
Event: 111.157 Executing VM operation: ChangeSingleStep done

Events (20 events):
Event: 1.409 loading class java/time/format/DateTimeParseException
Event: 1.409 loading class java/time/DateTimeException
Event: 1.409 loading class java/time/DateTimeException done
Event: 1.409 loading class java/time/format/DateTimeParseException done
Event: 1.410 loading class java/lang/CharacterData00
Event: 1.411 loading class java/lang/CharacterData00 done
Event: 1.413 loading class java/util/concurrent/atomic/AtomicReference
Event: 1.414 loading class java/util/concurrent/atomic/AtomicReference done
Event: 1.429 loading class java/util/NoSuchElementException
Event: 1.429 loading class java/util/NoSuchElementException done
Event: 1.444 loading class java/lang/reflect/InvocationTargetException
Event: 1.444 loading class java/lang/reflect/InvocationTargetException done
Event: 1.459 loading class java/util/stream/SortedOps$RefSortingSink
Event: 1.459 loading class java/util/stream/SortedOps$RefSortingSink done
Event: 1.468 loading class java/lang/Throwable$WrappedPrintWriter
Event: 1.469 loading class java/lang/Throwable$PrintStreamOrWriter
Event: 1.469 loading class java/lang/Throwable$PrintStreamOrWriter done
Event: 1.469 loading class java/lang/Throwable$WrappedPrintWriter done
Event: 1.470 loading class java/lang/StackTraceElement$HashedModules
Event: 1.470 loading class java/lang/StackTraceElement$HashedModules done


Dynamic libraries:
0x00007ff6d7420000 - 0x00007ff6d742e000 	C:\Users\Kirill\.p2\pool\plugins\org.eclipse.justj.openjdk.hotspot.jre.full.win32.x86_64_17.0.4.v20221004-1257\jre\bin\javaw.exe
0x00007ffd80930000 - 0x00007ffd80b28000 	C:\Windows\SYSTEM32\ntdll.dll
0x00007ffd7fd90000 - 0x00007ffd7fe4f000 	C:\Windows\System32\KERNEL32.DLL
0x00007ffd7e3b0000 - 0x00007ffd7e682000 	C:\Windows\System32\KERNELBASE.dll
0x00007ffd7e840000 - 0x00007ffd7e940000 	C:\Windows\System32\ucrtbase.dll
0x00007ffd78e50000 - 0x00007ffd78e68000 	C:\Users\Kirill\.p2\pool\plugins\org.eclipse.justj.openjdk.hotspot.jre.full.win32.x86_64_17.0.4.v20221004-1257\jre\bin\jli.dll
0x00007ffd7b020000 - 0x00007ffd7b039000 	C:\Users\Kirill\.p2\pool\plugins\org.eclipse.justj.openjdk.hotspot.jre.full.win32.x86_64_17.0.4.v20221004-1257\jre\bin\VCRUNTIME140.dll
0x00007ffd7f9c0000 - 0x00007ffd7fb61000 	C:\Windows\System32\USER32.dll
0x00007ffd695c0000 - 0x00007ffd6985a000 	C:\Windows\WinSxS\amd64_microsoft.windows.common-controls_6595b64144ccf1df_6.0.19041.1110_none_60b5254171f9507e\COMCTL32.dll
0x00007ffd7e940000 - 0x00007ffd7e962000 	C:\Windows\System32\win32u.dll
0x00007ffd7eae0000 - 0x00007ffd7eb0b000 	C:\Windows\System32\GDI32.dll
0x00007ffd7f800000 - 0x00007ffd7f89e000 	C:\Windows\System32\msvcrt.dll
0x00007ffd7e730000 - 0x00007ffd7e83f000 	C:\Windows\System32\gdi32full.dll
0x00007ffd7e260000 - 0x00007ffd7e2fd000 	C:\Windows\System32\msvcp_win.dll
0x00007ffd808b0000 - 0x00007ffd808e2000 	C:\Windows\System32\IMM32.DLL
0x00007ffd7b4e0000 - 0x00007ffd7b4ec000 	C:\Users\Kirill\.p2\pool\plugins\org.eclipse.justj.openjdk.hotspot.jre.full.win32.x86_64_17.0.4.v20221004-1257\jre\bin\vcruntime140_1.dll
0x00007ffd76160000 - 0x00007ffd761f1000 	C:\Users\Kirill\.p2\pool\plugins\org.eclipse.justj.openjdk.hotspot.jre.full.win32.x86_64_17.0.4.v20221004-1257\jre\bin\msvcp140.dll
0x00007ffd47c00000 - 0x00007ffd48846000 	C:\Users\Kirill\.p2\pool\plugins\org.eclipse.justj.openjdk.hotspot.jre.full.win32.x86_64_17.0.4.v20221004-1257\jre\bin\server\jvm.dll
0x00007ffd7f3a0000 - 0x00007ffd7f44e000 	C:\Windows\System32\ADVAPI32.dll
0x00007ffd7ea40000 - 0x00007ffd7eadc000 	C:\Windows\System32\sechost.dll
0x00007ffd7fbe0000 - 0x00007ffd7fd05000 	C:\Windows\System32\RPCRT4.dll
0x00007ffd807f0000 - 0x00007ffd807f8000 	C:\Windows\System32\PSAPI.DLL
0x00007ffd78210000 - 0x00007ffd78219000 	C:\Windows\SYSTEM32\WSOCK32.dll
0x00007ffd73cc0000 - 0x00007ffd73ce7000 	C:\Windows\SYSTEM32\WINMM.dll
0x00007ffd73cf0000 - 0x00007ffd73cfa000 	C:\Windows\SYSTEM32\VERSION.dll
0x00007ffd80780000 - 0x00007ffd807eb000 	C:\Windows\System32\WS2_32.dll
0x00007ffd7bea0000 - 0x00007ffd7beb2000 	C:\Windows\SYSTEM32\kernel.appcore.dll
0x00007ffd70ff0000 - 0x00007ffd70ffa000 	C:\Users\Kirill\.p2\pool\plugins\org.eclipse.justj.openjdk.hotspot.jre.full.win32.x86_64_17.0.4.v20221004-1257\jre\bin\jimage.dll
0x00007ffd73f50000 - 0x00007ffd74134000 	C:\Windows\SYSTEM32\DBGHELP.DLL
0x00007ffd6a820000 - 0x00007ffd6a855000 	C:\Windows\SYSTEM32\dbgcore.DLL
0x00007ffd7e020000 - 0x00007ffd7e0a2000 	C:\Windows\System32\bcryptPrimitives.dll
0x00007ffd77ae0000 - 0x00007ffd77b1b000 	C:\Users\Kirill\.p2\pool\plugins\org.eclipse.justj.openjdk.hotspot.jre.full.win32.x86_64_17.0.4.v20221004-1257\jre\bin\jdwp.dll
0x00007ffd78e40000 - 0x00007ffd78e4e000 	C:\Users\Kirill\.p2\pool\plugins\org.eclipse.justj.openjdk.hotspot.jre.full.win32.x86_64_17.0.4.v20221004-1257\jre\bin\instrument.dll
0x00007ffd5b8b0000 - 0x00007ffd5b8d5000 	C:\Users\Kirill\.p2\pool\plugins\org.eclipse.justj.openjdk.hotspot.jre.full.win32.x86_64_17.0.4.v20221004-1257\jre\bin\java.dll
0x00007ffd65160000 - 0x00007ffd65178000 	C:\Users\Kirill\.p2\pool\plugins\org.eclipse.justj.openjdk.hotspot.jre.full.win32.x86_64_17.0.4.v20221004-1257\jre\bin\zip.dll
0x00007ffd80030000 - 0x00007ffd80774000 	C:\Windows\System32\SHELL32.dll
0x00007ffd7c0a0000 - 0x00007ffd7c832000 	C:\Windows\SYSTEM32\windows.storage.dll
0x00007ffd7eb10000 - 0x00007ffd7ee65000 	C:\Windows\System32\combase.dll
0x00007ffd7d8c0000 - 0x00007ffd7d8f0000 	C:\Windows\SYSTEM32\Wldp.dll
0x00007ffd80800000 - 0x00007ffd808ad000 	C:\Windows\System32\SHCORE.dll
0x00007ffd7fb70000 - 0x00007ffd7fbc5000 	C:\Windows\System32\shlwapi.dll
0x00007ffd7df60000 - 0x00007ffd7df7f000 	C:\Windows\SYSTEM32\profapi.dll
0x00007ffd78e30000 - 0x00007ffd78e3c000 	C:\Users\Kirill\.p2\pool\plugins\org.eclipse.justj.openjdk.hotspot.jre.full.win32.x86_64_17.0.4.v20221004-1257\jre\bin\dt_socket.dll
0x00007ffd7d3b0000 - 0x00007ffd7d3eb000 	C:\Windows\SYSTEM32\IPHLPAPI.DLL
0x00007ffd7d6a0000 - 0x00007ffd7d70a000 	C:\Windows\system32\mswsock.dll
0x00007ffd7d3f0000 - 0x00007ffd7d4ba000 	C:\Windows\SYSTEM32\DNSAPI.dll
0x00007ffd7fbd0000 - 0x00007ffd7fbd8000 	C:\Windows\System32\NSI.dll
0x00007ffd70c10000 - 0x00007ffd70c1a000 	C:\Windows\System32\rasadhlp.dll
0x00007ffd76460000 - 0x00007ffd764e0000 	C:\Windows\System32\fwpuclnt.dll
0x00007ffd7e690000 - 0x00007ffd7e6b7000 	C:\Windows\System32\bcrypt.dll
0x00007ffd65050000 - 0x00007ffd65069000 	C:\Users\Kirill\.p2\pool\plugins\org.eclipse.justj.openjdk.hotspot.jre.full.win32.x86_64_17.0.4.v20221004-1257\jre\bin\net.dll
0x00007ffd76740000 - 0x00007ffd7684c000 	C:\Windows\SYSTEM32\WINHTTP.dll
0x00007ffd64510000 - 0x00007ffd64525000 	C:\Users\Kirill\.p2\pool\plugins\org.eclipse.justj.openjdk.hotspot.jre.full.win32.x86_64_17.0.4.v20221004-1257\jre\bin\nio.dll
0x00007ffd752d0000 - 0x00007ffd752e0000 	C:\Users\Kirill\.p2\pool\plugins\org.eclipse.justj.openjdk.hotspot.jre.full.win32.x86_64_17.0.4.v20221004-1257\jre\bin\verify.dll
0x00007ffd77580000 - 0x00007ffd77597000 	C:\Windows\SYSTEM32\dhcpcsvc6.DLL
0x00007ffd77560000 - 0x00007ffd7757d000 	C:\Windows\SYSTEM32\dhcpcsvc.DLL

dbghelp: loaded successfully - version: 4.0.5 - missing functions: none
symbol engine: initialized successfully - sym options: 0x614 - pdb path: .;C:\Users\Kirill\.p2\pool\plugins\org.eclipse.justj.openjdk.hotspot.jre.full.win32.x86_64_17.0.4.v20221004-1257\jre\bin;C:\Windows\SYSTEM32;C:\Windows\WinSxS\amd64_microsoft.windows.common-controls_6595b64144ccf1df_6.0.19041.1110_none_60b5254171f9507e;C:\Users\Kirill\.p2\pool\plugins\org.eclipse.justj.openjdk.hotspot.jre.full.win32.x86_64_17.0.4.v20221004-1257\jre\bin\server

VM Arguments:
jvm_args: -XX:+ShowCodeDetailsInExceptionMessages -agentlib:jdwp=transport=dt_socket,suspend=y,address=localhost:59703 -ea -javaagent:D:\Eclipse\eclipse\configuration\org.eclipse.osgi\421\0\.cp\lib\javaagent-shaded.jar -Dfile.encoding=UTF-8 
java_command: org.eclipse.jdt.internal.junit.runner.RemoteTestRunner -version 3 -port 59702 -testLoaderClass org.eclipse.jdt.internal.junit5.runner.JUnit5TestLoader -loaderpluginname org.eclipse.jdt.junit5.runtime -classNames telran.util.tests.HashSetTest
java_class_path (initial): D:\Tel_Ran\oop-introduction\bin;C:\Users\Kirill\.p2\pool\plugins\junit-jupiter-api_5.9.0.jar;C:\Users\Kirill\.p2\pool\plugins\junit-jupiter-engine_5.9.0.jar;C:\Users\Kirill\.p2\pool\plugins\junit-jupiter-migrationsupport_5.9.0.jar;C:\Users\Kirill\.p2\pool\plugins\junit-jupiter-params_5.9.0.jar;C:\Users\Kirill\.p2\pool\plugins\junit-platform-commons_1.9.0.jar;C:\Users\Kirill\.p2\pool\plugins\junit-platform-engine_1.9.0.jar;C:\Users\Kirill\.p2\pool\plugins\junit-platform-launcher_1.9.0.jar;C:\Users\Kirill\.p2\pool\plugins\junit-platform-runner_1.9.0.jar;C:\Users\Kirill\.p2\pool\plugins\junit-platform-suite-api_1.9.0.jar;C:\Users\Kirill\.p2\pool\plugins\junit-platform-suite-engine_1.9.0.jar;C:\Users\Kirill\.p2\pool\plugins\junit-platform-suite-commons_1.9.0.jar;C:\Users\Kirill\.p2\pool\plugins\junit-vintage-engine_5.9.0.jar;C:\Users\Kirill\.p2\pool\plugins\org.opentest4j_1.2.0.jar;C:\Users\Kirill\.p2\pool\plugins\org.apiguardian.api_1.1.2.jar;C:\Users\Kirill\.p2\pool\plugins\org.junit_4.13.2.v20211018-1956.jar;C:\Users\Kirill\.p2\pool\plugins\org.hamcrest.core_1.3.0.v20180420-1519.jar;D:\Eclipse\eclipse\configuration\org.eclipse.osgi\420\0\.cp;D:\Eclipse\eclipse\configuration\org.eclipse.osgi\418\0\.cp
Launcher Type: SUN_STANDARD

[Global flags]
     intx CICompilerCount                          = 4                                         {product} {ergonomic}
     uint ConcGCThreads                            = 3                                         {product} {ergonomic}
     uint G1ConcRefinementThreads                  = 10                                        {product} {ergonomic}
   size_t G1HeapRegionSize                         = 2097152                                   {product} {ergonomic}
    uintx GCDrainStackTargetSize                   = 64                                        {product} {ergonomic}
   size_t InitialHeapSize                          = 232783872                                 {product} {ergonomic}
   size_t MarkStackSize                            = 4194304                                   {product} {ergonomic}
   size_t MaxHeapSize                              = 3722444800                                {product} {ergonomic}
   size_t MaxNewSize                               = 2233466880                                {product} {ergonomic}
   size_t MinHeapDeltaBytes                        = 2097152                                   {product} {ergonomic}
   size_t MinHeapSize                              = 8388608                                   {product} {ergonomic}
    uintx NonNMethodCodeHeapSize                   = 5839372                                {pd product} {ergonomic}
    uintx NonProfiledCodeHeapSize                  = 122909434                              {pd product} {ergonomic}
    uintx ProfiledCodeHeapSize                     = 122909434                              {pd product} {ergonomic}
    uintx ReservedCodeCacheSize                    = 251658240                              {pd product} {ergonomic}
     bool SegmentedCodeCache                       = true                                      {product} {ergonomic}
     bool ShowCodeDetailsInExceptionMessages       = true                                   {manageable} {command line}
   size_t SoftMaxHeapSize                          = 3722444800                             {manageable} {ergonomic}
     bool UseCompressedClassPointers               = true                           {product lp64_product} {ergonomic}
     bool UseCompressedOops                        = true                           {product lp64_product} {ergonomic}
     bool UseG1GC                                  = true                                      {product} {ergonomic}
     bool UseLargePagesIndividualAllocation        = false                                  {pd product} {ergonomic}

Logging:
Log output configuration:
 #0: stdout all=warning uptime,level,tags
 #1: stderr all=off uptime,level,tags

Environment Variables:
PATH=C:\Users\Kirill\.p2\pool\plugins\org.eclipse.justj.openjdk.hotspot.jre.full.win32.x86_64_17.0.4.v20221004-1257\jre\bin;C:/Users/Kirill/.p2/pool/plugins/org.eclipse.justj.openjdk.hotspot.jre.full.win32.x86_64_17.0.4.v20221004-1257/jre/bin/server;C:/Users/Kirill/.p2/pool/plugins/org.eclipse.justj.openjdk.hotspot.jre.full.win32.x86_64_17.0.4.v20221004-1257/jre/bin;C:\Program Files\Common Files\Oracle\Java\javapath;C:\Windows\system32;C:\Windows;C:\Windows\System32\Wbem;C:\Windows\System32\WindowsPowerShell\v1.0\;C:\Windows\System32\OpenSSH\;C:\Program Files\nodejs\;C:\Program Files\Git\cmd;C:\Users\Kirill\AppData\Local\Microsoft\WindowsApps;;C:\Users\Kirill\AppData\Local\Programs\Microsoft VS Code\bin;C:\Users\Kirill\AppData\Roaming\npm;C:\Users\Kirill\Desktop;
USERNAME=Kirill
OS=Windows_NT
PROCESSOR_IDENTIFIER=AMD64 Family 23 Model 104 Stepping 1, AuthenticAMD
TMP=C:\Users\Kirill\AppData\Local\Temp
TEMP=C:\Users\Kirill\AppData\Local\Temp



---------------  S Y S T E M  ---------------

OS:
 Windows 10 , 64 bit Build 19041 (10.0.19041.2364)
OS uptime: 22 days 14:55 hours
Hyper-V role detected

CPU: total 12 (initial active 12) (12 cores per cpu, 2 threads per core) family 23 model 104 stepping 1 microcode 0x0, cx8, cmov, fxsr, ht, mmx, 3dnowpref, sse, sse2, sse3, ssse3, sse4a, sse4.1, sse4.2, popcnt, lzcnt, tsc, tscinvbit, avx, avx2, aes, clmul, bmi1, bmi2, adx, sha, fma, vzeroupper, clflush, clflushopt, hv

Memory: 4k page, system-wide physical 14197M (9821M free)
TotalPageFile size 16373M (AvailPageFile size 10031M)
current process WorkingSet (physical memory assigned to process): 79M, peak: 85M
current process commit charge ("private bytes"): 323M, peak: 328M

vm_info: OpenJDK 64-Bit Server VM (17.0.4.1+1) for windows-amd64 JRE (17.0.4.1+1), built on Aug 17 2022 07:42:43 by "temurin" with MS VC++ 16.7 (VS2019)

END.
