#
# A fatal error has been detected by the Java Runtime Environment:
#
#  EXCEPTION_ACCESS_VIOLATION (0xc0000005) at pc=0x00007ffbcd18fa2a, pid=8364, tid=13076
#
# JRE version: OpenJDK Runtime Environment Temurin-17.0.4.1+1 (17.0.4.1+1) (build 17.0.4.1+1)
# Java VM: OpenJDK 64-Bit Server VM Temurin-17.0.4.1+1 (17.0.4.1+1, mixed mode, tiered, compressed oops, compressed class ptrs, g1 gc, windows-amd64)
# Problematic frame:
# V  [jvm.dll+0x79fa2a]
#
# No core dump will be written. Minidumps are not enabled by default on client versions of Windows
#
# If you would like to submit a bug report, please visit:
#   https://github.com/adoptium/adoptium-support/issues
#

---------------  S U M M A R Y ------------

Command Line: -XX:+ShowCodeDetailsInExceptionMessages -agentlib:jdwp=transport=dt_socket,suspend=y,address=localhost:61699 -ea -javaagent:D:\Eclipse\eclipse\configuration\org.eclipse.osgi\421\0\.cp\lib\javaagent-shaded.jar -Dfile.encoding=UTF-8 org.eclipse.jdt.internal.junit.runner.RemoteTestRunner -version 3 -port 61698 -testLoaderClass org.eclipse.jdt.internal.junit5.runner.JUnit5TestLoader -loaderpluginname org.eclipse.jdt.junit5.runtime -classNames telran.util.tests.TreeSetTest

Host: AMD Ryzen 5 5500U with Radeon Graphics         , 12 cores, 13G,  Windows 10 , 64 bit Build 19041 (10.0.19041.2364)
Time: Sat Jan 21 16:34:56 2023  Windows 10 , 64 bit Build 19041 (10.0.19041.2364) elapsed time: 219.395495 seconds (0d 0h 3m 39s)

---------------  T H R E A D  ---------------

Current thread (0x000001453d786a50):  JavaThread "JDWP Transport Listener: dt_socket" daemon [_thread_in_vm, id=13076, stack(0x0000002008900000,0x0000002008a00000)]

Stack: [0x0000002008900000,0x0000002008a00000],  sp=0x00000020089ff8e0,  free space=1022k
Native frames: (J=compiled Java code, j=interpreted, Vv=VM code, C=native code)
V  [jvm.dll+0x79fa2a]
V  [jvm.dll+0x50965c]
V  [jvm.dll+0x4d0cc4]
C  [jdwp.dll+0x22f7b]


siginfo: EXCEPTION_ACCESS_VIOLATION (0xc0000005), reading address 0x00000000004a0031


Register to memory mapping:

RIP=0x00007ffbcd18fa2a jvm.dll
RAX=0x0000000000000049 is an unknown value
RBX=0x000001453d461706 points into unknown readable memory: 00 00
RCX=0x00000000004a002d is an unknown value
RDX=0x000001453d7034d0 points into unknown readable memory: 0x2f6e61726c65744c | 4c 74 65 6c 72 61 6e 2f
RSP=0x00000020089ff8e0 is pointing into the stack for thread: 0x000001453d786a50
RBP=0x000001453d6b77e0 points into unknown readable memory: 0x0000000000000002 | 02 00 00 00 00 00 00 00
RSI=0x0 is NULL
RDI=0xffffffffffffffff is an unknown value
R8 =0x0000000000000028 is an unknown value
R9 =0x0000000000000029 is an unknown value
R10=0x0 is NULL
R11=0x00000020089ff900 is pointing into the stack for thread: 0x000001453d786a50
R12=0x00000020089ffa38 is pointing into the stack for thread: 0x000001453d786a50
R13=0x0 is NULL
R14=0x000000080019af10 is a pointer to class: 
telran.util.TreeSet$TreeSetIterator {0x000000080019af18}
 - instance size:     3
 - klass size:        75
 - access:            synchronized 
 - state:             fully_initialized
 - name:              'telran/util/TreeSet$TreeSetIterator'
 - super:             'java/lang/Object'
 - sub:               
 - arrays:            NULL
 - methods:           Array<T>(0x000001453e8b46f8)
 - method ordering:   Array<T>(0x000001453e8b4aa0)
 - default_methods:   Array<T>(0x000001453e8aa070)
 - default vtable indices:   Array<T>(0x000001453e8aa080)
 - local interfaces:  Array<T>(0x000001453e8afc48)
 - trans. interfaces: Array<T>(0x000001453e8afc48)
 - constants:         constant pool [86] {0x000001453e8b5160} for 'telran/util/TreeSet$TreeSetIterator' cache=0x000001453e8b5490
 - class loader data:  loader data: 0x000001451ee7e4f0 for instance a 'jdk/internal/loader/ClassLoaders$AppClassLoader'{0x000000072e800000}
 - source file:       'TreeSet.java'
 - source debug extension:       SMAP
TreeSet.java
Java
*S jdt
*F
1 TreeSet.java
2 file:/D:/Tel_Ran/oop-introduction/bin/
*L
*E

 - class annotations:       Array<T>(0x0000000000000000)
 - class type annotations:  Array<T>(0x0000000000000000)
 - field annotations:       Array<T>(0x0000000000000000)
 - field type annotations:  Array<T>(0x0000000000000000)
 - generic signature: '
[error occurred during error reporting (printing register info), id 0xc0000005, EXCEPTION_ACCESS_VIOLATION (0xc0000005) at pc=0x00007ffbcd190636]

Registers:
RAX=0x0000000000000049, RBX=0x000001453d461706, RCX=0x00000000004a002d, RDX=0x000001453d7034d0
RSP=0x00000020089ff8e0, RBP=0x000001453d6b77e0, RSI=0x0000000000000000, RDI=0xffffffffffffffff
R8 =0x0000000000000028, R9 =0x0000000000000029, R10=0x0000000000000000, R11=0x00000020089ff900
R12=0x00000020089ffa38, R13=0x0000000000000000, R14=0x000000080019af10, R15=0x00000020089ffa88
RIP=0x00007ffbcd18fa2a, EFLAGS=0x0000000000010202

Top of Stack: (sp=0x00000020089ff8e0)
0x00000020089ff8e0:   0000000000000023 000000080019af10
0x00000020089ff8f0:   000001453d786a50 0000000000000000
0x00000020089ff900:   ffffffffffffffff 00007ffbccef965c
0x00000020089ff910:   000001453d461706 000001453d4616e0
0x00000020089ff920:   000001453d6b77e0 000001453d6bddf0
0x00000020089ff930:   000001453d4616a0 00000000000003d8
0x00000020089ff940:   000001453d4616b0 000001453d461a88
0x00000020089ff950:   0000000000000002 00000020089ffa38
0x00000020089ff960:   0000000000000000 0000000000000000
0x00000020089ff970:   000000072ee1b138 00007ffbccec0cc4
0x00000020089ff980:   000001453d786a50 00000020089ffa88
0x00000020089ff990:   000001451ed8d510 00000020089ffa88
0x00000020089ff9a0:   000001453d786a50 0000000000000000
0x00000020089ff9b0:   0000014500000000 0000000000000000
0x00000020089ff9c0:   000000000000000d 00007ffbeb9f2f7b
0x00000020089ff9d0:   00000020089ffa80 00007ffbeba01600 

Instructions: (pc=0x00007ffbcd18fa2a)
0x00007ffbcd18f92a:   48 83 c4 20 5f e9 bc 69 90 ff cc cc cc cc cc cc
0x00007ffbcd18f93a:   cc cc cc cc cc cc 48 89 5c 24 08 57 48 83 ec 20
0x00007ffbcd18f94a:   83 fa 02 8d 42 06 b9 08 00 00 00 49 8b d8 0f 4e
0x00007ffbcd18f95a:   c1 48 63 c8 48 83 c1 07 83 e1 f8 48 63 f9 49 8b
0x00007ffbcd18f96a:   48 18 48 8b c7 48 f7 d0 48 3b c1 73 16 4c 8d 05
0x00007ffbcd18f97a:   ba 58 17 00 48 8b d7 48 8b cb e8 c7 cc 90 ff 48
0x00007ffbcd18f98a:   8b 4b 18 48 8d 04 39 48 3b 43 20 76 18 45 33 c0
0x00007ffbcd18f99a:   48 8b d7 48 8b cb 48 8b 5c 24 30 48 83 c4 20 5f
0x00007ffbcd18f9aa:   e9 21 c9 90 ff 48 89 43 18 48 8b c1 48 8b 5c 24
0x00007ffbcd18f9ba:   30 48 83 c4 20 5f c3 cc cc cc cc cc cc cc cc cc
0x00007ffbcd18f9ca:   cc cc cc cc cc cc 4c 8b d2 4c 8b d9 45 85 c0 7e
0x00007ffbcd18f9da:   3c 44 0f b7 49 04 41 8d 40 ff 41 3b c1 44 0f 4c
0x00007ffbcd18f9ea:   c8 4d 63 c1 45 85 c9 7e 1f 48 8b c2 4c 2b da 49
0x00007ffbcd18f9fa:   8b d0 0f 1f 40 00 41 0f b6 4c 03 06 88 08 48 8d
0x00007ffbcd18fa0a:   40 01 48 83 ea 01 75 ee 43 c6 04 10 00 49 8b c2
0x00007ffbcd18fa1a:   c3 cc cc cc cc cc 48 89 5c 24 08 57 48 83 ec 20
0x00007ffbcd18fa2a:   0f b7 59 04 48 8b f9 33 d2 48 8d 4b 01 e8 f4 d9
0x00007ffbcd18fa3a:   f2 ff 0f b7 57 04 4c 8b c0 3b da 0f 42 d3 44 8b
0x00007ffbcd18fa4a:   ca 85 d2 74 39 48 2b f8 0f 1f 40 00 66 66 0f 1f
0x00007ffbcd18fa5a:   84 00 00 00 00 00 0f b6 4c 07 06 88 08 48 ff c0
0x00007ffbcd18fa6a:   48 8b c8 49 2b c8 49 3b c9 7c eb 42 c6 04 02 00
0x00007ffbcd18fa7a:   49 8b c0 48 8b 5c 24 30 48 83 c4 20 5f c3 48 8b
0x00007ffbcd18fa8a:   5c 24 30 c6 04 02 00 48 83 c4 20 5f c3 cc cc cc
0x00007ffbcd18fa9a:   cc cc cc cc cc cc 4c 8b d1 45 85 c0 7e 6c 44 0f
0x00007ffbcd18faaa:   b7 49 04 41 8d 40 ff 41 3b c1 44 0f 4c c8 4d 63
0x00007ffbcd18faba:   d9 45 85 c9 7e 22 48 8b ca 4c 2b d2 4d 8b c3 0f
0x00007ffbcd18faca:   1f 80 00 00 00 00 41 0f b6 44 0a 06 88 01 48 8d
0x00007ffbcd18fada:   49 01 49 83 e8 01 75 ee 41 c6 04 13 00 48 c7 c0
0x00007ffbcd18faea:   ff ff ff ff 66 90 48 ff c0 80 3c 02 00 75 f7 48
0x00007ffbcd18fafa:   63 c8 85 c0 48 8b c2 7e 14 80 38 2f 75 03 c6 00
0x00007ffbcd18fb0a:   2e 48 ff c0 48 83 e9 01 75 ef 48 8b c2 c3 cc cc
0x00007ffbcd18fb1a:   cc cc cc cc cc cc 48 83 ec 28 e8 f7 fe ff ff 4c 


Stack slot to memory mapping:
stack at sp + 0 slots: 0x0000000000000023 is an unknown value
stack at sp + 1 slots: 0x000000080019af10 is a pointer to class: 
telran.util.TreeSet$TreeSetIterator {0x000000080019af18}
 - instance size:     3
 - klass size:        75
 - access:            synchronized 
 - state:             fully_initialized
 - name:              'telran/util/TreeSet$TreeSetIterator'
 - super:             'java/lang/Object'
 - sub:               
 - arrays:            NULL
 - methods:           Array<T>(0x000001453e8b46f8)
 - method ordering:   Array<T>(0x000001453e8b4aa0)
 - default_methods:   Array<T>(0x000001453e8aa070)
 - default vtable indices:   Array<T>(0x000001453e8aa080)
 - local interfaces:  Array<T>(0x000001453e8afc48)
 - trans. interfaces: Array<T>(0x000001453e8afc48)
 - constants:         constant pool [86] {0x000001453e8b5160} for 'telran/util/TreeSet$TreeSetIterator' cache=0x000001453e8b5490
 - class loader data:  loader data: 0x000001451ee7e4f0 for instance a 'jdk/internal/loader/ClassLoaders$AppClassLoader'{0x000000072e800000}
 - source file:       'TreeSet.java'
 - source debug extension:       SMAP
TreeSet.java
Java
*S jdt
*F
1 TreeSet.java
2 file:/D:/Tel_Ran/oop-introduction/bin/
*L
*E

 - class annotations:       Array<T>(0x0000000000000000)
 - class type annotations:  Array<T>(0x0000000000000000)
 - field annotations:       Array<T>(0x0000000000000000)
 - field type annotations:  Array<T>(0x0000000000000000)
 - generic signature: '
[error occurred during error reporting (inspecting top of stack), id 0xc0000005, EXCEPTION_ACCESS_VIOLATION (0xc0000005) at pc=0x00007ffbcd190636]


---------------  P R O C E S S  ---------------

Threads class SMR info:
_java_thread_list=0x000001453e3121c0, length=16, elements={
0x000001451eda1b50, 0x000001453d435030, 0x000001453d436570, 0x000001453d46c190,
0x000001453d46c660, 0x000001453d45fdd0, 0x000001453d4642b0, 0x000001453d467290,
0x000001453d464f20, 0x000001453d465bd0, 0x000001453d5c6620, 0x000001453d786a50,
0x000001453d69ab30, 0x000001453d69b020, 0x000001453de9a310, 0x000001453e02e610
}

Java Threads: ( => current thread )
  0x000001451eda1b50 JavaThread "main" [_thread_blocked, id=1264, stack(0x0000002007800000,0x0000002007900000)]
  0x000001453d435030 JavaThread "Reference Handler" daemon [_thread_blocked, id=1804, stack(0x0000002007f00000,0x0000002008000000)]
  0x000001453d436570 JavaThread "Finalizer" daemon [_thread_blocked, id=13624, stack(0x0000002008000000,0x0000002008100000)]
  0x000001453d46c190 JavaThread "Signal Dispatcher" daemon [_thread_blocked, id=9688, stack(0x0000002008100000,0x0000002008200000)]
  0x000001453d46c660 JavaThread "Attach Listener" daemon [_thread_blocked, id=5972, stack(0x0000002008200000,0x0000002008300000)]
  0x000001453d45fdd0 JavaThread "Service Thread" daemon [_thread_blocked, id=5696, stack(0x0000002008300000,0x0000002008400000)]
  0x000001453d4642b0 JavaThread "Monitor Deflation Thread" daemon [_thread_blocked, id=13420, stack(0x0000002008400000,0x0000002008500000)]
  0x000001453d467290 JavaThread "C2 CompilerThread0" daemon [_thread_blocked, id=9532, stack(0x0000002008500000,0x0000002008600000)]
  0x000001453d464f20 JavaThread "C1 CompilerThread0" daemon [_thread_blocked, id=11128, stack(0x0000002008600000,0x0000002008700000)]
  0x000001453d465bd0 JavaThread "Sweeper thread" daemon [_thread_blocked, id=6424, stack(0x0000002008700000,0x0000002008800000)]
  0x000001453d5c6620 JavaThread "Common-Cleaner" daemon [_thread_blocked, id=4872, stack(0x0000002008800000,0x0000002008900000)]
=>0x000001453d786a50 JavaThread "JDWP Transport Listener: dt_socket" daemon [_thread_in_vm, id=13076, stack(0x0000002008900000,0x0000002008a00000)]
  0x000001453d69ab30 JavaThread "JDWP Event Helper Thread" daemon [_thread_blocked, id=6156, stack(0x0000002008a00000,0x0000002008b00000)]
  0x000001453d69b020 JavaThread "JDWP Command Reader" daemon [_thread_in_native, id=3908, stack(0x0000002008b00000,0x0000002008c00000)]
  0x000001453de9a310 JavaThread "Notification Thread" daemon [_thread_blocked, id=10696, stack(0x0000002008c00000,0x0000002008d00000)]
  0x000001453e02e610 JavaThread "ReaderThread" [_thread_in_native, id=2828, stack(0x0000002008f00000,0x0000002009000000)]

Other Threads:
  0x000001453ca0c110 VMThread "VM Thread" [stack: 0x0000002007e00000,0x0000002007f00000] [id=3364]
  0x000001451eda27b0 WatcherThread [stack: 0x0000002008d00000,0x0000002008e00000] [id=10228]
  0x000001451ee026b0 GCTaskThread "GC Thread#0" [stack: 0x0000002007900000,0x0000002007a00000] [id=9828]
  0x000001453e275280 GCTaskThread "GC Thread#1" [stack: 0x0000002009000000,0x0000002009100000] [id=3796]
  0x000001453e298590 GCTaskThread "GC Thread#2" [stack: 0x0000002009100000,0x0000002009200000] [id=1724]
  0x000001453e298840 GCTaskThread "GC Thread#3" [stack: 0x0000002009200000,0x0000002009300000] [id=2944]
  0x000001453e2cc610 GCTaskThread "GC Thread#4" [stack: 0x0000002009300000,0x0000002009400000] [id=6980]
  0x000001453e2eaa70 GCTaskThread "GC Thread#5" [stack: 0x0000002009400000,0x0000002009500000] [id=13848]
  0x000001453e2ead20 GCTaskThread "GC Thread#6" [stack: 0x0000002009500000,0x0000002009600000] [id=2600]
  0x000001453e2eafd0 GCTaskThread "GC Thread#7" [stack: 0x0000002009600000,0x0000002009700000] [id=11380]
  0x000001451ee122e0 ConcurrentGCThread "G1 Main Marker" [stack: 0x0000002007a00000,0x0000002007b00000] [id=7880]
  0x000001451ee133a0 ConcurrentGCThread "G1 Conc#0" [stack: 0x0000002007b00000,0x0000002007c00000] [id=9284]
  0x000001451ee71e60 ConcurrentGCThread "G1 Refine#0" [stack: 0x0000002007c00000,0x0000002007d00000] [id=8976]
  0x000001451ee723a0 ConcurrentGCThread "G1 Service" [stack: 0x0000002007d00000,0x0000002007e00000] [id=1628]

Threads with active compile tasks:

VM state: not at safepoint (normal execution)

VM Mutex/Monitor currently owned by a thread: None

Heap address: 0x0000000722200000, size: 3550 MB, Compressed Oops mode: Zero based, Oop shift amount: 3

CDS archive(s) not mapped
Compressed class space mapped at: 0x0000000800000000-0x0000000840000000, reserved size: 1073741824
Narrow klass base: 0x0000000800000000, Narrow klass shift: 0, Narrow klass range: 0x40000000

GC Precious Log:
 CPUs: 12 total, 12 available
 Memory: 14197M
 Large Page Support: Disabled
 NUMA Support: Disabled
 Compressed Oops: Enabled (Zero based)
 Heap Region Size: 2M
 Heap Min Capacity: 8M
 Heap Initial Capacity: 222M
 Heap Max Capacity: 3550M
 Pre-touch: Disabled
 Parallel Workers: 10
 Concurrent Workers: 3
 Concurrent Refinement Workers: 10
 Periodic GC: Disabled

Heap:
 garbage-first heap   total 227328K, used 18752K [0x0000000722200000, 0x0000000800000000)
  region size 2048K, 11 young (22528K), 2 survivors (4096K)
 Metaspace       used 15004K, committed 15168K, reserved 1064960K
  class space    used 1547K, committed 1600K, reserved 1048576K

Heap Regions: E=young(eden), S=young(survivor), O=old, HS=humongous(starts), HC=humongous(continues), CS=collection set, F=free, OA=open archive, CA=closed archive, TAMS=top-at-mark-start (previous, next)
|   0|0x0000000722200000, 0x0000000722200000, 0x0000000722400000|  0%| F|  |TAMS 0x0000000722200000, 0x0000000722200000| Untracked 
|   1|0x0000000722400000, 0x0000000722400000, 0x0000000722600000|  0%| F|  |TAMS 0x0000000722400000, 0x0000000722400000| Untracked 
|   2|0x0000000722600000, 0x0000000722600000, 0x0000000722800000|  0%| F|  |TAMS 0x0000000722600000, 0x0000000722600000| Untracked 
|   3|0x0000000722800000, 0x0000000722800000, 0x0000000722a00000|  0%| F|  |TAMS 0x0000000722800000, 0x0000000722800000| Untracked 
|   4|0x0000000722a00000, 0x0000000722a00000, 0x0000000722c00000|  0%| F|  |TAMS 0x0000000722a00000, 0x0000000722a00000| Untracked 
|   5|0x0000000722c00000, 0x0000000722c00000, 0x0000000722e00000|  0%| F|  |TAMS 0x0000000722c00000, 0x0000000722c00000| Untracked 
|   6|0x0000000722e00000, 0x0000000722e00000, 0x0000000723000000|  0%| F|  |TAMS 0x0000000722e00000, 0x0000000722e00000| Untracked 
|   7|0x0000000723000000, 0x0000000723000000, 0x0000000723200000|  0%| F|  |TAMS 0x0000000723000000, 0x0000000723000000| Untracked 
|   8|0x0000000723200000, 0x0000000723200000, 0x0000000723400000|  0%| F|  |TAMS 0x0000000723200000, 0x0000000723200000| Untracked 
|   9|0x0000000723400000, 0x0000000723400000, 0x0000000723600000|  0%| F|  |TAMS 0x0000000723400000, 0x0000000723400000| Untracked 
|  10|0x0000000723600000, 0x0000000723600000, 0x0000000723800000|  0%| F|  |TAMS 0x0000000723600000, 0x0000000723600000| Untracked 
|  11|0x0000000723800000, 0x0000000723800000, 0x0000000723a00000|  0%| F|  |TAMS 0x0000000723800000, 0x0000000723800000| Untracked 
|  12|0x0000000723a00000, 0x0000000723a00000, 0x0000000723c00000|  0%| F|  |TAMS 0x0000000723a00000, 0x0000000723a00000| Untracked 
|  13|0x0000000723c00000, 0x0000000723c00000, 0x0000000723e00000|  0%| F|  |TAMS 0x0000000723c00000, 0x0000000723c00000| Untracked 
|  14|0x0000000723e00000, 0x0000000723e00000, 0x0000000724000000|  0%| F|  |TAMS 0x0000000723e00000, 0x0000000723e00000| Untracked 
|  15|0x0000000724000000, 0x0000000724000000, 0x0000000724200000|  0%| F|  |TAMS 0x0000000724000000, 0x0000000724000000| Untracked 
|  16|0x0000000724200000, 0x0000000724200000, 0x0000000724400000|  0%| F|  |TAMS 0x0000000724200000, 0x0000000724200000| Untracked 
|  17|0x0000000724400000, 0x0000000724400000, 0x0000000724600000|  0%| F|  |TAMS 0x0000000724400000, 0x0000000724400000| Untracked 
|  18|0x0000000724600000, 0x0000000724600000, 0x0000000724800000|  0%| F|  |TAMS 0x0000000724600000, 0x0000000724600000| Untracked 
|  19|0x0000000724800000, 0x0000000724800000, 0x0000000724a00000|  0%| F|  |TAMS 0x0000000724800000, 0x0000000724800000| Untracked 
|  20|0x0000000724a00000, 0x0000000724a00000, 0x0000000724c00000|  0%| F|  |TAMS 0x0000000724a00000, 0x0000000724a00000| Untracked 
|  21|0x0000000724c00000, 0x0000000724c00000, 0x0000000724e00000|  0%| F|  |TAMS 0x0000000724c00000, 0x0000000724c00000| Untracked 
|  22|0x0000000724e00000, 0x0000000724e00000, 0x0000000725000000|  0%| F|  |TAMS 0x0000000724e00000, 0x0000000724e00000| Untracked 
|  23|0x0000000725000000, 0x0000000725000000, 0x0000000725200000|  0%| F|  |TAMS 0x0000000725000000, 0x0000000725000000| Untracked 
|  24|0x0000000725200000, 0x0000000725200000, 0x0000000725400000|  0%| F|  |TAMS 0x0000000725200000, 0x0000000725200000| Untracked 
|  25|0x0000000725400000, 0x0000000725400000, 0x0000000725600000|  0%| F|  |TAMS 0x0000000725400000, 0x0000000725400000| Untracked 
|  26|0x0000000725600000, 0x0000000725600000, 0x0000000725800000|  0%| F|  |TAMS 0x0000000725600000, 0x0000000725600000| Untracked 
|  27|0x0000000725800000, 0x0000000725800000, 0x0000000725a00000|  0%| F|  |TAMS 0x0000000725800000, 0x0000000725800000| Untracked 
|  28|0x0000000725a00000, 0x0000000725a00000, 0x0000000725c00000|  0%| F|  |TAMS 0x0000000725a00000, 0x0000000725a00000| Untracked 
|  29|0x0000000725c00000, 0x0000000725c00000, 0x0000000725e00000|  0%| F|  |TAMS 0x0000000725c00000, 0x0000000725c00000| Untracked 
|  30|0x0000000725e00000, 0x0000000725e00000, 0x0000000726000000|  0%| F|  |TAMS 0x0000000725e00000, 0x0000000725e00000| Untracked 
|  31|0x0000000726000000, 0x0000000726000000, 0x0000000726200000|  0%| F|  |TAMS 0x0000000726000000, 0x0000000726000000| Untracked 
|  32|0x0000000726200000, 0x0000000726200000, 0x0000000726400000|  0%| F|  |TAMS 0x0000000726200000, 0x0000000726200000| Untracked 
|  33|0x0000000726400000, 0x0000000726400000, 0x0000000726600000|  0%| F|  |TAMS 0x0000000726400000, 0x0000000726400000| Untracked 
|  34|0x0000000726600000, 0x0000000726600000, 0x0000000726800000|  0%| F|  |TAMS 0x0000000726600000, 0x0000000726600000| Untracked 
|  35|0x0000000726800000, 0x0000000726800000, 0x0000000726a00000|  0%| F|  |TAMS 0x0000000726800000, 0x0000000726800000| Untracked 
|  36|0x0000000726a00000, 0x0000000726a00000, 0x0000000726c00000|  0%| F|  |TAMS 0x0000000726a00000, 0x0000000726a00000| Untracked 
|  37|0x0000000726c00000, 0x0000000726c00000, 0x0000000726e00000|  0%| F|  |TAMS 0x0000000726c00000, 0x0000000726c00000| Untracked 
|  38|0x0000000726e00000, 0x0000000726e00000, 0x0000000727000000|  0%| F|  |TAMS 0x0000000726e00000, 0x0000000726e00000| Untracked 
|  39|0x0000000727000000, 0x0000000727000000, 0x0000000727200000|  0%| F|  |TAMS 0x0000000727000000, 0x0000000727000000| Untracked 
|  40|0x0000000727200000, 0x0000000727200000, 0x0000000727400000|  0%| F|  |TAMS 0x0000000727200000, 0x0000000727200000| Untracked 
|  41|0x0000000727400000, 0x0000000727400000, 0x0000000727600000|  0%| F|  |TAMS 0x0000000727400000, 0x0000000727400000| Untracked 
|  42|0x0000000727600000, 0x0000000727600000, 0x0000000727800000|  0%| F|  |TAMS 0x0000000727600000, 0x0000000727600000| Untracked 
|  43|0x0000000727800000, 0x0000000727800000, 0x0000000727a00000|  0%| F|  |TAMS 0x0000000727800000, 0x0000000727800000| Untracked 
|  44|0x0000000727a00000, 0x0000000727a00000, 0x0000000727c00000|  0%| F|  |TAMS 0x0000000727a00000, 0x0000000727a00000| Untracked 
|  45|0x0000000727c00000, 0x0000000727c00000, 0x0000000727e00000|  0%| F|  |TAMS 0x0000000727c00000, 0x0000000727c00000| Untracked 
|  46|0x0000000727e00000, 0x0000000727e00000, 0x0000000728000000|  0%| F|  |TAMS 0x0000000727e00000, 0x0000000727e00000| Untracked 
|  47|0x0000000728000000, 0x0000000728000000, 0x0000000728200000|  0%| F|  |TAMS 0x0000000728000000, 0x0000000728000000| Untracked 
|  48|0x0000000728200000, 0x0000000728200000, 0x0000000728400000|  0%| F|  |TAMS 0x0000000728200000, 0x0000000728200000| Untracked 
|  49|0x0000000728400000, 0x0000000728400000, 0x0000000728600000|  0%| F|  |TAMS 0x0000000728400000, 0x0000000728400000| Untracked 
|  50|0x0000000728600000, 0x0000000728600000, 0x0000000728800000|  0%| F|  |TAMS 0x0000000728600000, 0x0000000728600000| Untracked 
|  51|0x0000000728800000, 0x0000000728800000, 0x0000000728a00000|  0%| F|  |TAMS 0x0000000728800000, 0x0000000728800000| Untracked 
|  52|0x0000000728a00000, 0x0000000728a00000, 0x0000000728c00000|  0%| F|  |TAMS 0x0000000728a00000, 0x0000000728a00000| Untracked 
|  53|0x0000000728c00000, 0x0000000728c00000, 0x0000000728e00000|  0%| F|  |TAMS 0x0000000728c00000, 0x0000000728c00000| Untracked 
|  54|0x0000000728e00000, 0x0000000728e00000, 0x0000000729000000|  0%| F|  |TAMS 0x0000000728e00000, 0x0000000728e00000| Untracked 
|  55|0x0000000729000000, 0x0000000729000000, 0x0000000729200000|  0%| F|  |TAMS 0x0000000729000000, 0x0000000729000000| Untracked 
|  56|0x0000000729200000, 0x0000000729200000, 0x0000000729400000|  0%| F|  |TAMS 0x0000000729200000, 0x0000000729200000| Untracked 
|  57|0x0000000729400000, 0x0000000729400000, 0x0000000729600000|  0%| F|  |TAMS 0x0000000729400000, 0x0000000729400000| Untracked 
|  58|0x0000000729600000, 0x0000000729600000, 0x0000000729800000|  0%| F|  |TAMS 0x0000000729600000, 0x0000000729600000| Untracked 
|  59|0x0000000729800000, 0x0000000729800000, 0x0000000729a00000|  0%| F|  |TAMS 0x0000000729800000, 0x0000000729800000| Untracked 
|  60|0x0000000729a00000, 0x0000000729a00000, 0x0000000729c00000|  0%| F|  |TAMS 0x0000000729a00000, 0x0000000729a00000| Untracked 
|  61|0x0000000729c00000, 0x0000000729c00000, 0x0000000729e00000|  0%| F|  |TAMS 0x0000000729c00000, 0x0000000729c00000| Untracked 
|  62|0x0000000729e00000, 0x0000000729e00000, 0x000000072a000000|  0%| F|  |TAMS 0x0000000729e00000, 0x0000000729e00000| Untracked 
|  63|0x000000072a000000, 0x000000072a000000, 0x000000072a200000|  0%| F|  |TAMS 0x000000072a000000, 0x000000072a000000| Untracked 
|  64|0x000000072a200000, 0x000000072a200000, 0x000000072a400000|  0%| F|  |TAMS 0x000000072a200000, 0x000000072a200000| Untracked 
|  65|0x000000072a400000, 0x000000072a400000, 0x000000072a600000|  0%| F|  |TAMS 0x000000072a400000, 0x000000072a400000| Untracked 
|  66|0x000000072a600000, 0x000000072a600000, 0x000000072a800000|  0%| F|  |TAMS 0x000000072a600000, 0x000000072a600000| Untracked 
|  67|0x000000072a800000, 0x000000072a800000, 0x000000072aa00000|  0%| F|  |TAMS 0x000000072a800000, 0x000000072a800000| Untracked 
|  68|0x000000072aa00000, 0x000000072aa00000, 0x000000072ac00000|  0%| F|  |TAMS 0x000000072aa00000, 0x000000072aa00000| Untracked 
|  69|0x000000072ac00000, 0x000000072ac00000, 0x000000072ae00000|  0%| F|  |TAMS 0x000000072ac00000, 0x000000072ac00000| Untracked 
|  70|0x000000072ae00000, 0x000000072ae00000, 0x000000072b000000|  0%| F|  |TAMS 0x000000072ae00000, 0x000000072ae00000| Untracked 
|  71|0x000000072b000000, 0x000000072b000000, 0x000000072b200000|  0%| F|  |TAMS 0x000000072b000000, 0x000000072b000000| Untracked 
|  72|0x000000072b200000, 0x000000072b200000, 0x000000072b400000|  0%| F|  |TAMS 0x000000072b200000, 0x000000072b200000| Untracked 
|  73|0x000000072b400000, 0x000000072b400000, 0x000000072b600000|  0%| F|  |TAMS 0x000000072b400000, 0x000000072b400000| Untracked 
|  74|0x000000072b600000, 0x000000072b600000, 0x000000072b800000|  0%| F|  |TAMS 0x000000072b600000, 0x000000072b600000| Untracked 
|  75|0x000000072b800000, 0x000000072b800000, 0x000000072ba00000|  0%| F|  |TAMS 0x000000072b800000, 0x000000072b800000| Untracked 
|  76|0x000000072ba00000, 0x000000072ba00000, 0x000000072bc00000|  0%| F|  |TAMS 0x000000072ba00000, 0x000000072ba00000| Untracked 
|  77|0x000000072bc00000, 0x000000072bc00000, 0x000000072be00000|  0%| F|  |TAMS 0x000000072bc00000, 0x000000072bc00000| Untracked 
|  78|0x000000072be00000, 0x000000072be00000, 0x000000072c000000|  0%| F|  |TAMS 0x000000072be00000, 0x000000072be00000| Untracked 
|  79|0x000000072c000000, 0x000000072c000000, 0x000000072c200000|  0%| F|  |TAMS 0x000000072c000000, 0x000000072c000000| Untracked 
|  80|0x000000072c200000, 0x000000072c200000, 0x000000072c400000|  0%| F|  |TAMS 0x000000072c200000, 0x000000072c200000| Untracked 
|  81|0x000000072c400000, 0x000000072c400000, 0x000000072c600000|  0%| F|  |TAMS 0x000000072c400000, 0x000000072c400000| Untracked 
|  82|0x000000072c600000, 0x000000072c600000, 0x000000072c800000|  0%| F|  |TAMS 0x000000072c600000, 0x000000072c600000| Untracked 
|  83|0x000000072c800000, 0x000000072c800000, 0x000000072ca00000|  0%| F|  |TAMS 0x000000072c800000, 0x000000072c800000| Untracked 
|  84|0x000000072ca00000, 0x000000072ca00000, 0x000000072cc00000|  0%| F|  |TAMS 0x000000072ca00000, 0x000000072ca00000| Untracked 
|  85|0x000000072cc00000, 0x000000072cc00000, 0x000000072ce00000|  0%| F|  |TAMS 0x000000072cc00000, 0x000000072cc00000| Untracked 
|  86|0x000000072ce00000, 0x000000072ce00000, 0x000000072d000000|  0%| F|  |TAMS 0x000000072ce00000, 0x000000072ce00000| Untracked 
|  87|0x000000072d000000, 0x000000072d000000, 0x000000072d200000|  0%| F|  |TAMS 0x000000072d000000, 0x000000072d000000| Untracked 
|  88|0x000000072d200000, 0x000000072d200000, 0x000000072d400000|  0%| F|  |TAMS 0x000000072d200000, 0x000000072d200000| Untracked 
|  89|0x000000072d400000, 0x000000072d400000, 0x000000072d600000|  0%| F|  |TAMS 0x000000072d400000, 0x000000072d400000| Untracked 
|  90|0x000000072d600000, 0x000000072d600000, 0x000000072d800000|  0%| F|  |TAMS 0x000000072d600000, 0x000000072d600000| Untracked 
|  91|0x000000072d800000, 0x000000072d800000, 0x000000072da00000|  0%| F|  |TAMS 0x000000072d800000, 0x000000072d800000| Untracked 
|  92|0x000000072da00000, 0x000000072da00000, 0x000000072dc00000|  0%| F|  |TAMS 0x000000072da00000, 0x000000072da00000| Untracked 
|  93|0x000000072dc00000, 0x000000072dc00000, 0x000000072de00000|  0%| F|  |TAMS 0x000000072dc00000, 0x000000072dc00000| Untracked 
|  94|0x000000072de00000, 0x000000072de00000, 0x000000072e000000|  0%| F|  |TAMS 0x000000072de00000, 0x000000072de00000| Untracked 
|  95|0x000000072e000000, 0x000000072e000000, 0x000000072e200000|  0%| F|  |TAMS 0x000000072e000000, 0x000000072e000000| Untracked 
|  96|0x000000072e200000, 0x000000072e200000, 0x000000072e400000|  0%| F|  |TAMS 0x000000072e200000, 0x000000072e200000| Untracked 
|  97|0x000000072e400000, 0x000000072e400000, 0x000000072e600000|  0%| F|  |TAMS 0x000000072e400000, 0x000000072e400000| Untracked 
|  98|0x000000072e600000, 0x000000072e650000, 0x000000072e800000| 15%| S|CS|TAMS 0x000000072e600000, 0x000000072e600000| Complete 
|  99|0x000000072e800000, 0x000000072ea00000, 0x000000072ea00000|100%| S|CS|TAMS 0x000000072e800000, 0x000000072e800000| Complete 
| 100|0x000000072ea00000, 0x000000072ea00000, 0x000000072ec00000|  0%| F|  |TAMS 0x000000072ea00000, 0x000000072ea00000| Untracked 
| 101|0x000000072ec00000, 0x000000072ec00000, 0x000000072ee00000|  0%| F|  |TAMS 0x000000072ec00000, 0x000000072ec00000| Untracked 
| 102|0x000000072ee00000, 0x000000072ef1d328, 0x000000072f000000| 55%| E|  |TAMS 0x000000072ee00000, 0x000000072ee00000| Complete 
| 103|0x000000072f000000, 0x000000072f200000, 0x000000072f200000|100%| E|CS|TAMS 0x000000072f000000, 0x000000072f000000| Complete 
| 104|0x000000072f200000, 0x000000072f400000, 0x000000072f400000|100%| E|CS|TAMS 0x000000072f200000, 0x000000072f200000| Complete 
| 105|0x000000072f400000, 0x000000072f600000, 0x000000072f600000|100%| E|CS|TAMS 0x000000072f400000, 0x000000072f400000| Complete 
| 106|0x000000072f600000, 0x000000072f800000, 0x000000072f800000|100%| E|CS|TAMS 0x000000072f600000, 0x000000072f600000| Complete 
| 107|0x000000072f800000, 0x000000072fa00000, 0x000000072fa00000|100%| E|CS|TAMS 0x000000072f800000, 0x000000072f800000| Complete 
| 108|0x000000072fa00000, 0x000000072fc00000, 0x000000072fc00000|100%| E|CS|TAMS 0x000000072fa00000, 0x000000072fa00000| Complete 
| 109|0x000000072fc00000, 0x000000072fe00000, 0x000000072fe00000|100%| E|CS|TAMS 0x000000072fc00000, 0x000000072fc00000| Complete 
| 110|0x000000072fe00000, 0x0000000730000000, 0x0000000730000000|100%| E|CS|TAMS 0x000000072fe00000, 0x000000072fe00000| Complete 

Card table byte_map: [0x00000145320b0000,0x00000145327a0000] _byte_map_base: 0x000001452e79f000

Marking Bits (Prev, Next): (CMBitMap*) 0x000001451ee03be0, (CMBitMap*) 0x000001451ee03c20
 Prev Bits: [0x0000014532e90000, 0x0000014536608000)
 Next Bits: [0x0000014536610000, 0x0000014539d88000)

Polling page: 0x000001451cd10000

Metaspace:

Usage:
  Non-class:     13.14 MB used.
      Class:      1.51 MB used.
       Both:     14.65 MB used.

Virtual space:
  Non-class space:       16.00 MB reserved,      13.25 MB ( 83%) committed,  2 nodes.
      Class space:        1.00 GB reserved,       1.56 MB ( <1%) committed,  1 nodes.
             Both:        1.02 GB reserved,      14.81 MB (  1%) committed. 

Chunk freelists:
   Non-Class:  2.28 MB
       Class:  2.38 MB
        Both:  4.66 MB

MaxMetaspaceSize: unlimited
CompressedClassSpaceSize: 1.00 GB
Initial GC threshold: 21.00 MB
Current GC threshold: 21.00 MB
CDS: off
MetaspaceReclaimPolicy: balanced
 - commit_granule_bytes: 65536.
 - commit_granule_words: 8192.
 - virtual_space_node_default_size: 1048576.
 - enlarge_chunks_in_place: 1.
 - new_chunks_are_fully_committed: 0.
 - uncommit_free_chunks: 1.
 - use_allocation_guard: 0.
 - handle_deallocations: 1.


Internal statistics:

num_allocs_failed_limit: 0.
num_arena_births: 94.
num_arena_deaths: 0.
num_vsnodes_births: 3.
num_vsnodes_deaths: 0.
num_space_committed: 237.
num_space_uncommitted: 0.
num_chunks_returned_to_freelist: 0.
num_chunks_taken_from_freelist: 324.
num_chunk_merges: 0.
num_chunk_splits: 161.
num_chunks_enlarged: 95.
num_purges: 0.
num_inconsistent_stats: 0.

CodeHeap 'non-profiled nmethods': size=120000Kb used=478Kb max_used=478Kb free=119521Kb
 bounds [0x0000014529f40000, 0x000001452a1b0000, 0x0000014531470000]
CodeHeap 'profiled nmethods': size=120000Kb used=3061Kb max_used=3061Kb free=116938Kb
 bounds [0x0000014522a10000, 0x0000014522d10000, 0x0000014529f40000]
CodeHeap 'non-nmethods': size=5760Kb used=1232Kb max_used=1264Kb free=4527Kb
 bounds [0x0000014522470000, 0x00000145226e0000, 0x0000014522a10000]
 total_blobs=1969 nmethods=1519 adapters=362
 compilation: enabled
              stopped_count=0, restarted_count=0
 full_count=0

Compilation events (20 events):
Event: 0.857 Thread 0x000001453d464f20 nmethod 1511 0x0000014522d07e90 code [0x0000014522d08040, 0x0000014522d08358]
Event: 0.857 Thread 0x000001453d464f20 1512       3       java.util.stream.ReferencePipeline::map (26 bytes)
Event: 0.857 Thread 0x000001453d464f20 nmethod 1512 0x0000014522d08490 code [0x0000014522d08680, 0x0000014522d08bd8]
Event: 0.857 Thread 0x000001453d464f20 1513       3       java.util.stream.ReferencePipeline$3::<init> (20 bytes)
Event: 0.857 Thread 0x000001453d464f20 nmethod 1513 0x0000014522d08e10 code [0x0000014522d08fc0, 0x0000014522d092c8]
Event: 0.857 Thread 0x000001453d464f20 1509       3       java.util.ArrayList::addAll (76 bytes)
Event: 0.858 Thread 0x000001453d464f20 nmethod 1509 0x0000014522d09410 code [0x0000014522d095e0, 0x0000014522d09a88]
Event: 0.858 Thread 0x000001453d464f20 1515       3       java.util.stream.ReduceOps$ReduceOp::<init> (10 bytes)
Event: 0.858 Thread 0x000001453d464f20 nmethod 1515 0x0000014522d09c10 code [0x0000014522d09da0, 0x0000014522d09f58]
Event: 0.858 Thread 0x000001453d464f20 1516       3       java.util.stream.ReduceOps$ReduceOp::evaluateSequential (18 bytes)
Event: 0.858 Thread 0x000001453d464f20 nmethod 1516 0x0000014522d0a010 code [0x0000014522d0a1e0, 0x0000014522d0a668]
Event: 0.858 Thread 0x000001453d464f20 1517       3       java.util.stream.ReduceOps$Box::<init> (5 bytes)
Event: 0.858 Thread 0x000001453d464f20 nmethod 1517 0x0000014522d0a790 code [0x0000014522d0a920, 0x0000014522d0aa78]
Event: 0.858 Thread 0x000001453d464f20 1518       3       java.util.stream.ReferencePipeline::collect (124 bytes)
Event: 0.858 Thread 0x000001453d464f20 nmethod 1518 0x0000014522d0ab10 code [0x0000014522d0ada0, 0x0000014522d0ba88]
Event: 0.858 Thread 0x000001453d464f20 1519       3       java.util.stream.ReduceOps::makeRef (42 bytes)
Event: 0.858 Thread 0x000001453d464f20 nmethod 1519 0x0000014522d0bf10 code [0x0000014522d0c120, 0x0000014522d0c968]
Event: 0.858 Thread 0x000001453d464f20 1514       3       java.lang.Class::getDeclaredAnnotation (22 bytes)
Event: 0.859 Thread 0x000001453d464f20 nmethod 1514 0x0000014522d0cc10 code [0x0000014522d0ce00, 0x0000014522d0d2a8]
Event: 0.869 Thread 0x000001453d467290 nmethod 1502 0x0000014529fb5890 code [0x0000014529fb5ae0, 0x0000014529fb6bf0]

GC Heap History (2 events):
Event: 0.612 GC heap before
{Heap before GC invocations=0 (full 0):
 garbage-first heap   total 227328K, used 22528K [0x0000000722200000, 0x0000000800000000)
  region size 2048K, 11 young (22528K), 0 survivors (0K)
 Metaspace       used 12697K, committed 12864K, reserved 1064960K
  class space    used 1211K, committed 1280K, reserved 1048576K
}
Event: 0.616 GC heap after
{Heap after GC invocations=1 (full 0):
 garbage-first heap   total 227328K, used 2368K [0x0000000722200000, 0x0000000800000000)
  region size 2048K, 2 young (4096K), 2 survivors (4096K)
 Metaspace       used 12697K, committed 12864K, reserved 1064960K
  class space    used 1211K, committed 1280K, reserved 1048576K
}

Deoptimization events (20 events):
Event: 0.824 Thread 0x000001451eda1b50 Uncommon trap: trap_request=0xffffff45 fr.pc=0x0000014529f67cdc relative=0x000000000000089c
Event: 0.824 Thread 0x000001451eda1b50 Uncommon trap: reason=unstable_if action=reinterpret pc=0x0000014529f67cdc method=org.eclipse.jdt.launching.internal.org.objectweb.asm.ClassReader.readUtf(II[C)Ljava/lang/String; @ 41 c2
Event: 0.824 Thread 0x000001451eda1b50 DEOPT PACKING pc=0x0000014529f67cdc sp=0x00000020078f99c0
Event: 0.824 Thread 0x000001451eda1b50 DEOPT UNPACKING pc=0x00000145224c23a3 sp=0x00000020078f99a8 mode 2
Event: 0.824 Thread 0x000001451eda1b50 Uncommon trap: trap_request=0xffffff45 fr.pc=0x0000014529fab038 relative=0x0000000000000598
Event: 0.824 Thread 0x000001451eda1b50 Uncommon trap: reason=unstable_if action=reinterpret pc=0x0000014529fab038 method=java.lang.String.hashCode()I @ 20 c2
Event: 0.824 Thread 0x000001451eda1b50 DEOPT PACKING pc=0x0000014529fab038 sp=0x00000020078f9a70
Event: 0.824 Thread 0x000001451eda1b50 DEOPT UNPACKING pc=0x00000145224c23a3 sp=0x00000020078f9950 mode 2
Event: 0.824 Thread 0x000001451eda1b50 Uncommon trap: trap_request=0xffffff45 fr.pc=0x0000014529f4991c relative=0x000000000000019c
Event: 0.824 Thread 0x000001451eda1b50 Uncommon trap: reason=unstable_if action=reinterpret pc=0x0000014529f4991c method=java.lang.String.isLatin1()Z @ 10 c2
Event: 0.824 Thread 0x000001451eda1b50 DEOPT PACKING pc=0x0000014529f4991c sp=0x00000020078f99c0
Event: 0.824 Thread 0x000001451eda1b50 DEOPT UNPACKING pc=0x00000145224c23a3 sp=0x00000020078f98f0 mode 2
Event: 0.824 Thread 0x000001451eda1b50 Uncommon trap: trap_request=0xffffff45 fr.pc=0x0000014529f4b060 relative=0x0000000000000060
Event: 0.824 Thread 0x000001451eda1b50 Uncommon trap: reason=unstable_if action=reinterpret pc=0x0000014529f4b060 method=java.lang.String.isLatin1()Z @ 10 c2
Event: 0.824 Thread 0x000001451eda1b50 DEOPT PACKING pc=0x0000014529f4b060 sp=0x00000020078f9940
Event: 0.824 Thread 0x000001451eda1b50 DEOPT UNPACKING pc=0x00000145224c23a3 sp=0x00000020078f98e0 mode 2
Event: 0.825 Thread 0x000001451eda1b50 Uncommon trap: trap_request=0xffffff45 fr.pc=0x0000014529f54b48 relative=0x0000000000000048
Event: 0.825 Thread 0x000001451eda1b50 Uncommon trap: reason=unstable_if action=reinterpret pc=0x0000014529f54b48 method=java.lang.CharacterData.of(I)Ljava/lang/CharacterData; @ 4 c2
Event: 0.825 Thread 0x000001451eda1b50 DEOPT PACKING pc=0x0000014529f54b48 sp=0x00000020078fb390
Event: 0.825 Thread 0x000001451eda1b50 DEOPT UNPACKING pc=0x00000145224c23a3 sp=0x00000020078fb330 mode 2

Classes unloaded (0 events):
No events

Classes redefined (3 events):
Event: 219.317 Thread 0x000001453ca0c110 redefined class name=telran.util.TreeSet$Node, count=1
Event: 219.317 Thread 0x000001453ca0c110 redefined class name=telran.util.TreeSet$TreeSetIterator, count=1
Event: 219.317 Thread 0x000001453ca0c110 redefined class name=telran.util.TreeSet, count=1

Internal exceptions (20 events):
Event: 0.625 Thread 0x000001451eda1b50 Exception <a 'java/lang/IncompatibleClassChangeError'{0x000000072ff33df8}: Found class java.lang.Object, but interface was expected> (0x000000072ff33df8) 
thrown [s\src\hotspot\share\interpreter\linkResolver.cpp, line 826]
Event: 0.635 Thread 0x000001451eda1b50 Exception <a 'java/lang/IncompatibleClassChangeError'{0x000000072ffa37e0}: Found class java.lang.Object, but interface was expected> (0x000000072ffa37e0) 
thrown [s\src\hotspot\share\interpreter\linkResolver.cpp, line 826]
Event: 0.638 Thread 0x000001451eda1b50 Exception <a 'java/lang/NoSuchMethodError'{0x000000072ffcb640}: 'java.lang.Object java.lang.invoke.DirectMethodHandle$Holder.invokeStatic(java.lang.Object, java.lang.Object, int)'> (0x000000072ffcb640) 
thrown [s\src\hotspot\share\interpreter\linkResolver.cpp, line 759]
Event: 0.646 Thread 0x000001451eda1b50 Exception <a 'java/lang/NoSuchMethodError'{0x000000072fc40618}: 'void java.lang.invoke.DirectMethodHandle$Holder.invokeSpecial(java.lang.Object, java.lang.Object, java.lang.Object, java.lang.Object, java.lang.Object)'> (0x000000072fc40618) 
thrown [s\src\hotspot\share\interpreter\linkResolver.cpp, line 759]
Event: 0.708 Thread 0x000001451eda1b50 Exception <a 'java/lang/NoSuchMethodError'{0x000000072f910808}: 'java.lang.Object java.lang.invoke.DirectMethodHandle$Holder.newInvokeSpecial(java.lang.Object, java.lang.Object, int)'> (0x000000072f910808) 
thrown [s\src\hotspot\share\interpreter\linkResolver.cpp, line 759]
Event: 0.718 Thread 0x000001451eda1b50 Exception <a 'java/lang/NoSuchMethodError'{0x000000072f991480}: 'void java.lang.invoke.DirectMethodHandle$Holder.invokeInterface(java.lang.Object, java.lang.Object, java.lang.Object, java.lang.Object)'> (0x000000072f991480) 
thrown [s\src\hotspot\share\interpreter\linkResolver.cpp, line 759]
Event: 0.718 Thread 0x000001451eda1b50 Exception <a 'java/lang/IncompatibleClassChangeError'{0x000000072f994da8}: Found class java.lang.Object, but interface was expected> (0x000000072f994da8) 
thrown [s\src\hotspot\share\interpreter\linkResolver.cpp, line 826]
Event: 0.722 Thread 0x000001451eda1b50 Exception <a 'java/lang/NoSuchMethodError'{0x000000072f9e4fa0}: 'void java.lang.invoke.DirectMethodHandle$Holder.invokeStatic(java.lang.Object, java.lang.Object, java.lang.Object, java.lang.Object)'> (0x000000072f9e4fa0) 
thrown [s\src\hotspot\share\interpreter\linkResolver.cpp, line 759]
Event: 0.731 Thread 0x000001451eda1b50 Exception <a 'java/lang/NoSuchMethodError'{0x000000072f6b2800}: 'int java.lang.invoke.DirectMethodHandle$Holder.invokeStatic(java.lang.Object, java.lang.Object, java.lang.Object, java.lang.Object)'> (0x000000072f6b2800) 
thrown [s\src\hotspot\share\interpreter\linkResolver.cpp, line 759]
Event: 0.732 Thread 0x000001451eda1b50 Exception <a 'java/lang/NoSuchMethodError'{0x000000072f6b6180}: 'java.lang.Object java.lang.invoke.Invokers$Holder.invokeExact_MT(java.lang.Object, java.lang.Object, java.lang.Object, java.lang.Object, java.lang.Object, java.lang.Object)'> (0x000000072f6b6180) 
thrown [s\src\hotspot\share\interpreter\linkResolver.cpp, line 759]
Event: 0.733 Thread 0x000001451eda1b50 Exception <a 'java/lang/NoSuchMethodError'{0x000000072f6c6a88}: 'int java.lang.invoke.DirectMethodHandle$Holder.invokeStatic(java.lang.Object, java.lang.Object, java.lang.Object, java.lang.Object, java.lang.Object)'> (0x000000072f6c6a88) 
thrown [s\src\hotspot\share\interpreter\linkResolver.cpp, line 759]
Event: 0.743 Thread 0x000001451eda1b50 Exception <a 'java/lang/NoSuchMethodError'{0x000000072f753c68}: 'void java.lang.invoke.DirectMethodHandle$Holder.invokeStaticInit(java.lang.Object)'> (0x000000072f753c68) 
thrown [s\src\hotspot\share\interpreter\linkResolver.cpp, line 759]
Event: 0.775 Thread 0x000001451eda1b50 Exception <a 'java/lang/NoSuchMethodError'{0x000000072f5f2f28}: 'int java.lang.invoke.DirectMethodHandle$Holder.invokeStaticInit(java.lang.Object, java.lang.Object)'> (0x000000072f5f2f28) 
thrown [s\src\hotspot\share\interpreter\linkResolver.cpp, line 759]
Event: 0.805 Thread 0x000001451eda1b50 Exception <a 'java/lang/NoSuchMethodError'{0x000000072f374eb8}: 'java.lang.Object java.lang.invoke.DirectMethodHandle$Holder.newInvokeSpecial(java.lang.Object, java.lang.Object, java.lang.Object, java.lang.Object, java.lang.Object, java.lang.Object, java.lang.Object)'> (0x000000072f374eb8) 
thrown [s\src\hotspot\share\interpreter\linkResolver.cpp, line 759]
Event: 0.805 Thread 0x000001451eda1b50 Exception <a 'java/lang/NoSuchMethodError'{0x000000072f379cd0}: 'java.lang.Object java.lang.invoke.Invokers$Holder.linkToTargetMethod(java.lang.Object, java.lang.Object, java.lang.Object, java.lang.Object, java.lang.Object, java.lang.Object, java.lang.Object)'> (0x000000072f379cd0) 
thrown [s\src\hotspot\share\interpreter\linkResolver.cpp, line 759]
Event: 0.807 Thread 0x000001451eda1b50 Exception <a 'java/lang/NoSuchMethodError'{0x000000072f38f760}: 'java.lang.Object java.lang.invoke.DirectMethodHandle$Holder.invokeInterface(java.lang.Object, java.lang.Object, java.lang.Object, java.lang.Object, java.lang.Object)'> (0x000000072f38f760) 
thrown [s\src\hotspot\share\interpreter\linkResolver.cpp, line 759]
Event: 0.807 Thread 0x000001451eda1b50 Exception <a 'java/lang/IncompatibleClassChangeError'{0x000000072f393558}: Found class java.lang.Object, but interface was expected> (0x000000072f393558) 
thrown [s\src\hotspot\share\interpreter\linkResolver.cpp, line 826]
Event: 0.814 Thread 0x000001451eda1b50 Exception <a 'java/lang/NoSuchMethodError'{0x000000072f01b840}: 'int java.lang.invoke.DirectMethodHandle$Holder.invokeInterface(java.lang.Object, java.lang.Object)'> (0x000000072f01b840) 
thrown [s\src\hotspot\share\interpreter\linkResolver.cpp, line 759]
Event: 0.819 Thread 0x000001451eda1b50 Exception <a 'java/lang/IncompatibleClassChangeError'{0x000000072f044568}: Found class java.lang.Object, but interface was expected> (0x000000072f044568) 
thrown [s\src\hotspot\share\interpreter\linkResolver.cpp, line 826]
Event: 0.848 Thread 0x000001451eda1b50 Exception <a 'java/lang/reflect/InvocationTargetException'{0x000000072ee3faa8}> (0x000000072ee3faa8) 
thrown [s\src\hotspot\share\runtime\reflection.cpp, line 1121]

VM Operations (20 events):
Event: 147.685 Executing VM operation: get/set locals
Event: 147.685 Executing VM operation: get/set locals done
Event: 147.689 Executing VM operation: get/set locals
Event: 147.689 Executing VM operation: get/set locals done
Event: 190.800 Executing VM operation: get/set locals
Event: 190.800 Executing VM operation: get/set locals done
Event: 194.358 Executing VM operation: get/set locals
Event: 194.358 Executing VM operation: get/set locals done
Event: 219.302 Executing VM operation: ChangeSingleStep
Event: 219.303 Executing VM operation: ChangeSingleStep done
Event: 219.303 Executing VM operation: ChangeSingleStep
Event: 219.303 Executing VM operation: ChangeSingleStep done
Event: 219.314 Executing VM operation: RedefineClasses
Event: 219.320 Executing VM operation: RedefineClasses done
Event: 219.322 Executing VM operation: ChangeSingleStep
Event: 219.322 Executing VM operation: ChangeSingleStep done
Event: 219.322 Executing VM operation: get/set locals
Event: 219.322 Executing VM operation: get/set locals done
Event: 219.323 Executing VM operation: ChangeSingleStep
Event: 219.323 Executing VM operation: ChangeSingleStep done

Events (20 events):
Event: 0.824 loading class java/time/DateTimeException
Event: 0.824 loading class java/time/DateTimeException done
Event: 0.824 loading class java/time/format/DateTimeParseException done
Event: 0.825 loading class java/lang/CharacterData00
Event: 0.825 loading class java/lang/CharacterData00 done
Event: 0.827 loading class java/util/concurrent/atomic/AtomicReference
Event: 0.827 loading class java/util/concurrent/atomic/AtomicReference done
Event: 0.839 loading class java/util/stream/SortedOps$RefSortingSink
Event: 0.839 loading class java/util/stream/SortedOps$RefSortingSink done
Event: 0.845 loading class java/util/NoSuchElementException
Event: 0.845 loading class java/util/NoSuchElementException done
Event: 0.848 loading class java/lang/reflect/InvocationTargetException
Event: 0.848 loading class java/lang/reflect/InvocationTargetException done
Event: 0.851 loading class java/lang/Throwable$WrappedPrintWriter
Event: 0.851 loading class java/lang/Throwable$PrintStreamOrWriter
Event: 0.851 loading class java/lang/Throwable$PrintStreamOrWriter done
Event: 0.851 loading class java/lang/Throwable$WrappedPrintWriter done
Event: 0.852 loading class java/lang/StackTraceElement$HashedModules
Event: 0.852 loading class java/lang/StackTraceElement$HashedModules done
Event: 5.870 Thread 0x000001453e0fd770 Thread exited: 0x000001453e0fd770


Dynamic libraries:
0x00007ff7dd0d0000 - 0x00007ff7dd0de000 	C:\Users\Kirill\.p2\pool\plugins\org.eclipse.justj.openjdk.hotspot.jre.full.win32.x86_64_17.0.4.v20221004-1257\jre\bin\javaw.exe
0x00007ffbfe750000 - 0x00007ffbfe948000 	C:\Windows\SYSTEM32\ntdll.dll
0x00007ffbfdfc0000 - 0x00007ffbfe07f000 	C:\Windows\System32\KERNEL32.DLL
0x00007ffbfc2c0000 - 0x00007ffbfc592000 	C:\Windows\System32\KERNELBASE.dll
0x00007ffbfc1c0000 - 0x00007ffbfc2c0000 	C:\Windows\System32\ucrtbase.dll
0x00007ffbed410000 - 0x00007ffbed428000 	C:\Users\Kirill\.p2\pool\plugins\org.eclipse.justj.openjdk.hotspot.jre.full.win32.x86_64_17.0.4.v20221004-1257\jre\bin\jli.dll
0x00007ffbecb10000 - 0x00007ffbecb29000 	C:\Users\Kirill\.p2\pool\plugins\org.eclipse.justj.openjdk.hotspot.jre.full.win32.x86_64_17.0.4.v20221004-1257\jre\bin\VCRUNTIME140.dll
0x00007ffbfc790000 - 0x00007ffbfc931000 	C:\Windows\System32\USER32.dll
0x00007ffbe7480000 - 0x00007ffbe771a000 	C:\Windows\WinSxS\amd64_microsoft.windows.common-controls_6595b64144ccf1df_6.0.19041.1110_none_60b5254171f9507e\COMCTL32.dll
0x00007ffbfc100000 - 0x00007ffbfc122000 	C:\Windows\System32\win32u.dll
0x00007ffbfd270000 - 0x00007ffbfd30e000 	C:\Windows\System32\msvcrt.dll
0x00007ffbfe6e0000 - 0x00007ffbfe70b000 	C:\Windows\System32\GDI32.dll
0x00007ffbfbff0000 - 0x00007ffbfc0ff000 	C:\Windows\System32\gdi32full.dll
0x00007ffbfc6f0000 - 0x00007ffbfc78d000 	C:\Windows\System32\msvcp_win.dll
0x00007ffbfd310000 - 0x00007ffbfd342000 	C:\Windows\System32\IMM32.DLL
0x00007ffbefa60000 - 0x00007ffbefa6c000 	C:\Users\Kirill\.p2\pool\plugins\org.eclipse.justj.openjdk.hotspot.jre.full.win32.x86_64_17.0.4.v20221004-1257\jre\bin\vcruntime140_1.dll
0x00007ffbebe70000 - 0x00007ffbebf01000 	C:\Users\Kirill\.p2\pool\plugins\org.eclipse.justj.openjdk.hotspot.jre.full.win32.x86_64_17.0.4.v20221004-1257\jre\bin\msvcp140.dll
0x00007ffbcc9f0000 - 0x00007ffbcd636000 	C:\Users\Kirill\.p2\pool\plugins\org.eclipse.justj.openjdk.hotspot.jre.full.win32.x86_64_17.0.4.v20221004-1257\jre\bin\server\jvm.dll
0x00007ffbfca70000 - 0x00007ffbfcb1e000 	C:\Windows\System32\ADVAPI32.dll
0x00007ffbfe380000 - 0x00007ffbfe41c000 	C:\Windows\System32\sechost.dll
0x00007ffbfe480000 - 0x00007ffbfe5a5000 	C:\Windows\System32\RPCRT4.dll
0x00007ffbfca60000 - 0x00007ffbfca68000 	C:\Windows\System32\PSAPI.DLL
0x00007ffbf7020000 - 0x00007ffbf7029000 	C:\Windows\SYSTEM32\WSOCK32.dll
0x00007ffbf1a70000 - 0x00007ffbf1a97000 	C:\Windows\SYSTEM32\WINMM.dll
0x00007ffbf1c90000 - 0x00007ffbf1c9a000 	C:\Windows\SYSTEM32\VERSION.dll
0x00007ffbfde70000 - 0x00007ffbfdedb000 	C:\Windows\System32\WS2_32.dll
0x00007ffbf9cc0000 - 0x00007ffbf9cd2000 	C:\Windows\SYSTEM32\kernel.appcore.dll
0x00007ffbee1d0000 - 0x00007ffbee1da000 	C:\Users\Kirill\.p2\pool\plugins\org.eclipse.justj.openjdk.hotspot.jre.full.win32.x86_64_17.0.4.v20221004-1257\jre\bin\jimage.dll
0x00007ffbf1aa0000 - 0x00007ffbf1c84000 	C:\Windows\SYSTEM32\DBGHELP.DLL
0x00007ffbe82a0000 - 0x00007ffbe82d5000 	C:\Windows\SYSTEM32\dbgcore.DLL
0x00007ffbfc130000 - 0x00007ffbfc1b2000 	C:\Windows\System32\bcryptPrimitives.dll
0x00007ffbeb9d0000 - 0x00007ffbeba0b000 	C:\Users\Kirill\.p2\pool\plugins\org.eclipse.justj.openjdk.hotspot.jre.full.win32.x86_64_17.0.4.v20221004-1257\jre\bin\jdwp.dll
0x00007ffbeddf0000 - 0x00007ffbeddfe000 	C:\Users\Kirill\.p2\pool\plugins\org.eclipse.justj.openjdk.hotspot.jre.full.win32.x86_64_17.0.4.v20221004-1257\jre\bin\instrument.dll
0x00007ffbee1a0000 - 0x00007ffbee1c5000 	C:\Users\Kirill\.p2\pool\plugins\org.eclipse.justj.openjdk.hotspot.jre.full.win32.x86_64_17.0.4.v20221004-1257\jre\bin\java.dll
0x00007ffbee180000 - 0x00007ffbee198000 	C:\Users\Kirill\.p2\pool\plugins\org.eclipse.justj.openjdk.hotspot.jre.full.win32.x86_64_17.0.4.v20221004-1257\jre\bin\zip.dll
0x00007ffbfcb20000 - 0x00007ffbfd264000 	C:\Windows\System32\SHELL32.dll
0x00007ffbf9ec0000 - 0x00007ffbfa652000 	C:\Windows\SYSTEM32\windows.storage.dll
0x00007ffbfd490000 - 0x00007ffbfd7e5000 	C:\Windows\System32\combase.dll
0x00007ffbfb6e0000 - 0x00007ffbfb710000 	C:\Windows\SYSTEM32\Wldp.dll
0x00007ffbfdce0000 - 0x00007ffbfdd8d000 	C:\Windows\System32\SHCORE.dll
0x00007ffbfe320000 - 0x00007ffbfe375000 	C:\Windows\System32\shlwapi.dll
0x00007ffbfbd80000 - 0x00007ffbfbd9f000 	C:\Windows\SYSTEM32\profapi.dll
0x00007ffbedd10000 - 0x00007ffbedd1c000 	C:\Users\Kirill\.p2\pool\plugins\org.eclipse.justj.openjdk.hotspot.jre.full.win32.x86_64_17.0.4.v20221004-1257\jre\bin\dt_socket.dll
0x00007ffbfb1d0000 - 0x00007ffbfb20b000 	C:\Windows\SYSTEM32\IPHLPAPI.DLL
0x00007ffbfb4c0000 - 0x00007ffbfb52a000 	C:\Windows\system32\mswsock.dll
0x00007ffbfb210000 - 0x00007ffbfb2da000 	C:\Windows\SYSTEM32\DNSAPI.dll
0x00007ffbfd7f0000 - 0x00007ffbfd7f8000 	C:\Windows\System32\NSI.dll
0x00007ffbeeb60000 - 0x00007ffbeeb6a000 	C:\Windows\System32\rasadhlp.dll
0x00007ffbf4110000 - 0x00007ffbf4190000 	C:\Windows\System32\fwpuclnt.dll
0x00007ffbfc6c0000 - 0x00007ffbfc6e7000 	C:\Windows\System32\bcrypt.dll
0x00007ffbee160000 - 0x00007ffbee179000 	C:\Users\Kirill\.p2\pool\plugins\org.eclipse.justj.openjdk.hotspot.jre.full.win32.x86_64_17.0.4.v20221004-1257\jre\bin\net.dll
0x00007ffbf5290000 - 0x00007ffbf539c000 	C:\Windows\SYSTEM32\WINHTTP.dll
0x00007ffbedea0000 - 0x00007ffbedeb5000 	C:\Users\Kirill\.p2\pool\plugins\org.eclipse.justj.openjdk.hotspot.jre.full.win32.x86_64_17.0.4.v20221004-1257\jre\bin\nio.dll
0x00007ffbee150000 - 0x00007ffbee160000 	C:\Users\Kirill\.p2\pool\plugins\org.eclipse.justj.openjdk.hotspot.jre.full.win32.x86_64_17.0.4.v20221004-1257\jre\bin\verify.dll
0x00007ffbf5110000 - 0x00007ffbf5127000 	C:\Windows\SYSTEM32\dhcpcsvc6.DLL
0x00007ffbf50a0000 - 0x00007ffbf50bd000 	C:\Windows\SYSTEM32\dhcpcsvc.DLL

dbghelp: loaded successfully - version: 4.0.5 - missing functions: none
symbol engine: initialized successfully - sym options: 0x614 - pdb path: .;C:\Users\Kirill\.p2\pool\plugins\org.eclipse.justj.openjdk.hotspot.jre.full.win32.x86_64_17.0.4.v20221004-1257\jre\bin;C:\Windows\SYSTEM32;C:\Windows\WinSxS\amd64_microsoft.windows.common-controls_6595b64144ccf1df_6.0.19041.1110_none_60b5254171f9507e;C:\Users\Kirill\.p2\pool\plugins\org.eclipse.justj.openjdk.hotspot.jre.full.win32.x86_64_17.0.4.v20221004-1257\jre\bin\server

VM Arguments:
jvm_args: -XX:+ShowCodeDetailsInExceptionMessages -agentlib:jdwp=transport=dt_socket,suspend=y,address=localhost:61699 -ea -javaagent:D:\Eclipse\eclipse\configuration\org.eclipse.osgi\421\0\.cp\lib\javaagent-shaded.jar -Dfile.encoding=UTF-8 
java_command: org.eclipse.jdt.internal.junit.runner.RemoteTestRunner -version 3 -port 61698 -testLoaderClass org.eclipse.jdt.internal.junit5.runner.JUnit5TestLoader -loaderpluginname org.eclipse.jdt.junit5.runtime -classNames telran.util.tests.TreeSetTest
java_class_path (initial): D:\Tel_Ran\oop-introduction\bin;C:\Users\Kirill\.p2\pool\plugins\junit-jupiter-api_5.9.0.jar;C:\Users\Kirill\.p2\pool\plugins\junit-jupiter-engine_5.9.0.jar;C:\Users\Kirill\.p2\pool\plugins\junit-jupiter-migrationsupport_5.9.0.jar;C:\Users\Kirill\.p2\pool\plugins\junit-jupiter-params_5.9.0.jar;C:\Users\Kirill\.p2\pool\plugins\junit-platform-commons_1.9.0.jar;C:\Users\Kirill\.p2\pool\plugins\junit-platform-engine_1.9.0.jar;C:\Users\Kirill\.p2\pool\plugins\junit-platform-launcher_1.9.0.jar;C:\Users\Kirill\.p2\pool\plugins\junit-platform-runner_1.9.0.jar;C:\Users\Kirill\.p2\pool\plugins\junit-platform-suite-api_1.9.0.jar;C:\Users\Kirill\.p2\pool\plugins\junit-platform-suite-engine_1.9.0.jar;C:\Users\Kirill\.p2\pool\plugins\junit-platform-suite-commons_1.9.0.jar;C:\Users\Kirill\.p2\pool\plugins\junit-vintage-engine_5.9.0.jar;C:\Users\Kirill\.p2\pool\plugins\org.opentest4j_1.2.0.jar;C:\Users\Kirill\.p2\pool\plugins\org.apiguardian.api_1.1.2.jar;C:\Users\Kirill\.p2\pool\plugins\org.junit_4.13.2.v20211018-1956.jar;C:\Users\Kirill\.p2\pool\plugins\org.hamcrest.core_1.3.0.v20180420-1519.jar;D:\Eclipse\eclipse\configuration\org.eclipse.osgi\420\0\.cp;D:\Eclipse\eclipse\configuration\org.eclipse.osgi\418\0\.cp
Launcher Type: SUN_STANDARD

[Global flags]
     intx CICompilerCount                          = 4                                         {product} {ergonomic}
     uint ConcGCThreads                            = 3                                         {product} {ergonomic}
     uint G1ConcRefinementThreads                  = 10                                        {product} {ergonomic}
   size_t G1HeapRegionSize                         = 2097152                                   {product} {ergonomic}
    uintx GCDrainStackTargetSize                   = 64                                        {product} {ergonomic}
   size_t InitialHeapSize                          = 232783872                                 {product} {ergonomic}
   size_t MarkStackSize                            = 4194304                                   {product} {ergonomic}
   size_t MaxHeapSize                              = 3722444800                                {product} {ergonomic}
   size_t MaxNewSize                               = 2233466880                                {product} {ergonomic}
   size_t MinHeapDeltaBytes                        = 2097152                                   {product} {ergonomic}
   size_t MinHeapSize                              = 8388608                                   {product} {ergonomic}
    uintx NonNMethodCodeHeapSize                   = 5839372                                {pd product} {ergonomic}
    uintx NonProfiledCodeHeapSize                  = 122909434                              {pd product} {ergonomic}
    uintx ProfiledCodeHeapSize                     = 122909434                              {pd product} {ergonomic}
    uintx ReservedCodeCacheSize                    = 251658240                              {pd product} {ergonomic}
     bool SegmentedCodeCache                       = true                                      {product} {ergonomic}
     bool ShowCodeDetailsInExceptionMessages       = true                                   {manageable} {command line}
   size_t SoftMaxHeapSize                          = 3722444800                             {manageable} {ergonomic}
     bool UseCompressedClassPointers               = true                           {product lp64_product} {ergonomic}
     bool UseCompressedOops                        = true                           {product lp64_product} {ergonomic}
     bool UseG1GC                                  = true                                      {product} {ergonomic}
     bool UseLargePagesIndividualAllocation        = false                                  {pd product} {ergonomic}

Logging:
Log output configuration:
 #0: stdout all=warning uptime,level,tags
 #1: stderr all=off uptime,level,tags

Environment Variables:
PATH=C:\Users\Kirill\.p2\pool\plugins\org.eclipse.justj.openjdk.hotspot.jre.full.win32.x86_64_17.0.4.v20221004-1257\jre\bin;C:/Users/Kirill/.p2/pool/plugins/org.eclipse.justj.openjdk.hotspot.jre.full.win32.x86_64_17.0.4.v20221004-1257/jre/bin/server;C:/Users/Kirill/.p2/pool/plugins/org.eclipse.justj.openjdk.hotspot.jre.full.win32.x86_64_17.0.4.v20221004-1257/jre/bin;C:\Program Files\Common Files\Oracle\Java\javapath;C:\Windows\system32;C:\Windows;C:\Windows\System32\Wbem;C:\Windows\System32\WindowsPowerShell\v1.0\;C:\Windows\System32\OpenSSH\;C:\Program Files\nodejs\;C:\Program Files\Git\cmd;C:\Users\Kirill\AppData\Local\Microsoft\WindowsApps;;C:\Users\Kirill\AppData\Local\Programs\Microsoft VS Code\bin;C:\Users\Kirill\AppData\Roaming\npm;C:\Users\Kirill\Desktop;
USERNAME=Kirill
OS=Windows_NT
PROCESSOR_IDENTIFIER=AMD64 Family 23 Model 104 Stepping 1, AuthenticAMD
TMP=C:\Users\Kirill\AppData\Local\Temp
TEMP=C:\Users\Kirill\AppData\Local\Temp



---------------  S Y S T E M  ---------------

OS:
 Windows 10 , 64 bit Build 19041 (10.0.19041.2364)
OS uptime: 8 days 0:14 hours
Hyper-V role detected

CPU: total 12 (initial active 12) (12 cores per cpu, 2 threads per core) family 23 model 104 stepping 1 microcode 0x0, cx8, cmov, fxsr, ht, mmx, 3dnowpref, sse, sse2, sse3, ssse3, sse4a, sse4.1, sse4.2, popcnt, lzcnt, tsc, tscinvbit, avx, avx2, aes, clmul, bmi1, bmi2, adx, sha, fma, vzeroupper, clflush, clflushopt, hv

Memory: 4k page, system-wide physical 14197M (9332M free)
TotalPageFile size 16373M (AvailPageFile size 9119M)
current process WorkingSet (physical memory assigned to process): 79M, peak: 84M
current process commit charge ("private bytes"): 324M, peak: 328M

vm_info: OpenJDK 64-Bit Server VM (17.0.4.1+1) for windows-amd64 JRE (17.0.4.1+1), built on Aug 17 2022 07:42:43 by "temurin" with MS VC++ 16.7 (VS2019)

END.
