#
# A fatal error has been detected by the Java Runtime Environment:
#
#  EXCEPTION_ACCESS_VIOLATION (0xc0000005) at pc=0x00007ffd465efa2a, pid=3872, tid=11940
#
# JRE version: OpenJDK Runtime Environment Temurin-17.0.4.1+1 (17.0.4.1+1) (build 17.0.4.1+1)
# Java VM: OpenJDK 64-Bit Server VM Temurin-17.0.4.1+1 (17.0.4.1+1, mixed mode, tiered, compressed oops, compressed class ptrs, g1 gc, windows-amd64)
# Problematic frame:
# V  [jvm.dll+0x79fa2a]
#
# No core dump will be written. Minidumps are not enabled by default on client versions of Windows
#
# If you would like to submit a bug report, please visit:
#   https://github.com/adoptium/adoptium-support/issues
#

---------------  S U M M A R Y ------------

Command Line: -XX:+ShowCodeDetailsInExceptionMessages -agentlib:jdwp=transport=dt_socket,suspend=y,address=localhost:53156 -ea -javaagent:D:\Eclipse\eclipse\configuration\org.eclipse.osgi\421\0\.cp\lib\javaagent-shaded.jar -Dfile.encoding=UTF-8 org.eclipse.jdt.internal.junit.runner.RemoteTestRunner -version 3 -port 53155 -testLoaderClass org.eclipse.jdt.internal.junit5.runner.JUnit5TestLoader -loaderpluginname org.eclipse.jdt.junit5.runtime -classNames telran.util.tests.MyArraysTest

Host: AMD Ryzen 5 5500U with Radeon Graphics         , 12 cores, 13G,  Windows 10 , 64 bit Build 19041 (10.0.19041.2364)
Time: Tue Dec 27 23:19:58 2022  Windows 10 , 64 bit Build 19041 (10.0.19041.2364) elapsed time: 309.178923 seconds (0d 0h 5m 9s)

---------------  T H R E A D  ---------------

Current thread (0x000002321f71fa10):  JavaThread "JDWP Transport Listener: dt_socket" daemon [_thread_in_vm, id=11940, stack(0x000000a815f00000,0x000000a816000000)]

Stack: [0x000000a815f00000,0x000000a816000000],  sp=0x000000a815fff170,  free space=1020k
Native frames: (J=compiled Java code, j=interpreted, Vv=VM code, C=native code)
V  [jvm.dll+0x79fa2a]
V  [jvm.dll+0x50965c]
V  [jvm.dll+0x4d0cc4]
C  [jdwp.dll+0x22f7b]


siginfo: EXCEPTION_ACCESS_VIOLATION (0xc0000005), reading address 0x00000000005f0014


Register to memory mapping:

RIP=0x00007ffd465efa2a jvm.dll
RAX=0x0000000000000060 is an unknown value
RBX=0x000002321f478338 points into unknown readable memory: 0x0031726f73736563 | 63 65 73 73 6f 72 31 00
RCX=0x00000000005f0010 is an unknown value
RDX=0x0000023221211220 points into unknown readable memory: 0x2f6e61726c65744c | 4c 74 65 6c 72 61 6e 2f
RSP=0x000000a815fff170 is pointing into the stack for thread: 0x000002321f71fa10
RBP=0x000002321f788d90 points into unknown readable memory: 0x0000000000000002 | 02 00 00 00 00 00 00 00
RSI=0x0 is NULL
RDI=0xffffffffffffffff is an unknown value
R8 =0x00000000000003df is an unknown value
R9 =0x0000000000000039 is an unknown value
R10=0x00000000000003c0 is an unknown value
R11=0x000000a815fff190 is pointing into the stack for thread: 0x000002321f71fa10
R12=0x000000a815fff2c8 is pointing into the stack for thread: 0x000002321f71fa10
R13=0x0 is NULL
R14=0x0000000800191cb0 is a pointer to class: 
telran.util.ArrayList {0x0000000800191cb8}
 - instance size:     3
 - klass size:        95
 - access:            public synchronized 
 - state:             fully_initialized
 - name:              'telran/util/ArrayList'
 - super:             'java/lang/Object'
 - sub:               
 - arrays:            NULL
 - methods:           Array<T>(0x0000023220c99548)
 - method ordering:   Array<T>(0x0000023220c9a198)
 - default_methods:   Array<T>(0x0000000000000000)
 - local interfaces:  Array<T>(0x0000023220c97680)
 - trans. interfaces: Array<T>(0x0000023220c98e30)
 - constants:         constant pool [98] {0x0000023220c9a950} for 'telran/util/ArrayList' cache=0x0000023220c9acd8
 - class loader data:  loader data: 0x000002321ea852e0 for instance a 'jdk/internal/loader/ClassLoaders$AppClassLoader'{0x000000072e800000}
 - source file:       'ArrayList.java'
 - source debug extension:       SMAP
ArrayList.java
Java
*S jdt
*F
1 ArrayList.java
2 file:/D:/Tel_Ran/oop-introduction/bin/
*L
*E

 - class annotations:       Array<T>(0x0000000000000000)
 - class type annotations:  Array<T>(0x0000000000000000)
 - field annotations:       Array<T>(0x0000000000000000)
 - field type annotations:  Array<T>(0x0000000000000000)
 - previous version:  constant pool [91] {0x0000023220c97338} for 'telran/util/ArrayList' (extra) cache=0x0000023220c98ed0
 - generic signature: '
[error occurred during error reporting (printing register info), id 0xc0000005, EXCEPTION_ACCESS_VIOLATION (0xc0000005) at pc=0x00007ffd465f0636]

Registers:
RAX=0x0000000000000060, RBX=0x000002321f478338, RCX=0x00000000005f0010, RDX=0x0000023221211220
RSP=0x000000a815fff170, RBP=0x000002321f788d90, RSI=0x0000000000000000, RDI=0xffffffffffffffff
R8 =0x00000000000003df, R9 =0x0000000000000039, R10=0x00000000000003c0, R11=0x000000a815fff190
R12=0x000000a815fff2c8, R13=0x0000000000000000, R14=0x0000000800191cb0, R15=0x000000a815fff2f0
RIP=0x00007ffd465efa2a, EFLAGS=0x0000000000010202

Top of Stack: (sp=0x000000a815fff170)
0x000000a815fff170:   0000000000000015 0000000800191cb0
0x000000a815fff180:   0000023221214df0 00007ffd809547b1
0x000000a815fff190:   ffffffffffffffff 00007ffd4635965c
0x000000a815fff1a0:   000002321f478338 000002321f478320
0x000000a815fff1b0:   000002321f788d90 0000000000000000
0x000000a815fff1c0:   000002321f4782f0 00000000000003d8
0x000000a815fff1d0:   000002321f478300 000002321f4786d8
0x000000a815fff1e0:   0000000000004b01 000000a815fff2c8
0x000000a815fff1f0:   0000000000000007 000002321f71fcb8
0x000000a815fff200:   000000072f131208 00007ffd46320cc4
0x000000a815fff210:   000002321f71fa10 000000a815fff2f0
0x000000a815fff220:   000002327fac0630 000000a815fff2f0
0x000000a815fff230:   000002321f71fa10 0000000000000000
0x000000a815fff240:   0000000000000000 0000000000000000
0x000000a815fff250:   000002321f5ddec8 00007ffd79ae2f7b
0x000000a815fff260:   000000a815fff2e8 00007ffd79af1600 

Instructions: (pc=0x00007ffd465efa2a)
0x00007ffd465ef92a:   48 83 c4 20 5f e9 bc 69 90 ff cc cc cc cc cc cc
0x00007ffd465ef93a:   cc cc cc cc cc cc 48 89 5c 24 08 57 48 83 ec 20
0x00007ffd465ef94a:   83 fa 02 8d 42 06 b9 08 00 00 00 49 8b d8 0f 4e
0x00007ffd465ef95a:   c1 48 63 c8 48 83 c1 07 83 e1 f8 48 63 f9 49 8b
0x00007ffd465ef96a:   48 18 48 8b c7 48 f7 d0 48 3b c1 73 16 4c 8d 05
0x00007ffd465ef97a:   ba 58 17 00 48 8b d7 48 8b cb e8 c7 cc 90 ff 48
0x00007ffd465ef98a:   8b 4b 18 48 8d 04 39 48 3b 43 20 76 18 45 33 c0
0x00007ffd465ef99a:   48 8b d7 48 8b cb 48 8b 5c 24 30 48 83 c4 20 5f
0x00007ffd465ef9aa:   e9 21 c9 90 ff 48 89 43 18 48 8b c1 48 8b 5c 24
0x00007ffd465ef9ba:   30 48 83 c4 20 5f c3 cc cc cc cc cc cc cc cc cc
0x00007ffd465ef9ca:   cc cc cc cc cc cc 4c 8b d2 4c 8b d9 45 85 c0 7e
0x00007ffd465ef9da:   3c 44 0f b7 49 04 41 8d 40 ff 41 3b c1 44 0f 4c
0x00007ffd465ef9ea:   c8 4d 63 c1 45 85 c9 7e 1f 48 8b c2 4c 2b da 49
0x00007ffd465ef9fa:   8b d0 0f 1f 40 00 41 0f b6 4c 03 06 88 08 48 8d
0x00007ffd465efa0a:   40 01 48 83 ea 01 75 ee 43 c6 04 10 00 49 8b c2
0x00007ffd465efa1a:   c3 cc cc cc cc cc 48 89 5c 24 08 57 48 83 ec 20
0x00007ffd465efa2a:   0f b7 59 04 48 8b f9 33 d2 48 8d 4b 01 e8 f4 d9
0x00007ffd465efa3a:   f2 ff 0f b7 57 04 4c 8b c0 3b da 0f 42 d3 44 8b
0x00007ffd465efa4a:   ca 85 d2 74 39 48 2b f8 0f 1f 40 00 66 66 0f 1f
0x00007ffd465efa5a:   84 00 00 00 00 00 0f b6 4c 07 06 88 08 48 ff c0
0x00007ffd465efa6a:   48 8b c8 49 2b c8 49 3b c9 7c eb 42 c6 04 02 00
0x00007ffd465efa7a:   49 8b c0 48 8b 5c 24 30 48 83 c4 20 5f c3 48 8b
0x00007ffd465efa8a:   5c 24 30 c6 04 02 00 48 83 c4 20 5f c3 cc cc cc
0x00007ffd465efa9a:   cc cc cc cc cc cc 4c 8b d1 45 85 c0 7e 6c 44 0f
0x00007ffd465efaaa:   b7 49 04 41 8d 40 ff 41 3b c1 44 0f 4c c8 4d 63
0x00007ffd465efaba:   d9 45 85 c9 7e 22 48 8b ca 4c 2b d2 4d 8b c3 0f
0x00007ffd465efaca:   1f 80 00 00 00 00 41 0f b6 44 0a 06 88 01 48 8d
0x00007ffd465efada:   49 01 49 83 e8 01 75 ee 41 c6 04 13 00 48 c7 c0
0x00007ffd465efaea:   ff ff ff ff 66 90 48 ff c0 80 3c 02 00 75 f7 48
0x00007ffd465efafa:   63 c8 85 c0 48 8b c2 7e 14 80 38 2f 75 03 c6 00
0x00007ffd465efb0a:   2e 48 ff c0 48 83 e9 01 75 ef 48 8b c2 c3 cc cc
0x00007ffd465efb1a:   cc cc cc cc cc cc 48 83 ec 28 e8 f7 fe ff ff 4c 


Stack slot to memory mapping:
stack at sp + 0 slots: 0x0000000000000015 is an unknown value
stack at sp + 1 slots: 0x0000000800191cb0 is a pointer to class: 
telran.util.ArrayList {0x0000000800191cb8}
 - instance size:     3
 - klass size:        95
 - access:            public synchronized 
 - state:             fully_initialized
 - name:              'telran/util/ArrayList'
 - super:             'java/lang/Object'
 - sub:               
 - arrays:            NULL
 - methods:           Array<T>(0x0000023220c99548)
 - method ordering:   Array<T>(0x0000023220c9a198)
 - default_methods:   Array<T>(0x0000000000000000)
 - local interfaces:  Array<T>(0x0000023220c97680)
 - trans. interfaces: Array<T>(0x0000023220c98e30)
 - constants:         constant pool [98] {0x0000023220c9a950} for 'telran/util/ArrayList' cache=0x0000023220c9acd8
 - class loader data:  loader data: 0x000002321ea852e0 for instance a 'jdk/internal/loader/ClassLoaders$AppClassLoader'{0x000000072e800000}
 - source file:       'ArrayList.java'
 - source debug extension:       SMAP
ArrayList.java
Java
*S jdt
*F
1 ArrayList.java
2 file:/D:/Tel_Ran/oop-introduction/bin/
*L
*E

 - class annotations:       Array<T>(0x0000000000000000)
 - class type annotations:  Array<T>(0x0000000000000000)
 - field annotations:       Array<T>(0x0000000000000000)
 - field type annotations:  Array<T>(0x0000000000000000)
 - previous version:  constant pool [91] {0x0000023220c97338} for 'telran/util/ArrayList' (extra) cache=0x0000023220c98ed0
 - generic signature: '
[error occurred during error reporting (inspecting top of stack), id 0xc0000005, EXCEPTION_ACCESS_VIOLATION (0xc0000005) at pc=0x00007ffd465f0636]


---------------  P R O C E S S  ---------------

Threads class SMR info:
_java_thread_list=0x0000023220325bf0, length=16, elements={
0x000002327fad3bf0, 0x000002321f4353f0, 0x000002321f435ff0, 0x000002321f4693c0,
0x000002321f46ac90, 0x000002321f46b550, 0x000002321f45f800, 0x000002321f4635c0,
0x000002321f463ec0, 0x000002321f477dc0, 0x000002321f5579c0, 0x000002321f71fa10,
0x000002321f6d2cd0, 0x000002321f6d51d0, 0x000002321fd79a70, 0x0000023220326060
}

Java Threads: ( => current thread )
  0x000002327fad3bf0 JavaThread "main" [_thread_blocked, id=11372, stack(0x000000a814e00000,0x000000a814f00000)]
  0x000002321f4353f0 JavaThread "Reference Handler" daemon [_thread_blocked, id=3408, stack(0x000000a815500000,0x000000a815600000)]
  0x000002321f435ff0 JavaThread "Finalizer" daemon [_thread_blocked, id=6972, stack(0x000000a815600000,0x000000a815700000)]
  0x000002321f4693c0 JavaThread "Signal Dispatcher" daemon [_thread_blocked, id=13984, stack(0x000000a815700000,0x000000a815800000)]
  0x000002321f46ac90 JavaThread "Attach Listener" daemon [_thread_blocked, id=14316, stack(0x000000a815800000,0x000000a815900000)]
  0x000002321f46b550 JavaThread "Service Thread" daemon [_thread_blocked, id=2836, stack(0x000000a815900000,0x000000a815a00000)]
  0x000002321f45f800 JavaThread "Monitor Deflation Thread" daemon [_thread_blocked, id=13640, stack(0x000000a815a00000,0x000000a815b00000)]
  0x000002321f4635c0 JavaThread "C2 CompilerThread0" daemon [_thread_blocked, id=15108, stack(0x000000a815b00000,0x000000a815c00000)]
  0x000002321f463ec0 JavaThread "C1 CompilerThread0" daemon [_thread_blocked, id=12088, stack(0x000000a815c00000,0x000000a815d00000)]
  0x000002321f477dc0 JavaThread "Sweeper thread" daemon [_thread_blocked, id=14232, stack(0x000000a815d00000,0x000000a815e00000)]
  0x000002321f5579c0 JavaThread "Common-Cleaner" daemon [_thread_blocked, id=8000, stack(0x000000a815e00000,0x000000a815f00000)]
=>0x000002321f71fa10 JavaThread "JDWP Transport Listener: dt_socket" daemon [_thread_in_vm, id=11940, stack(0x000000a815f00000,0x000000a816000000)]
  0x000002321f6d2cd0 JavaThread "JDWP Event Helper Thread" daemon [_thread_blocked, id=13832, stack(0x000000a816000000,0x000000a816100000)]
  0x000002321f6d51d0 JavaThread "JDWP Command Reader" daemon [_thread_in_native, id=13280, stack(0x000000a816100000,0x000000a816200000)]
  0x000002321fd79a70 JavaThread "Notification Thread" daemon [_thread_blocked, id=14596, stack(0x000000a816300000,0x000000a816400000)]
  0x0000023220326060 JavaThread "ReaderThread" [_thread_in_native, id=5676, stack(0x000000a816500000,0x000000a816600000)]

Other Threads:
  0x000002321f420a10 VMThread "VM Thread" [stack: 0x000000a815400000,0x000000a815500000] [id=14088]
  0x000002321fd79f40 WatcherThread [stack: 0x000000a816400000,0x000000a816500000] [id=1104]
  0x000002327fb343d0 GCTaskThread "GC Thread#0" [stack: 0x000000a814f00000,0x000000a815000000] [id=9732]
  0x000002322037def0 GCTaskThread "GC Thread#1" [stack: 0x000000a816600000,0x000000a816700000] [id=14896]
  0x000002322037e1a0 GCTaskThread "GC Thread#2" [stack: 0x000000a816700000,0x000000a816800000] [id=9336]
  0x00000232203e2040 GCTaskThread "GC Thread#3" [stack: 0x000000a816800000,0x000000a816900000] [id=12552]
  0x00000232203e22f0 GCTaskThread "GC Thread#4" [stack: 0x000000a816900000,0x000000a816a00000] [id=14760]
  0x000002322040ab40 GCTaskThread "GC Thread#5" [stack: 0x000000a816a00000,0x000000a816b00000] [id=4796]
  0x000002322040b200 GCTaskThread "GC Thread#6" [stack: 0x000000a816b00000,0x000000a816c00000] [id=9584]
  0x000002322040b4b0 GCTaskThread "GC Thread#7" [stack: 0x000000a816c00000,0x000000a816d00000] [id=14620]
  0x000002327fb42ff0 ConcurrentGCThread "G1 Main Marker" [stack: 0x000000a815000000,0x000000a815100000] [id=8780]
  0x000002327fb440b0 ConcurrentGCThread "G1 Conc#0" [stack: 0x000000a815100000,0x000000a815200000] [id=13960]
  0x000002321e9e30d0 ConcurrentGCThread "G1 Refine#0" [stack: 0x000000a815200000,0x000000a815300000] [id=5196]
  0x000002321e9e38a0 ConcurrentGCThread "G1 Service" [stack: 0x000000a815300000,0x000000a815400000] [id=14048]

Threads with active compile tasks:

VM state: not at safepoint (normal execution)

VM Mutex/Monitor currently owned by a thread: None

Heap address: 0x0000000722200000, size: 3550 MB, Compressed Oops mode: Zero based, Oop shift amount: 3

CDS archive(s) not mapped
Compressed class space mapped at: 0x0000000800000000-0x0000000840000000, reserved size: 1073741824
Narrow klass base: 0x0000000800000000, Narrow klass shift: 0, Narrow klass range: 0x40000000

GC Precious Log:
 CPUs: 12 total, 12 available
 Memory: 14197M
 Large Page Support: Disabled
 NUMA Support: Disabled
 Compressed Oops: Enabled (Zero based)
 Heap Region Size: 2M
 Heap Min Capacity: 8M
 Heap Initial Capacity: 222M
 Heap Max Capacity: 3550M
 Pre-touch: Disabled
 Parallel Workers: 10
 Concurrent Workers: 3
 Concurrent Refinement Workers: 10
 Periodic GC: Disabled

Heap:
 garbage-first heap   total 227328K, used 16704K [0x0000000722200000, 0x0000000800000000)
  region size 2048K, 10 young (20480K), 2 survivors (4096K)
 Metaspace       used 14803K, committed 14976K, reserved 1064960K
  class space    used 1523K, committed 1600K, reserved 1048576K

Heap Regions: E=young(eden), S=young(survivor), O=old, HS=humongous(starts), HC=humongous(continues), CS=collection set, F=free, OA=open archive, CA=closed archive, TAMS=top-at-mark-start (previous, next)
|   0|0x0000000722200000, 0x0000000722200000, 0x0000000722400000|  0%| F|  |TAMS 0x0000000722200000, 0x0000000722200000| Untracked 
|   1|0x0000000722400000, 0x0000000722400000, 0x0000000722600000|  0%| F|  |TAMS 0x0000000722400000, 0x0000000722400000| Untracked 
|   2|0x0000000722600000, 0x0000000722600000, 0x0000000722800000|  0%| F|  |TAMS 0x0000000722600000, 0x0000000722600000| Untracked 
|   3|0x0000000722800000, 0x0000000722800000, 0x0000000722a00000|  0%| F|  |TAMS 0x0000000722800000, 0x0000000722800000| Untracked 
|   4|0x0000000722a00000, 0x0000000722a00000, 0x0000000722c00000|  0%| F|  |TAMS 0x0000000722a00000, 0x0000000722a00000| Untracked 
|   5|0x0000000722c00000, 0x0000000722c00000, 0x0000000722e00000|  0%| F|  |TAMS 0x0000000722c00000, 0x0000000722c00000| Untracked 
|   6|0x0000000722e00000, 0x0000000722e00000, 0x0000000723000000|  0%| F|  |TAMS 0x0000000722e00000, 0x0000000722e00000| Untracked 
|   7|0x0000000723000000, 0x0000000723000000, 0x0000000723200000|  0%| F|  |TAMS 0x0000000723000000, 0x0000000723000000| Untracked 
|   8|0x0000000723200000, 0x0000000723200000, 0x0000000723400000|  0%| F|  |TAMS 0x0000000723200000, 0x0000000723200000| Untracked 
|   9|0x0000000723400000, 0x0000000723400000, 0x0000000723600000|  0%| F|  |TAMS 0x0000000723400000, 0x0000000723400000| Untracked 
|  10|0x0000000723600000, 0x0000000723600000, 0x0000000723800000|  0%| F|  |TAMS 0x0000000723600000, 0x0000000723600000| Untracked 
|  11|0x0000000723800000, 0x0000000723800000, 0x0000000723a00000|  0%| F|  |TAMS 0x0000000723800000, 0x0000000723800000| Untracked 
|  12|0x0000000723a00000, 0x0000000723a00000, 0x0000000723c00000|  0%| F|  |TAMS 0x0000000723a00000, 0x0000000723a00000| Untracked 
|  13|0x0000000723c00000, 0x0000000723c00000, 0x0000000723e00000|  0%| F|  |TAMS 0x0000000723c00000, 0x0000000723c00000| Untracked 
|  14|0x0000000723e00000, 0x0000000723e00000, 0x0000000724000000|  0%| F|  |TAMS 0x0000000723e00000, 0x0000000723e00000| Untracked 
|  15|0x0000000724000000, 0x0000000724000000, 0x0000000724200000|  0%| F|  |TAMS 0x0000000724000000, 0x0000000724000000| Untracked 
|  16|0x0000000724200000, 0x0000000724200000, 0x0000000724400000|  0%| F|  |TAMS 0x0000000724200000, 0x0000000724200000| Untracked 
|  17|0x0000000724400000, 0x0000000724400000, 0x0000000724600000|  0%| F|  |TAMS 0x0000000724400000, 0x0000000724400000| Untracked 
|  18|0x0000000724600000, 0x0000000724600000, 0x0000000724800000|  0%| F|  |TAMS 0x0000000724600000, 0x0000000724600000| Untracked 
|  19|0x0000000724800000, 0x0000000724800000, 0x0000000724a00000|  0%| F|  |TAMS 0x0000000724800000, 0x0000000724800000| Untracked 
|  20|0x0000000724a00000, 0x0000000724a00000, 0x0000000724c00000|  0%| F|  |TAMS 0x0000000724a00000, 0x0000000724a00000| Untracked 
|  21|0x0000000724c00000, 0x0000000724c00000, 0x0000000724e00000|  0%| F|  |TAMS 0x0000000724c00000, 0x0000000724c00000| Untracked 
|  22|0x0000000724e00000, 0x0000000724e00000, 0x0000000725000000|  0%| F|  |TAMS 0x0000000724e00000, 0x0000000724e00000| Untracked 
|  23|0x0000000725000000, 0x0000000725000000, 0x0000000725200000|  0%| F|  |TAMS 0x0000000725000000, 0x0000000725000000| Untracked 
|  24|0x0000000725200000, 0x0000000725200000, 0x0000000725400000|  0%| F|  |TAMS 0x0000000725200000, 0x0000000725200000| Untracked 
|  25|0x0000000725400000, 0x0000000725400000, 0x0000000725600000|  0%| F|  |TAMS 0x0000000725400000, 0x0000000725400000| Untracked 
|  26|0x0000000725600000, 0x0000000725600000, 0x0000000725800000|  0%| F|  |TAMS 0x0000000725600000, 0x0000000725600000| Untracked 
|  27|0x0000000725800000, 0x0000000725800000, 0x0000000725a00000|  0%| F|  |TAMS 0x0000000725800000, 0x0000000725800000| Untracked 
|  28|0x0000000725a00000, 0x0000000725a00000, 0x0000000725c00000|  0%| F|  |TAMS 0x0000000725a00000, 0x0000000725a00000| Untracked 
|  29|0x0000000725c00000, 0x0000000725c00000, 0x0000000725e00000|  0%| F|  |TAMS 0x0000000725c00000, 0x0000000725c00000| Untracked 
|  30|0x0000000725e00000, 0x0000000725e00000, 0x0000000726000000|  0%| F|  |TAMS 0x0000000725e00000, 0x0000000725e00000| Untracked 
|  31|0x0000000726000000, 0x0000000726000000, 0x0000000726200000|  0%| F|  |TAMS 0x0000000726000000, 0x0000000726000000| Untracked 
|  32|0x0000000726200000, 0x0000000726200000, 0x0000000726400000|  0%| F|  |TAMS 0x0000000726200000, 0x0000000726200000| Untracked 
|  33|0x0000000726400000, 0x0000000726400000, 0x0000000726600000|  0%| F|  |TAMS 0x0000000726400000, 0x0000000726400000| Untracked 
|  34|0x0000000726600000, 0x0000000726600000, 0x0000000726800000|  0%| F|  |TAMS 0x0000000726600000, 0x0000000726600000| Untracked 
|  35|0x0000000726800000, 0x0000000726800000, 0x0000000726a00000|  0%| F|  |TAMS 0x0000000726800000, 0x0000000726800000| Untracked 
|  36|0x0000000726a00000, 0x0000000726a00000, 0x0000000726c00000|  0%| F|  |TAMS 0x0000000726a00000, 0x0000000726a00000| Untracked 
|  37|0x0000000726c00000, 0x0000000726c00000, 0x0000000726e00000|  0%| F|  |TAMS 0x0000000726c00000, 0x0000000726c00000| Untracked 
|  38|0x0000000726e00000, 0x0000000726e00000, 0x0000000727000000|  0%| F|  |TAMS 0x0000000726e00000, 0x0000000726e00000| Untracked 
|  39|0x0000000727000000, 0x0000000727000000, 0x0000000727200000|  0%| F|  |TAMS 0x0000000727000000, 0x0000000727000000| Untracked 
|  40|0x0000000727200000, 0x0000000727200000, 0x0000000727400000|  0%| F|  |TAMS 0x0000000727200000, 0x0000000727200000| Untracked 
|  41|0x0000000727400000, 0x0000000727400000, 0x0000000727600000|  0%| F|  |TAMS 0x0000000727400000, 0x0000000727400000| Untracked 
|  42|0x0000000727600000, 0x0000000727600000, 0x0000000727800000|  0%| F|  |TAMS 0x0000000727600000, 0x0000000727600000| Untracked 
|  43|0x0000000727800000, 0x0000000727800000, 0x0000000727a00000|  0%| F|  |TAMS 0x0000000727800000, 0x0000000727800000| Untracked 
|  44|0x0000000727a00000, 0x0000000727a00000, 0x0000000727c00000|  0%| F|  |TAMS 0x0000000727a00000, 0x0000000727a00000| Untracked 
|  45|0x0000000727c00000, 0x0000000727c00000, 0x0000000727e00000|  0%| F|  |TAMS 0x0000000727c00000, 0x0000000727c00000| Untracked 
|  46|0x0000000727e00000, 0x0000000727e00000, 0x0000000728000000|  0%| F|  |TAMS 0x0000000727e00000, 0x0000000727e00000| Untracked 
|  47|0x0000000728000000, 0x0000000728000000, 0x0000000728200000|  0%| F|  |TAMS 0x0000000728000000, 0x0000000728000000| Untracked 
|  48|0x0000000728200000, 0x0000000728200000, 0x0000000728400000|  0%| F|  |TAMS 0x0000000728200000, 0x0000000728200000| Untracked 
|  49|0x0000000728400000, 0x0000000728400000, 0x0000000728600000|  0%| F|  |TAMS 0x0000000728400000, 0x0000000728400000| Untracked 
|  50|0x0000000728600000, 0x0000000728600000, 0x0000000728800000|  0%| F|  |TAMS 0x0000000728600000, 0x0000000728600000| Untracked 
|  51|0x0000000728800000, 0x0000000728800000, 0x0000000728a00000|  0%| F|  |TAMS 0x0000000728800000, 0x0000000728800000| Untracked 
|  52|0x0000000728a00000, 0x0000000728a00000, 0x0000000728c00000|  0%| F|  |TAMS 0x0000000728a00000, 0x0000000728a00000| Untracked 
|  53|0x0000000728c00000, 0x0000000728c00000, 0x0000000728e00000|  0%| F|  |TAMS 0x0000000728c00000, 0x0000000728c00000| Untracked 
|  54|0x0000000728e00000, 0x0000000728e00000, 0x0000000729000000|  0%| F|  |TAMS 0x0000000728e00000, 0x0000000728e00000| Untracked 
|  55|0x0000000729000000, 0x0000000729000000, 0x0000000729200000|  0%| F|  |TAMS 0x0000000729000000, 0x0000000729000000| Untracked 
|  56|0x0000000729200000, 0x0000000729200000, 0x0000000729400000|  0%| F|  |TAMS 0x0000000729200000, 0x0000000729200000| Untracked 
|  57|0x0000000729400000, 0x0000000729400000, 0x0000000729600000|  0%| F|  |TAMS 0x0000000729400000, 0x0000000729400000| Untracked 
|  58|0x0000000729600000, 0x0000000729600000, 0x0000000729800000|  0%| F|  |TAMS 0x0000000729600000, 0x0000000729600000| Untracked 
|  59|0x0000000729800000, 0x0000000729800000, 0x0000000729a00000|  0%| F|  |TAMS 0x0000000729800000, 0x0000000729800000| Untracked 
|  60|0x0000000729a00000, 0x0000000729a00000, 0x0000000729c00000|  0%| F|  |TAMS 0x0000000729a00000, 0x0000000729a00000| Untracked 
|  61|0x0000000729c00000, 0x0000000729c00000, 0x0000000729e00000|  0%| F|  |TAMS 0x0000000729c00000, 0x0000000729c00000| Untracked 
|  62|0x0000000729e00000, 0x0000000729e00000, 0x000000072a000000|  0%| F|  |TAMS 0x0000000729e00000, 0x0000000729e00000| Untracked 
|  63|0x000000072a000000, 0x000000072a000000, 0x000000072a200000|  0%| F|  |TAMS 0x000000072a000000, 0x000000072a000000| Untracked 
|  64|0x000000072a200000, 0x000000072a200000, 0x000000072a400000|  0%| F|  |TAMS 0x000000072a200000, 0x000000072a200000| Untracked 
|  65|0x000000072a400000, 0x000000072a400000, 0x000000072a600000|  0%| F|  |TAMS 0x000000072a400000, 0x000000072a400000| Untracked 
|  66|0x000000072a600000, 0x000000072a600000, 0x000000072a800000|  0%| F|  |TAMS 0x000000072a600000, 0x000000072a600000| Untracked 
|  67|0x000000072a800000, 0x000000072a800000, 0x000000072aa00000|  0%| F|  |TAMS 0x000000072a800000, 0x000000072a800000| Untracked 
|  68|0x000000072aa00000, 0x000000072aa00000, 0x000000072ac00000|  0%| F|  |TAMS 0x000000072aa00000, 0x000000072aa00000| Untracked 
|  69|0x000000072ac00000, 0x000000072ac00000, 0x000000072ae00000|  0%| F|  |TAMS 0x000000072ac00000, 0x000000072ac00000| Untracked 
|  70|0x000000072ae00000, 0x000000072ae00000, 0x000000072b000000|  0%| F|  |TAMS 0x000000072ae00000, 0x000000072ae00000| Untracked 
|  71|0x000000072b000000, 0x000000072b000000, 0x000000072b200000|  0%| F|  |TAMS 0x000000072b000000, 0x000000072b000000| Untracked 
|  72|0x000000072b200000, 0x000000072b200000, 0x000000072b400000|  0%| F|  |TAMS 0x000000072b200000, 0x000000072b200000| Untracked 
|  73|0x000000072b400000, 0x000000072b400000, 0x000000072b600000|  0%| F|  |TAMS 0x000000072b400000, 0x000000072b400000| Untracked 
|  74|0x000000072b600000, 0x000000072b600000, 0x000000072b800000|  0%| F|  |TAMS 0x000000072b600000, 0x000000072b600000| Untracked 
|  75|0x000000072b800000, 0x000000072b800000, 0x000000072ba00000|  0%| F|  |TAMS 0x000000072b800000, 0x000000072b800000| Untracked 
|  76|0x000000072ba00000, 0x000000072ba00000, 0x000000072bc00000|  0%| F|  |TAMS 0x000000072ba00000, 0x000000072ba00000| Untracked 
|  77|0x000000072bc00000, 0x000000072bc00000, 0x000000072be00000|  0%| F|  |TAMS 0x000000072bc00000, 0x000000072bc00000| Untracked 
|  78|0x000000072be00000, 0x000000072be00000, 0x000000072c000000|  0%| F|  |TAMS 0x000000072be00000, 0x000000072be00000| Untracked 
|  79|0x000000072c000000, 0x000000072c000000, 0x000000072c200000|  0%| F|  |TAMS 0x000000072c000000, 0x000000072c000000| Untracked 
|  80|0x000000072c200000, 0x000000072c200000, 0x000000072c400000|  0%| F|  |TAMS 0x000000072c200000, 0x000000072c200000| Untracked 
|  81|0x000000072c400000, 0x000000072c400000, 0x000000072c600000|  0%| F|  |TAMS 0x000000072c400000, 0x000000072c400000| Untracked 
|  82|0x000000072c600000, 0x000000072c600000, 0x000000072c800000|  0%| F|  |TAMS 0x000000072c600000, 0x000000072c600000| Untracked 
|  83|0x000000072c800000, 0x000000072c800000, 0x000000072ca00000|  0%| F|  |TAMS 0x000000072c800000, 0x000000072c800000| Untracked 
|  84|0x000000072ca00000, 0x000000072ca00000, 0x000000072cc00000|  0%| F|  |TAMS 0x000000072ca00000, 0x000000072ca00000| Untracked 
|  85|0x000000072cc00000, 0x000000072cc00000, 0x000000072ce00000|  0%| F|  |TAMS 0x000000072cc00000, 0x000000072cc00000| Untracked 
|  86|0x000000072ce00000, 0x000000072ce00000, 0x000000072d000000|  0%| F|  |TAMS 0x000000072ce00000, 0x000000072ce00000| Untracked 
|  87|0x000000072d000000, 0x000000072d000000, 0x000000072d200000|  0%| F|  |TAMS 0x000000072d000000, 0x000000072d000000| Untracked 
|  88|0x000000072d200000, 0x000000072d200000, 0x000000072d400000|  0%| F|  |TAMS 0x000000072d200000, 0x000000072d200000| Untracked 
|  89|0x000000072d400000, 0x000000072d400000, 0x000000072d600000|  0%| F|  |TAMS 0x000000072d400000, 0x000000072d400000| Untracked 
|  90|0x000000072d600000, 0x000000072d600000, 0x000000072d800000|  0%| F|  |TAMS 0x000000072d600000, 0x000000072d600000| Untracked 
|  91|0x000000072d800000, 0x000000072d800000, 0x000000072da00000|  0%| F|  |TAMS 0x000000072d800000, 0x000000072d800000| Untracked 
|  92|0x000000072da00000, 0x000000072da00000, 0x000000072dc00000|  0%| F|  |TAMS 0x000000072da00000, 0x000000072da00000| Untracked 
|  93|0x000000072dc00000, 0x000000072dc00000, 0x000000072de00000|  0%| F|  |TAMS 0x000000072dc00000, 0x000000072dc00000| Untracked 
|  94|0x000000072de00000, 0x000000072de00000, 0x000000072e000000|  0%| F|  |TAMS 0x000000072de00000, 0x000000072de00000| Untracked 
|  95|0x000000072e000000, 0x000000072e000000, 0x000000072e200000|  0%| F|  |TAMS 0x000000072e000000, 0x000000072e000000| Untracked 
|  96|0x000000072e200000, 0x000000072e200000, 0x000000072e400000|  0%| F|  |TAMS 0x000000072e200000, 0x000000072e200000| Untracked 
|  97|0x000000072e400000, 0x000000072e400000, 0x000000072e600000|  0%| F|  |TAMS 0x000000072e400000, 0x000000072e400000| Untracked 
|  98|0x000000072e600000, 0x000000072e650000, 0x000000072e800000| 15%| S|CS|TAMS 0x000000072e600000, 0x000000072e600000| Complete 
|  99|0x000000072e800000, 0x000000072ea00000, 0x000000072ea00000|100%| S|CS|TAMS 0x000000072e800000, 0x000000072e800000| Complete 
| 100|0x000000072ea00000, 0x000000072ea00000, 0x000000072ec00000|  0%| F|  |TAMS 0x000000072ea00000, 0x000000072ea00000| Untracked 
| 101|0x000000072ec00000, 0x000000072ec00000, 0x000000072ee00000|  0%| F|  |TAMS 0x000000072ec00000, 0x000000072ec00000| Untracked 
| 102|0x000000072ee00000, 0x000000072ee00000, 0x000000072f000000|  0%| F|  |TAMS 0x000000072ee00000, 0x000000072ee00000| Untracked 
| 103|0x000000072f000000, 0x000000072f1d8af0, 0x000000072f200000| 92%| E|  |TAMS 0x000000072f000000, 0x000000072f000000| Complete 
| 104|0x000000072f200000, 0x000000072f400000, 0x000000072f400000|100%| E|CS|TAMS 0x000000072f200000, 0x000000072f200000| Complete 
| 105|0x000000072f400000, 0x000000072f600000, 0x000000072f600000|100%| E|CS|TAMS 0x000000072f400000, 0x000000072f400000| Complete 
| 106|0x000000072f600000, 0x000000072f800000, 0x000000072f800000|100%| E|CS|TAMS 0x000000072f600000, 0x000000072f600000| Complete 
| 107|0x000000072f800000, 0x000000072fa00000, 0x000000072fa00000|100%| E|CS|TAMS 0x000000072f800000, 0x000000072f800000| Complete 
| 108|0x000000072fa00000, 0x000000072fc00000, 0x000000072fc00000|100%| E|CS|TAMS 0x000000072fa00000, 0x000000072fa00000| Complete 
| 109|0x000000072fc00000, 0x000000072fe00000, 0x000000072fe00000|100%| E|CS|TAMS 0x000000072fc00000, 0x000000072fc00000| Complete 
| 110|0x000000072fe00000, 0x0000000730000000, 0x0000000730000000|100%| E|CS|TAMS 0x000000072fe00000, 0x000000072fe00000| Complete 

Card table byte_map: [0x0000023214200000,0x00000232148f0000] _byte_map_base: 0x00000232108ef000

Marking Bits (Prev, Next): (CMBitMap*) 0x000002327fb348f0, (CMBitMap*) 0x000002327fb34930
 Prev Bits: [0x0000023214fe0000, 0x0000023218758000)
 Next Bits: [0x0000023218760000, 0x000002321bed8000)

Polling page: 0x000002327ed40000

Metaspace:

Usage:
  Non-class:     12.97 MB used.
      Class:      1.49 MB used.
       Both:     14.46 MB used.

Virtual space:
  Non-class space:       16.00 MB reserved,      13.06 MB ( 82%) committed,  2 nodes.
      Class space:        1.00 GB reserved,       1.56 MB ( <1%) committed,  1 nodes.
             Both:        1.02 GB reserved,      14.62 MB (  1%) committed. 

Chunk freelists:
   Non-Class:  2.39 MB
       Class:  2.39 MB
        Both:  4.78 MB

MaxMetaspaceSize: unlimited
CompressedClassSpaceSize: 1.00 GB
Initial GC threshold: 21.00 MB
Current GC threshold: 21.00 MB
CDS: off
MetaspaceReclaimPolicy: balanced
 - commit_granule_bytes: 65536.
 - commit_granule_words: 8192.
 - virtual_space_node_default_size: 1048576.
 - enlarge_chunks_in_place: 1.
 - new_chunks_are_fully_committed: 0.
 - uncommit_free_chunks: 1.
 - use_allocation_guard: 0.
 - handle_deallocations: 1.


Internal statistics:

num_allocs_failed_limit: 0.
num_arena_births: 96.
num_arena_deaths: 0.
num_vsnodes_births: 3.
num_vsnodes_deaths: 0.
num_space_committed: 234.
num_space_uncommitted: 0.
num_chunks_returned_to_freelist: 0.
num_chunks_taken_from_freelist: 316.
num_chunk_merges: 0.
num_chunk_splits: 156.
num_chunks_enlarged: 95.
num_purges: 0.
num_inconsistent_stats: 0.

CodeHeap 'non-profiled nmethods': size=120000Kb used=493Kb max_used=493Kb free=119506Kb
 bounds [0x000002320c4d0000, 0x000002320c740000, 0x0000023213a00000]
CodeHeap 'profiled nmethods': size=120000Kb used=3021Kb max_used=3021Kb free=116978Kb
 bounds [0x0000023204fa0000, 0x00000232052a0000, 0x000002320c4d0000]
CodeHeap 'non-nmethods': size=5760Kb used=1227Kb max_used=1253Kb free=4532Kb
 bounds [0x0000023204a00000, 0x0000023204c70000, 0x0000023204fa0000]
 total_blobs=1929 nmethods=1485 adapters=356
 compilation: enabled
              stopped_count=0, restarted_count=0
 full_count=0

Compilation events (20 events):
Event: 1.419 Thread 0x000002321f463ec0 nmethod 1476 0x000002320528f410 code [0x000002320528f5e0, 0x000002320528faf8]
Event: 1.425 Thread 0x000002321f463ec0 1477       3       java.lang.StringUTF16::getChar (60 bytes)
Event: 1.425 Thread 0x000002321f463ec0 nmethod 1477 0x000002320528fc10 code [0x000002320528fda0, 0x000002320528ff18]
Event: 1.425 Thread 0x000002321f463ec0 1478       3       org.eclipse.jdt.launching.internal.org.objectweb.asm.ClassReader::readUtf (161 bytes)
Event: 1.426 Thread 0x000002321f463ec0 nmethod 1478 0x0000023205290010 code [0x00000232052901e0, 0x00000232052906a8]
Event: 1.426 Thread 0x000002321f463ec0 1479       3       org.eclipse.jdt.launching.internal.org.objectweb.asm.SymbolTable::put (150 bytes)
Event: 1.426 Thread 0x000002321f463ec0 nmethod 1479 0x0000023205290990 code [0x0000023205290b80, 0x0000023205291478]
Event: 1.428 Thread 0x000002321fd761b0 1480       4       java.lang.StringUTF16::getChar (60 bytes)
Event: 1.429 Thread 0x000002321fd761b0 nmethod 1480 0x000002320c543310 code [0x000002320c543480, 0x000002320c543558]
Event: 1.429 Thread 0x000002321f463ec0 1481       3       java.lang.invoke.MethodType::changeReturnType (20 bytes)
Event: 1.429 Thread 0x000002321f463ec0 nmethod 1481 0x0000023205291790 code [0x0000023205291940, 0x0000023205291b28]
Event: 1.429 Thread 0x000002321f463ec0 1482       3       jdk.internal.org.objectweb.asm.FieldVisitor::<init> (88 bytes)
Event: 1.430 Thread 0x000002321f463ec0 nmethod 1482 0x0000023205291c10 code [0x0000023205291e60, 0x0000023205292768]
Event: 1.430 Thread 0x000002321f463ec0 1483       3       java.lang.String::hashCode (60 bytes)
Event: 1.430 Thread 0x000002321f463ec0 nmethod 1483 0x0000023205292a10 code [0x0000023205292be0, 0x0000023205292f58]
Event: 1.430 Thread 0x000002321fd761b0 1484   !   4       java.util.concurrent.ConcurrentHashMap::putVal (432 bytes)
Event: 1.433 Thread 0x000002321f463ec0 1485       3       jdk.internal.org.objectweb.asm.SymbolTable::putBootstrapMethods (56 bytes)
Event: 1.434 Thread 0x000002321f463ec0 nmethod 1485 0x0000023205293090 code [0x0000023205293280, 0x0000023205293588]
Event: 1.473 Thread 0x000002321fd761b0 nmethod 1484 0x000002320c543610 code [0x000002320c543820, 0x000002320c544e90]
Event: 1.554 Thread 0x000002321f4635c0 nmethod 1450 0x000002320c545c90 code [0x000002320c545fe0, 0x000002320c549050]

GC Heap History (2 events):
Event: 1.047 GC heap before
{Heap before GC invocations=0 (full 0):
 garbage-first heap   total 227328K, used 22528K [0x0000000722200000, 0x0000000800000000)
  region size 2048K, 11 young (22528K), 0 survivors (0K)
 Metaspace       used 12703K, committed 12864K, reserved 1064960K
  class space    used 1210K, committed 1280K, reserved 1048576K
}
Event: 1.053 GC heap after
{Heap after GC invocations=1 (full 0):
 garbage-first heap   total 227328K, used 2368K [0x0000000722200000, 0x0000000800000000)
  region size 2048K, 2 young (4096K), 2 survivors (4096K)
 Metaspace       used 12703K, committed 12864K, reserved 1064960K
  class space    used 1210K, committed 1280K, reserved 1048576K
}

Deoptimization events (20 events):
Event: 1.425 Thread 0x000002327fad3bf0 Uncommon trap: trap_request=0xffffff45 fr.pc=0x000002320c4fbb5c relative=0x000000000000089c
Event: 1.425 Thread 0x000002327fad3bf0 Uncommon trap: reason=unstable_if action=reinterpret pc=0x000002320c4fbb5c method=org.eclipse.jdt.launching.internal.org.objectweb.asm.ClassReader.readUtf(II[C)Ljava/lang/String; @ 41 c2
Event: 1.425 Thread 0x000002327fad3bf0 DEOPT PACKING pc=0x000002320c4fbb5c sp=0x000000a814efa3d0
Event: 1.425 Thread 0x000002327fad3bf0 DEOPT UNPACKING pc=0x0000023204a523a3 sp=0x000000a814efa3b8 mode 2
Event: 1.425 Thread 0x000002327fad3bf0 Uncommon trap: trap_request=0xffffff45 fr.pc=0x000002320c5394c8 relative=0x00000000000005a8
Event: 1.425 Thread 0x000002327fad3bf0 Uncommon trap: reason=unstable_if action=reinterpret pc=0x000002320c5394c8 method=java.lang.String.hashCode()I @ 20 c2
Event: 1.425 Thread 0x000002327fad3bf0 DEOPT PACKING pc=0x000002320c5394c8 sp=0x000000a814efa480
Event: 1.425 Thread 0x000002327fad3bf0 DEOPT UNPACKING pc=0x0000023204a523a3 sp=0x000000a814efa360 mode 2
Event: 1.425 Thread 0x000002327fad3bf0 Uncommon trap: trap_request=0xffffff45 fr.pc=0x000002320c4d829c relative=0x000000000000019c
Event: 1.425 Thread 0x000002327fad3bf0 Uncommon trap: reason=unstable_if action=reinterpret pc=0x000002320c4d829c method=java.lang.String.isLatin1()Z @ 10 c2
Event: 1.425 Thread 0x000002327fad3bf0 DEOPT PACKING pc=0x000002320c4d829c sp=0x000000a814efa3d0
Event: 1.425 Thread 0x000002327fad3bf0 DEOPT UNPACKING pc=0x0000023204a523a3 sp=0x000000a814efa300 mode 2
Event: 1.425 Thread 0x000002327fad3bf0 Uncommon trap: trap_request=0xffffff45 fr.pc=0x000002320c4dabe0 relative=0x0000000000000060
Event: 1.425 Thread 0x000002327fad3bf0 Uncommon trap: reason=unstable_if action=reinterpret pc=0x000002320c4dabe0 method=java.lang.String.isLatin1()Z @ 10 c2
Event: 1.425 Thread 0x000002327fad3bf0 DEOPT PACKING pc=0x000002320c4dabe0 sp=0x000000a814efa350
Event: 1.425 Thread 0x000002327fad3bf0 DEOPT UNPACKING pc=0x0000023204a523a3 sp=0x000000a814efa2f0 mode 2
Event: 1.426 Thread 0x000002327fad3bf0 Uncommon trap: trap_request=0xffffff45 fr.pc=0x000002320c4e4848 relative=0x0000000000000048
Event: 1.426 Thread 0x000002327fad3bf0 Uncommon trap: reason=unstable_if action=reinterpret pc=0x000002320c4e4848 method=java.lang.CharacterData.of(I)Ljava/lang/CharacterData; @ 4 c2
Event: 1.426 Thread 0x000002327fad3bf0 DEOPT PACKING pc=0x000002320c4e4848 sp=0x000000a814efbde0
Event: 1.426 Thread 0x000002327fad3bf0 DEOPT UNPACKING pc=0x0000023204a523a3 sp=0x000000a814efbd80 mode 2

Classes unloaded (0 events):
No events

Classes redefined (1 events):
Event: 309.074 Thread 0x000002321f420a10 redefined class name=telran.util.ArrayList, count=1

Internal exceptions (20 events):
Event: 1.067 Thread 0x000002327fad3bf0 Exception <a 'java/lang/IncompatibleClassChangeError'{0x000000072feae820}: Found class java.lang.Object, but interface was expected> (0x000000072feae820) 
thrown [s\src\hotspot\share\interpreter\linkResolver.cpp, line 826]
Event: 1.085 Thread 0x000002327fad3bf0 Exception <a 'java/lang/IncompatibleClassChangeError'{0x000000072ff83740}: Found class java.lang.Object, but interface was expected> (0x000000072ff83740) 
thrown [s\src\hotspot\share\interpreter\linkResolver.cpp, line 826]
Event: 1.091 Thread 0x000002327fad3bf0 Exception <a 'java/lang/NoSuchMethodError'{0x000000072ffabec8}: 'java.lang.Object java.lang.invoke.DirectMethodHandle$Holder.invokeStatic(java.lang.Object, java.lang.Object, int)'> (0x000000072ffabec8) 
thrown [s\src\hotspot\share\interpreter\linkResolver.cpp, line 759]
Event: 1.105 Thread 0x000002327fad3bf0 Exception <a 'java/lang/NoSuchMethodError'{0x000000072fc21038}: 'void java.lang.invoke.DirectMethodHandle$Holder.invokeSpecial(java.lang.Object, java.lang.Object, java.lang.Object, java.lang.Object, java.lang.Object)'> (0x000000072fc21038) 
thrown [s\src\hotspot\share\interpreter\linkResolver.cpp, line 759]
Event: 1.207 Thread 0x000002327fad3bf0 Exception <a 'java/lang/NoSuchMethodError'{0x000000072f8ed120}: 'java.lang.Object java.lang.invoke.DirectMethodHandle$Holder.newInvokeSpecial(java.lang.Object, java.lang.Object, int)'> (0x000000072f8ed120) 
thrown [s\src\hotspot\share\interpreter\linkResolver.cpp, line 759]
Event: 1.222 Thread 0x000002327fad3bf0 Exception <a 'java/lang/NoSuchMethodError'{0x000000072f96ae30}: 'void java.lang.invoke.DirectMethodHandle$Holder.invokeInterface(java.lang.Object, java.lang.Object, java.lang.Object, java.lang.Object)'> (0x000000072f96ae30) 
thrown [s\src\hotspot\share\interpreter\linkResolver.cpp, line 759]
Event: 1.223 Thread 0x000002327fad3bf0 Exception <a 'java/lang/IncompatibleClassChangeError'{0x000000072f96e758}: Found class java.lang.Object, but interface was expected> (0x000000072f96e758) 
thrown [s\src\hotspot\share\interpreter\linkResolver.cpp, line 826]
Event: 1.231 Thread 0x000002327fad3bf0 Exception <a 'java/lang/NoSuchMethodError'{0x000000072f9beb98}: 'void java.lang.invoke.DirectMethodHandle$Holder.invokeStatic(java.lang.Object, java.lang.Object, java.lang.Object, java.lang.Object)'> (0x000000072f9beb98) 
thrown [s\src\hotspot\share\interpreter\linkResolver.cpp, line 759]
Event: 1.247 Thread 0x000002327fad3bf0 Exception <a 'java/lang/NoSuchMethodError'{0x000000072f68c2f8}: 'int java.lang.invoke.DirectMethodHandle$Holder.invokeStatic(java.lang.Object, java.lang.Object, java.lang.Object, java.lang.Object)'> (0x000000072f68c2f8) 
thrown [s\src\hotspot\share\interpreter\linkResolver.cpp, line 759]
Event: 1.248 Thread 0x000002327fad3bf0 Exception <a 'java/lang/NoSuchMethodError'{0x000000072f68fc78}: 'java.lang.Object java.lang.invoke.Invokers$Holder.invokeExact_MT(java.lang.Object, java.lang.Object, java.lang.Object, java.lang.Object, java.lang.Object, java.lang.Object)'> (0x000000072f68fc78) 
thrown [s\src\hotspot\share\interpreter\linkResolver.cpp, line 759]
Event: 1.250 Thread 0x000002327fad3bf0 Exception <a 'java/lang/NoSuchMethodError'{0x000000072f6a0310}: 'int java.lang.invoke.DirectMethodHandle$Holder.invokeStatic(java.lang.Object, java.lang.Object, java.lang.Object, java.lang.Object, java.lang.Object)'> (0x000000072f6a0310) 
thrown [s\src\hotspot\share\interpreter\linkResolver.cpp, line 759]
Event: 1.267 Thread 0x000002327fad3bf0 Exception <a 'java/lang/NoSuchMethodError'{0x000000072f72fae0}: 'void java.lang.invoke.DirectMethodHandle$Holder.invokeStaticInit(java.lang.Object)'> (0x000000072f72fae0) 
thrown [s\src\hotspot\share\interpreter\linkResolver.cpp, line 759]
Event: 1.313 Thread 0x000002327fad3bf0 Exception <a 'java/lang/NoSuchMethodError'{0x000000072f5cf610}: 'int java.lang.invoke.DirectMethodHandle$Holder.invokeStaticInit(java.lang.Object, java.lang.Object)'> (0x000000072f5cf610) 
thrown [s\src\hotspot\share\interpreter\linkResolver.cpp, line 759]
Event: 1.324 Thread 0x000002327fad3bf0 Exception <a 'java/lang/NoSuchMethodError'{0x000000072f214cd0}: 'int java.lang.invoke.DirectMethodHandle$Holder.invokeInterface(java.lang.Object, java.lang.Object)'> (0x000000072f214cd0) 
thrown [s\src\hotspot\share\interpreter\linkResolver.cpp, line 759]
Event: 1.361 Thread 0x000002327fad3bf0 Exception <a 'java/lang/NoSuchMethodError'{0x000000072f33b5d8}: 'java.lang.Object java.lang.invoke.DirectMethodHandle$Holder.newInvokeSpecial(java.lang.Object, java.lang.Object, java.lang.Object, java.lang.Object, java.lang.Object, java.lang.Object, java.lang.Object)'> (0x000000072f33b5d8) 
thrown [s\src\hotspot\share\interpreter\linkResolver.cpp, line 759]
Event: 1.362 Thread 0x000002327fad3bf0 Exception <a 'java/lang/NoSuchMethodError'{0x000000072f340190}: 'java.lang.Object java.lang.invoke.Invokers$Holder.linkToTargetMethod(java.lang.Object, java.lang.Object, java.lang.Object, java.lang.Object, java.lang.Object, java.lang.Object, java.lang.Object)'> (0x000000072f340190) 
thrown [s\src\hotspot\share\interpreter\linkResolver.cpp, line 759]
Event: 1.365 Thread 0x000002327fad3bf0 Exception <a 'java/lang/NoSuchMethodError'{0x000000072f355c20}: 'java.lang.Object java.lang.invoke.DirectMethodHandle$Holder.invokeInterface(java.lang.Object, java.lang.Object, java.lang.Object, java.lang.Object, java.lang.Object)'> (0x000000072f355c20) 
thrown [s\src\hotspot\share\interpreter\linkResolver.cpp, line 759]
Event: 1.365 Thread 0x000002327fad3bf0 Exception <a 'java/lang/IncompatibleClassChangeError'{0x000000072f359a18}: Found class java.lang.Object, but interface was expected> (0x000000072f359a18) 
thrown [s\src\hotspot\share\interpreter\linkResolver.cpp, line 826]
Event: 1.372 Thread 0x000002327fad3bf0 Exception <a 'java/lang/NoSuchMethodError'{0x000000072f3b91e8}: 'int java.lang.invoke.DirectMethodHandle$Holder.invokeVirtual(java.lang.Object, java.lang.Object, java.lang.Object, java.lang.Object)'> (0x000000072f3b91e8) 
thrown [s\src\hotspot\share\interpreter\linkResolver.cpp, line 759]
Event: 1.379 Thread 0x000002327fad3bf0 Exception <a 'java/lang/IncompatibleClassChangeError'{0x000000072f3e2ae8}: Found class java.lang.Object, but interface was expected> (0x000000072f3e2ae8) 
thrown [s\src\hotspot\share\interpreter\linkResolver.cpp, line 826]

VM Operations (20 events):
Event: 244.402 Executing VM operation: get/set locals
Event: 244.402 Executing VM operation: get/set locals done
Event: 245.994 Executing VM operation: get/set locals
Event: 245.994 Executing VM operation: get/set locals done
Event: 245.996 Executing VM operation: get/set locals
Event: 245.996 Executing VM operation: get/set locals done
Event: 245.996 Executing VM operation: get/set locals
Event: 245.996 Executing VM operation: get/set locals done
Event: 245.996 Executing VM operation: get/set locals
Event: 245.996 Executing VM operation: get/set locals done
Event: 245.997 Executing VM operation: get/set locals
Event: 245.997 Executing VM operation: get/set locals done
Event: 245.997 Executing VM operation: get/set locals
Event: 245.997 Executing VM operation: get/set locals done
Event: 245.997 Executing VM operation: get/set locals
Event: 245.997 Executing VM operation: get/set locals done
Event: 309.069 Executing VM operation: RedefineClasses
Event: 309.086 Executing VM operation: RedefineClasses done
Event: 309.128 Executing VM operation: ChangeBreakpoints
Event: 309.130 Executing VM operation: ChangeBreakpoints done

Events (20 events):
Event: 1.350 loading class java/util/stream/SpinedBuffer done
Event: 1.350 loading class java/util/function/BooleanSupplier
Event: 1.350 loading class java/util/function/BooleanSupplier done
Event: 1.353 loading class java/time/temporal/TemporalUnit
Event: 1.354 loading class java/time/temporal/TemporalUnit done
Event: 1.370 loading class java/util/ArrayList$ListItr
Event: 1.370 loading class java/util/ArrayList$ListItr done
Event: 1.387 loading class java/util/stream/SortedOps$RefSortingSink
Event: 1.387 loading class java/util/stream/SortedOps$RefSortingSink done
Event: 1.395 loading class sun/nio/ch/IOStatus
Event: 1.395 loading class sun/nio/ch/IOStatus done
Event: 1.425 loading class java/time/format/DateTimeParseException
Event: 1.425 loading class java/time/DateTimeException
Event: 1.426 loading class java/time/DateTimeException done
Event: 1.426 loading class java/time/format/DateTimeParseException done
Event: 1.426 loading class java/lang/CharacterData00
Event: 1.427 loading class java/lang/CharacterData00 done
Event: 1.430 loading class java/util/concurrent/atomic/AtomicReference
Event: 1.430 loading class java/util/concurrent/atomic/AtomicReference done
Event: 6.478 Thread 0x000002321fd761b0 Thread exited: 0x000002321fd761b0


Dynamic libraries:
0x00007ff664ef0000 - 0x00007ff664efe000 	C:\Users\Kirill\.p2\pool\plugins\org.eclipse.justj.openjdk.hotspot.jre.full.win32.x86_64_17.0.4.v20221004-1257\jre\bin\javaw.exe
0x00007ffd80930000 - 0x00007ffd80b28000 	C:\Windows\SYSTEM32\ntdll.dll
0x00007ffd7fd90000 - 0x00007ffd7fe4f000 	C:\Windows\System32\KERNEL32.DLL
0x00007ffd7e3b0000 - 0x00007ffd7e682000 	C:\Windows\System32\KERNELBASE.dll
0x00007ffd7e840000 - 0x00007ffd7e940000 	C:\Windows\System32\ucrtbase.dll
0x00007ffd7b070000 - 0x00007ffd7b089000 	C:\Users\Kirill\.p2\pool\plugins\org.eclipse.justj.openjdk.hotspot.jre.full.win32.x86_64_17.0.4.v20221004-1257\jre\bin\VCRUNTIME140.dll
0x00007ffd7b050000 - 0x00007ffd7b068000 	C:\Users\Kirill\.p2\pool\plugins\org.eclipse.justj.openjdk.hotspot.jre.full.win32.x86_64_17.0.4.v20221004-1257\jre\bin\jli.dll
0x00007ffd7f9c0000 - 0x00007ffd7fb61000 	C:\Windows\System32\USER32.dll
0x00007ffd695c0000 - 0x00007ffd6985a000 	C:\Windows\WinSxS\amd64_microsoft.windows.common-controls_6595b64144ccf1df_6.0.19041.1110_none_60b5254171f9507e\COMCTL32.dll
0x00007ffd7e940000 - 0x00007ffd7e962000 	C:\Windows\System32\win32u.dll
0x00007ffd7f800000 - 0x00007ffd7f89e000 	C:\Windows\System32\msvcrt.dll
0x00007ffd7eae0000 - 0x00007ffd7eb0b000 	C:\Windows\System32\GDI32.dll
0x00007ffd7e730000 - 0x00007ffd7e83f000 	C:\Windows\System32\gdi32full.dll
0x00007ffd7e260000 - 0x00007ffd7e2fd000 	C:\Windows\System32\msvcp_win.dll
0x00007ffd808b0000 - 0x00007ffd808e2000 	C:\Windows\System32\IMM32.DLL
0x00007ffd7b040000 - 0x00007ffd7b04c000 	C:\Users\Kirill\.p2\pool\plugins\org.eclipse.justj.openjdk.hotspot.jre.full.win32.x86_64_17.0.4.v20221004-1257\jre\bin\vcruntime140_1.dll
0x00007ffd77160000 - 0x00007ffd771f1000 	C:\Users\Kirill\.p2\pool\plugins\org.eclipse.justj.openjdk.hotspot.jre.full.win32.x86_64_17.0.4.v20221004-1257\jre\bin\msvcp140.dll
0x00007ffd45e50000 - 0x00007ffd46a96000 	C:\Users\Kirill\.p2\pool\plugins\org.eclipse.justj.openjdk.hotspot.jre.full.win32.x86_64_17.0.4.v20221004-1257\jre\bin\server\jvm.dll
0x00007ffd7f3a0000 - 0x00007ffd7f44e000 	C:\Windows\System32\ADVAPI32.dll
0x00007ffd7ea40000 - 0x00007ffd7eadc000 	C:\Windows\System32\sechost.dll
0x00007ffd7fbe0000 - 0x00007ffd7fd05000 	C:\Windows\System32\RPCRT4.dll
0x00007ffd807f0000 - 0x00007ffd807f8000 	C:\Windows\System32\PSAPI.DLL
0x00007ffd7b120000 - 0x00007ffd7b129000 	C:\Windows\SYSTEM32\WSOCK32.dll
0x00007ffd73cc0000 - 0x00007ffd73ce7000 	C:\Windows\SYSTEM32\WINMM.dll
0x00007ffd80780000 - 0x00007ffd807eb000 	C:\Windows\System32\WS2_32.dll
0x00007ffd73cf0000 - 0x00007ffd73cfa000 	C:\Windows\SYSTEM32\VERSION.dll
0x00007ffd7bea0000 - 0x00007ffd7beb2000 	C:\Windows\SYSTEM32\kernel.appcore.dll
0x00007ffd78f60000 - 0x00007ffd78f6a000 	C:\Users\Kirill\.p2\pool\plugins\org.eclipse.justj.openjdk.hotspot.jre.full.win32.x86_64_17.0.4.v20221004-1257\jre\bin\jimage.dll
0x00007ffd73f50000 - 0x00007ffd74134000 	C:\Windows\SYSTEM32\DBGHELP.DLL
0x00007ffd6a820000 - 0x00007ffd6a855000 	C:\Windows\SYSTEM32\dbgcore.DLL
0x00007ffd7e020000 - 0x00007ffd7e0a2000 	C:\Windows\System32\bcryptPrimitives.dll
0x00007ffd79ac0000 - 0x00007ffd79afb000 	C:\Users\Kirill\.p2\pool\plugins\org.eclipse.justj.openjdk.hotspot.jre.full.win32.x86_64_17.0.4.v20221004-1257\jre\bin\jdwp.dll
0x00007ffd7b030000 - 0x00007ffd7b03e000 	C:\Users\Kirill\.p2\pool\plugins\org.eclipse.justj.openjdk.hotspot.jre.full.win32.x86_64_17.0.4.v20221004-1257\jre\bin\instrument.dll
0x00007ffd78e40000 - 0x00007ffd78e65000 	C:\Users\Kirill\.p2\pool\plugins\org.eclipse.justj.openjdk.hotspot.jre.full.win32.x86_64_17.0.4.v20221004-1257\jre\bin\java.dll
0x00007ffd77800000 - 0x00007ffd77818000 	C:\Users\Kirill\.p2\pool\plugins\org.eclipse.justj.openjdk.hotspot.jre.full.win32.x86_64_17.0.4.v20221004-1257\jre\bin\zip.dll
0x00007ffd80030000 - 0x00007ffd80774000 	C:\Windows\System32\SHELL32.dll
0x00007ffd7c0a0000 - 0x00007ffd7c832000 	C:\Windows\SYSTEM32\windows.storage.dll
0x00007ffd7eb10000 - 0x00007ffd7ee65000 	C:\Windows\System32\combase.dll
0x00007ffd7d8c0000 - 0x00007ffd7d8f0000 	C:\Windows\SYSTEM32\Wldp.dll
0x00007ffd80800000 - 0x00007ffd808ad000 	C:\Windows\System32\SHCORE.dll
0x00007ffd7fb70000 - 0x00007ffd7fbc5000 	C:\Windows\System32\shlwapi.dll
0x00007ffd7df60000 - 0x00007ffd7df7f000 	C:\Windows\SYSTEM32\profapi.dll
0x00007ffd7afc0000 - 0x00007ffd7afcc000 	C:\Users\Kirill\.p2\pool\plugins\org.eclipse.justj.openjdk.hotspot.jre.full.win32.x86_64_17.0.4.v20221004-1257\jre\bin\dt_socket.dll
0x00007ffd7d3b0000 - 0x00007ffd7d3eb000 	C:\Windows\SYSTEM32\IPHLPAPI.DLL
0x00007ffd7d6a0000 - 0x00007ffd7d70a000 	C:\Windows\system32\mswsock.dll
0x00007ffd7d3f0000 - 0x00007ffd7d4ba000 	C:\Windows\SYSTEM32\DNSAPI.dll
0x00007ffd7fbd0000 - 0x00007ffd7fbd8000 	C:\Windows\System32\NSI.dll
0x00007ffd70c10000 - 0x00007ffd70c1a000 	C:\Windows\System32\rasadhlp.dll
0x00007ffd76460000 - 0x00007ffd764e0000 	C:\Windows\System32\fwpuclnt.dll
0x00007ffd7e690000 - 0x00007ffd7e6b7000 	C:\Windows\System32\bcrypt.dll
0x00007ffd777e0000 - 0x00007ffd777f9000 	C:\Users\Kirill\.p2\pool\plugins\org.eclipse.justj.openjdk.hotspot.jre.full.win32.x86_64_17.0.4.v20221004-1257\jre\bin\net.dll
0x00007ffd76740000 - 0x00007ffd7684c000 	C:\Windows\SYSTEM32\WINHTTP.dll
0x00007ffd777c0000 - 0x00007ffd777d5000 	C:\Users\Kirill\.p2\pool\plugins\org.eclipse.justj.openjdk.hotspot.jre.full.win32.x86_64_17.0.4.v20221004-1257\jre\bin\nio.dll
0x00007ffd777b0000 - 0x00007ffd777c0000 	C:\Users\Kirill\.p2\pool\plugins\org.eclipse.justj.openjdk.hotspot.jre.full.win32.x86_64_17.0.4.v20221004-1257\jre\bin\verify.dll
0x00007ffd77580000 - 0x00007ffd77597000 	C:\Windows\SYSTEM32\dhcpcsvc6.DLL
0x00007ffd77560000 - 0x00007ffd7757d000 	C:\Windows\SYSTEM32\dhcpcsvc.DLL

dbghelp: loaded successfully - version: 4.0.5 - missing functions: none
symbol engine: initialized successfully - sym options: 0x614 - pdb path: .;C:\Users\Kirill\.p2\pool\plugins\org.eclipse.justj.openjdk.hotspot.jre.full.win32.x86_64_17.0.4.v20221004-1257\jre\bin;C:\Windows\SYSTEM32;C:\Windows\WinSxS\amd64_microsoft.windows.common-controls_6595b64144ccf1df_6.0.19041.1110_none_60b5254171f9507e;C:\Users\Kirill\.p2\pool\plugins\org.eclipse.justj.openjdk.hotspot.jre.full.win32.x86_64_17.0.4.v20221004-1257\jre\bin\server

VM Arguments:
jvm_args: -XX:+ShowCodeDetailsInExceptionMessages -agentlib:jdwp=transport=dt_socket,suspend=y,address=localhost:53156 -ea -javaagent:D:\Eclipse\eclipse\configuration\org.eclipse.osgi\421\0\.cp\lib\javaagent-shaded.jar -Dfile.encoding=UTF-8 
java_command: org.eclipse.jdt.internal.junit.runner.RemoteTestRunner -version 3 -port 53155 -testLoaderClass org.eclipse.jdt.internal.junit5.runner.JUnit5TestLoader -loaderpluginname org.eclipse.jdt.junit5.runtime -classNames telran.util.tests.MyArraysTest
java_class_path (initial): D:\Tel_Ran\oop-introduction\bin;C:\Users\Kirill\.p2\pool\plugins\junit-jupiter-api_5.9.0.jar;C:\Users\Kirill\.p2\pool\plugins\junit-jupiter-engine_5.9.0.jar;C:\Users\Kirill\.p2\pool\plugins\junit-jupiter-migrationsupport_5.9.0.jar;C:\Users\Kirill\.p2\pool\plugins\junit-jupiter-params_5.9.0.jar;C:\Users\Kirill\.p2\pool\plugins\junit-platform-commons_1.9.0.jar;C:\Users\Kirill\.p2\pool\plugins\junit-platform-engine_1.9.0.jar;C:\Users\Kirill\.p2\pool\plugins\junit-platform-launcher_1.9.0.jar;C:\Users\Kirill\.p2\pool\plugins\junit-platform-runner_1.9.0.jar;C:\Users\Kirill\.p2\pool\plugins\junit-platform-suite-api_1.9.0.jar;C:\Users\Kirill\.p2\pool\plugins\junit-platform-suite-engine_1.9.0.jar;C:\Users\Kirill\.p2\pool\plugins\junit-platform-suite-commons_1.9.0.jar;C:\Users\Kirill\.p2\pool\plugins\junit-vintage-engine_5.9.0.jar;C:\Users\Kirill\.p2\pool\plugins\org.opentest4j_1.2.0.jar;C:\Users\Kirill\.p2\pool\plugins\org.apiguardian.api_1.1.2.jar;C:\Users\Kirill\.p2\pool\plugins\org.junit_4.13.2.v20211018-1956.jar;C:\Users\Kirill\.p2\pool\plugins\org.hamcrest.core_1.3.0.v20180420-1519.jar;D:\Eclipse\eclipse\configuration\org.eclipse.osgi\420\0\.cp;D:\Eclipse\eclipse\configuration\org.eclipse.osgi\418\0\.cp
Launcher Type: SUN_STANDARD

[Global flags]
     intx CICompilerCount                          = 4                                         {product} {ergonomic}
     uint ConcGCThreads                            = 3                                         {product} {ergonomic}
     uint G1ConcRefinementThreads                  = 10                                        {product} {ergonomic}
   size_t G1HeapRegionSize                         = 2097152                                   {product} {ergonomic}
    uintx GCDrainStackTargetSize                   = 64                                        {product} {ergonomic}
   size_t InitialHeapSize                          = 232783872                                 {product} {ergonomic}
   size_t MarkStackSize                            = 4194304                                   {product} {ergonomic}
   size_t MaxHeapSize                              = 3722444800                                {product} {ergonomic}
   size_t MaxNewSize                               = 2233466880                                {product} {ergonomic}
   size_t MinHeapDeltaBytes                        = 2097152                                   {product} {ergonomic}
   size_t MinHeapSize                              = 8388608                                   {product} {ergonomic}
    uintx NonNMethodCodeHeapSize                   = 5839372                                {pd product} {ergonomic}
    uintx NonProfiledCodeHeapSize                  = 122909434                              {pd product} {ergonomic}
    uintx ProfiledCodeHeapSize                     = 122909434                              {pd product} {ergonomic}
    uintx ReservedCodeCacheSize                    = 251658240                              {pd product} {ergonomic}
     bool SegmentedCodeCache                       = true                                      {product} {ergonomic}
     bool ShowCodeDetailsInExceptionMessages       = true                                   {manageable} {command line}
   size_t SoftMaxHeapSize                          = 3722444800                             {manageable} {ergonomic}
     bool UseCompressedClassPointers               = true                           {product lp64_product} {ergonomic}
     bool UseCompressedOops                        = true                           {product lp64_product} {ergonomic}
     bool UseG1GC                                  = true                                      {product} {ergonomic}
     bool UseLargePagesIndividualAllocation        = false                                  {pd product} {ergonomic}

Logging:
Log output configuration:
 #0: stdout all=warning uptime,level,tags
 #1: stderr all=off uptime,level,tags

Environment Variables:
PATH=C:\Users\Kirill\.p2\pool\plugins\org.eclipse.justj.openjdk.hotspot.jre.full.win32.x86_64_17.0.4.v20221004-1257\jre\bin;C:/Users/Kirill/.p2/pool/plugins/org.eclipse.justj.openjdk.hotspot.jre.full.win32.x86_64_17.0.4.v20221004-1257/jre/bin/server;C:/Users/Kirill/.p2/pool/plugins/org.eclipse.justj.openjdk.hotspot.jre.full.win32.x86_64_17.0.4.v20221004-1257/jre/bin;C:\Program Files\Common Files\Oracle\Java\javapath;C:\Windows\system32;C:\Windows;C:\Windows\System32\Wbem;C:\Windows\System32\WindowsPowerShell\v1.0\;C:\Windows\System32\OpenSSH\;C:\Program Files\nodejs\;C:\Program Files\Git\cmd;C:\Users\Kirill\AppData\Local\Microsoft\WindowsApps;;C:\Users\Kirill\AppData\Local\Programs\Microsoft VS Code\bin;C:\Users\Kirill\AppData\Roaming\npm;C:\Users\Kirill\Desktop;
USERNAME=Kirill
OS=Windows_NT
PROCESSOR_IDENTIFIER=AMD64 Family 23 Model 104 Stepping 1, AuthenticAMD
TMP=C:\Users\Kirill\AppData\Local\Temp
TEMP=C:\Users\Kirill\AppData\Local\Temp



---------------  S Y S T E M  ---------------

OS:
 Windows 10 , 64 bit Build 19041 (10.0.19041.2364)
OS uptime: 7 days 0:55 hours
Hyper-V role detected

CPU: total 12 (initial active 12) (12 cores per cpu, 2 threads per core) family 23 model 104 stepping 1 microcode 0x0, cx8, cmov, fxsr, ht, mmx, 3dnowpref, sse, sse2, sse3, ssse3, sse4a, sse4.1, sse4.2, popcnt, lzcnt, tsc, tscinvbit, avx, avx2, aes, clmul, bmi1, bmi2, adx, sha, fma, vzeroupper, clflush, clflushopt, hv

Memory: 4k page, system-wide physical 14197M (8302M free)
TotalPageFile size 16373M (AvailPageFile size 7967M)
current process WorkingSet (physical memory assigned to process): 78M, peak: 86M
current process commit charge ("private bytes"): 325M, peak: 330M

vm_info: OpenJDK 64-Bit Server VM (17.0.4.1+1) for windows-amd64 JRE (17.0.4.1+1), built on Aug 17 2022 07:42:43 by "temurin" with MS VC++ 16.7 (VS2019)

END.
